rm: cannot remove '/home/ggml/results/ggml/52/0ddb267f81d7b21ecd1790c7d9aaacbb9f96cd/ggml-4-x86-cuda-v100/*.log': No such file or directory
rm: cannot remove '/home/ggml/results/ggml/52/0ddb267f81d7b21ecd1790c7d9aaacbb9f96cd/ggml-4-x86-cuda-v100/*.exit': No such file or directory
rm: cannot remove '/home/ggml/results/ggml/52/0ddb267f81d7b21ecd1790c7d9aaacbb9f96cd/ggml-4-x86-cuda-v100/*.md': No such file or directory
Defaulting to user installation because normal site-packages is not writeable
Requirement already satisfied: accelerate==0.19.0 in /home/ggml/.local/lib/python3.10/site-packages (from -r /home/ggml/work/ggml/requirements.txt (line 1)) (0.19.0)
Requirement already satisfied: numpy>=1.24.4 in /home/ggml/.local/lib/python3.10/site-packages (from -r /home/ggml/work/ggml/requirements.txt (line 2)) (1.24.4)
Requirement already satisfied: sentencepiece~=0.1.98 in /home/ggml/.local/lib/python3.10/site-packages (from -r /home/ggml/work/ggml/requirements.txt (line 3)) (0.1.98)
Requirement already satisfied: torch==2.0.1 in /home/ggml/.local/lib/python3.10/site-packages (from -r /home/ggml/work/ggml/requirements.txt (line 4)) (2.0.1)
Requirement already satisfied: torchaudio==2.0.2 in /home/ggml/.local/lib/python3.10/site-packages (from -r /home/ggml/work/ggml/requirements.txt (line 5)) (2.0.2)
Requirement already satisfied: torchvision==0.15.2 in /home/ggml/.local/lib/python3.10/site-packages (from -r /home/ggml/work/ggml/requirements.txt (line 6)) (0.15.2)
Requirement already satisfied: transformers<5.0.0,>=4.35.2 in /home/ggml/.local/lib/python3.10/site-packages (from -r /home/ggml/work/ggml/requirements.txt (line 7)) (4.37.1)
Requirement already satisfied: gguf>=0.1.0 in /home/ggml/.local/lib/python3.10/site-packages (from -r /home/ggml/work/ggml/requirements.txt (line 8)) (0.7.0)
Requirement already satisfied: tensorflow==2.15.0 in /home/ggml/.local/lib/python3.10/site-packages (from -r /home/ggml/work/ggml/requirements.txt (line 9)) (2.15.0)
Requirement already satisfied: keras==2.15.0 in /home/ggml/.local/lib/python3.10/site-packages (from -r /home/ggml/work/ggml/requirements.txt (line 10)) (2.15.0)
Requirement already satisfied: packaging>=20.0 in /home/ggml/.local/lib/python3.10/site-packages (from accelerate==0.19.0->-r /home/ggml/work/ggml/requirements.txt (line 1)) (23.1)
Requirement already satisfied: pyyaml in /usr/lib/python3/dist-packages (from accelerate==0.19.0->-r /home/ggml/work/ggml/requirements.txt (line 1)) (5.4.1)
Requirement already satisfied: psutil in /home/ggml/.local/lib/python3.10/site-packages (from accelerate==0.19.0->-r /home/ggml/work/ggml/requirements.txt (line 1)) (5.9.5)
Requirement already satisfied: sympy in /home/ggml/.local/lib/python3.10/site-packages (from torch==2.0.1->-r /home/ggml/work/ggml/requirements.txt (line 4)) (1.12)
Requirement already satisfied: jinja2 in /usr/lib/python3/dist-packages (from torch==2.0.1->-r /home/ggml/work/ggml/requirements.txt (line 4)) (3.0.3)
Requirement already satisfied: nvidia-cuda-cupti-cu11==11.7.101 in /home/ggml/.local/lib/python3.10/site-packages (from torch==2.0.1->-r /home/ggml/work/ggml/requirements.txt (line 4)) (11.7.101)
Requirement already satisfied: nvidia-cuda-runtime-cu11==11.7.99 in /home/ggml/.local/lib/python3.10/site-packages (from torch==2.0.1->-r /home/ggml/work/ggml/requirements.txt (line 4)) (11.7.99)
Requirement already satisfied: nvidia-cudnn-cu11==8.5.0.96 in /home/ggml/.local/lib/python3.10/site-packages (from torch==2.0.1->-r /home/ggml/work/ggml/requirements.txt (line 4)) (8.5.0.96)
Requirement already satisfied: nvidia-cuda-nvrtc-cu11==11.7.99 in /home/ggml/.local/lib/python3.10/site-packages (from torch==2.0.1->-r /home/ggml/work/ggml/requirements.txt (line 4)) (11.7.99)
Requirement already satisfied: filelock in /home/ggml/.local/lib/python3.10/site-packages (from torch==2.0.1->-r /home/ggml/work/ggml/requirements.txt (line 4)) (3.12.2)
Requirement already satisfied: nvidia-cufft-cu11==10.9.0.58 in /home/ggml/.local/lib/python3.10/site-packages (from torch==2.0.1->-r /home/ggml/work/ggml/requirements.txt (line 4)) (10.9.0.58)
Requirement already satisfied: nvidia-curand-cu11==10.2.10.91 in /home/ggml/.local/lib/python3.10/site-packages (from torch==2.0.1->-r /home/ggml/work/ggml/requirements.txt (line 4)) (10.2.10.91)
Requirement already satisfied: nvidia-cusolver-cu11==11.4.0.1 in /home/ggml/.local/lib/python3.10/site-packages (from torch==2.0.1->-r /home/ggml/work/ggml/requirements.txt (line 4)) (11.4.0.1)
Requirement already satisfied: nvidia-cusparse-cu11==11.7.4.91 in /home/ggml/.local/lib/python3.10/site-packages (from torch==2.0.1->-r /home/ggml/work/ggml/requirements.txt (line 4)) (11.7.4.91)
Requirement already satisfied: nvidia-nccl-cu11==2.14.3 in /home/ggml/.local/lib/python3.10/site-packages (from torch==2.0.1->-r /home/ggml/work/ggml/requirements.txt (line 4)) (2.14.3)
Requirement already satisfied: nvidia-cublas-cu11==11.10.3.66 in /home/ggml/.local/lib/python3.10/site-packages (from torch==2.0.1->-r /home/ggml/work/ggml/requirements.txt (line 4)) (11.10.3.66)
Requirement already satisfied: nvidia-nvtx-cu11==11.7.91 in /home/ggml/.local/lib/python3.10/site-packages (from torch==2.0.1->-r /home/ggml/work/ggml/requirements.txt (line 4)) (11.7.91)
Requirement already satisfied: triton==2.0.0 in /home/ggml/.local/lib/python3.10/site-packages (from torch==2.0.1->-r /home/ggml/work/ggml/requirements.txt (line 4)) (2.0.0)
Requirement already satisfied: typing-extensions in /home/ggml/.local/lib/python3.10/site-packages (from torch==2.0.1->-r /home/ggml/work/ggml/requirements.txt (line 4)) (4.7.1)
Requirement already satisfied: networkx in /home/ggml/.local/lib/python3.10/site-packages (from torch==2.0.1->-r /home/ggml/work/ggml/requirements.txt (line 4)) (3.1)
Requirement already satisfied: pillow!=8.3.*,>=5.3.0 in /home/ggml/.local/lib/python3.10/site-packages (from torchvision==0.15.2->-r /home/ggml/work/ggml/requirements.txt (line 6)) (10.0.0)
Requirement already satisfied: requests in /home/ggml/.local/lib/python3.10/site-packages (from torchvision==0.15.2->-r /home/ggml/work/ggml/requirements.txt (line 6)) (2.31.0)
Requirement already satisfied: protobuf!=4.21.0,!=4.21.1,!=4.21.2,!=4.21.3,!=4.21.4,!=4.21.5,<5.0.0dev,>=3.20.3 in /home/ggml/.local/lib/python3.10/site-packages (from tensorflow==2.15.0->-r /home/ggml/work/ggml/requirements.txt (line 9)) (4.23.4)
Requirement already satisfied: setuptools in /usr/lib/python3/dist-packages (from tensorflow==2.15.0->-r /home/ggml/work/ggml/requirements.txt (line 9)) (59.6.0)
Requirement already satisfied: google-pasta>=0.1.1 in /home/ggml/.local/lib/python3.10/site-packages (from tensorflow==2.15.0->-r /home/ggml/work/ggml/requirements.txt (line 9)) (0.2.0)
Requirement already satisfied: h5py>=2.9.0 in /home/ggml/.local/lib/python3.10/site-packages (from tensorflow==2.15.0->-r /home/ggml/work/ggml/requirements.txt (line 9)) (3.10.0)
Requirement already satisfied: libclang>=13.0.0 in /home/ggml/.local/lib/python3.10/site-packages (from tensorflow==2.15.0->-r /home/ggml/work/ggml/requirements.txt (line 9)) (16.0.6)
Requirement already satisfied: wrapt<1.15,>=1.11.0 in /home/ggml/.local/lib/python3.10/site-packages (from tensorflow==2.15.0->-r /home/ggml/work/ggml/requirements.txt (line 9)) (1.14.1)
Requirement already satisfied: grpcio<2.0,>=1.24.3 in /home/ggml/.local/lib/python3.10/site-packages (from tensorflow==2.15.0->-r /home/ggml/work/ggml/requirements.txt (line 9)) (1.60.0)
Requirement already satisfied: termcolor>=1.1.0 in /home/ggml/.local/lib/python3.10/site-packages (from tensorflow==2.15.0->-r /home/ggml/work/ggml/requirements.txt (line 9)) (2.4.0)
Requirement already satisfied: flatbuffers>=23.5.26 in /home/ggml/.local/lib/python3.10/site-packages (from tensorflow==2.15.0->-r /home/ggml/work/ggml/requirements.txt (line 9)) (23.5.26)
Requirement already satisfied: astunparse>=1.6.0 in /home/ggml/.local/lib/python3.10/site-packages (from tensorflow==2.15.0->-r /home/ggml/work/ggml/requirements.txt (line 9)) (1.6.3)
Requirement already satisfied: ml-dtypes~=0.2.0 in /home/ggml/.local/lib/python3.10/site-packages (from tensorflow==2.15.0->-r /home/ggml/work/ggml/requirements.txt (line 9)) (0.2.0)
Requirement already satisfied: tensorflow-estimator<2.16,>=2.15.0 in /home/ggml/.local/lib/python3.10/site-packages (from tensorflow==2.15.0->-r /home/ggml/work/ggml/requirements.txt (line 9)) (2.15.0)
Requirement already satisfied: tensorflow-io-gcs-filesystem>=0.23.1 in /home/ggml/.local/lib/python3.10/site-packages (from tensorflow==2.15.0->-r /home/ggml/work/ggml/requirements.txt (line 9)) (0.35.0)
Requirement already satisfied: gast!=0.5.0,!=0.5.1,!=0.5.2,>=0.2.1 in /home/ggml/.local/lib/python3.10/site-packages (from tensorflow==2.15.0->-r /home/ggml/work/ggml/requirements.txt (line 9)) (0.5.4)
Requirement already satisfied: six>=1.12.0 in /usr/lib/python3/dist-packages (from tensorflow==2.15.0->-r /home/ggml/work/ggml/requirements.txt (line 9)) (1.16.0)
Requirement already satisfied: tensorboard<2.16,>=2.15 in /home/ggml/.local/lib/python3.10/site-packages (from tensorflow==2.15.0->-r /home/ggml/work/ggml/requirements.txt (line 9)) (2.15.1)
Requirement already satisfied: opt-einsum>=2.3.2 in /home/ggml/.local/lib/python3.10/site-packages (from tensorflow==2.15.0->-r /home/ggml/work/ggml/requirements.txt (line 9)) (3.3.0)
Requirement already satisfied: absl-py>=1.0.0 in /home/ggml/.local/lib/python3.10/site-packages (from tensorflow==2.15.0->-r /home/ggml/work/ggml/requirements.txt (line 9)) (2.1.0)
Requirement already satisfied: wheel in /usr/lib/python3/dist-packages (from nvidia-cublas-cu11==11.10.3.66->torch==2.0.1->-r /home/ggml/work/ggml/requirements.txt (line 4)) (0.37.1)
Requirement already satisfied: lit in /home/ggml/.local/lib/python3.10/site-packages (from triton==2.0.0->torch==2.0.1->-r /home/ggml/work/ggml/requirements.txt (line 4)) (16.0.6)
Requirement already satisfied: cmake in /home/ggml/.local/lib/python3.10/site-packages (from triton==2.0.0->torch==2.0.1->-r /home/ggml/work/ggml/requirements.txt (line 4)) (3.27.0)
Requirement already satisfied: tqdm>=4.27 in /home/ggml/.local/lib/python3.10/site-packages (from transformers<5.0.0,>=4.35.2->-r /home/ggml/work/ggml/requirements.txt (line 7)) (4.65.0)
Requirement already satisfied: huggingface-hub<1.0,>=0.19.3 in /home/ggml/.local/lib/python3.10/site-packages (from transformers<5.0.0,>=4.35.2->-r /home/ggml/work/ggml/requirements.txt (line 7)) (0.20.3)
Requirement already satisfied: regex!=2019.12.17 in /home/ggml/.local/lib/python3.10/site-packages (from transformers<5.0.0,>=4.35.2->-r /home/ggml/work/ggml/requirements.txt (line 7)) (2023.6.3)
Requirement already satisfied: tokenizers<0.19,>=0.14 in /home/ggml/.local/lib/python3.10/site-packages (from transformers<5.0.0,>=4.35.2->-r /home/ggml/work/ggml/requirements.txt (line 7)) (0.15.1)
Requirement already satisfied: safetensors>=0.3.1 in /home/ggml/.local/lib/python3.10/site-packages (from transformers<5.0.0,>=4.35.2->-r /home/ggml/work/ggml/requirements.txt (line 7)) (0.4.1)
Requirement already satisfied: fsspec>=2023.5.0 in /home/ggml/.local/lib/python3.10/site-packages (from huggingface-hub<1.0,>=0.19.3->transformers<5.0.0,>=4.35.2->-r /home/ggml/work/ggml/requirements.txt (line 7)) (2023.6.0)
Requirement already satisfied: google-auth-oauthlib<2,>=0.5 in /home/ggml/.local/lib/python3.10/site-packages (from tensorboard<2.16,>=2.15->tensorflow==2.15.0->-r /home/ggml/work/ggml/requirements.txt (line 9)) (1.2.0)
Requirement already satisfied: markdown>=2.6.8 in /home/ggml/.local/lib/python3.10/site-packages (from tensorboard<2.16,>=2.15->tensorflow==2.15.0->-r /home/ggml/work/ggml/requirements.txt (line 9)) (3.5.2)
Requirement already satisfied: werkzeug>=1.0.1 in /home/ggml/.local/lib/python3.10/site-packages (from tensorboard<2.16,>=2.15->tensorflow==2.15.0->-r /home/ggml/work/ggml/requirements.txt (line 9)) (3.0.1)
Requirement already satisfied: tensorboard-data-server<0.8.0,>=0.7.0 in /home/ggml/.local/lib/python3.10/site-packages (from tensorboard<2.16,>=2.15->tensorflow==2.15.0->-r /home/ggml/work/ggml/requirements.txt (line 9)) (0.7.2)
Requirement already satisfied: google-auth<3,>=1.6.3 in /home/ggml/.local/lib/python3.10/site-packages (from tensorboard<2.16,>=2.15->tensorflow==2.15.0->-r /home/ggml/work/ggml/requirements.txt (line 9)) (2.26.2)
Requirement already satisfied: certifi>=2017.4.17 in /usr/lib/python3/dist-packages (from requests->torchvision==0.15.2->-r /home/ggml/work/ggml/requirements.txt (line 6)) (2020.6.20)
Requirement already satisfied: idna<4,>=2.5 in /usr/lib/python3/dist-packages (from requests->torchvision==0.15.2->-r /home/ggml/work/ggml/requirements.txt (line 6)) (3.3)
Requirement already satisfied: charset-normalizer<4,>=2 in /home/ggml/.local/lib/python3.10/site-packages (from requests->torchvision==0.15.2->-r /home/ggml/work/ggml/requirements.txt (line 6)) (3.3.2)
Requirement already satisfied: urllib3<3,>=1.21.1 in /home/ggml/.local/lib/python3.10/site-packages (from requests->torchvision==0.15.2->-r /home/ggml/work/ggml/requirements.txt (line 6)) (2.1.0)
Requirement already satisfied: mpmath>=0.19 in /home/ggml/.local/lib/python3.10/site-packages (from sympy->torch==2.0.1->-r /home/ggml/work/ggml/requirements.txt (line 4)) (1.3.0)
Requirement already satisfied: cachetools<6.0,>=2.0.0 in /home/ggml/.local/lib/python3.10/site-packages (from google-auth<3,>=1.6.3->tensorboard<2.16,>=2.15->tensorflow==2.15.0->-r /home/ggml/work/ggml/requirements.txt (line 9)) (5.3.2)
Requirement already satisfied: pyasn1-modules>=0.2.1 in /usr/lib/python3/dist-packages (from google-auth<3,>=1.6.3->tensorboard<2.16,>=2.15->tensorflow==2.15.0->-r /home/ggml/work/ggml/requirements.txt (line 9)) (0.2.1)
Requirement already satisfied: rsa<5,>=3.1.4 in /home/ggml/.local/lib/python3.10/site-packages (from google-auth<3,>=1.6.3->tensorboard<2.16,>=2.15->tensorflow==2.15.0->-r /home/ggml/work/ggml/requirements.txt (line 9)) (4.9)
Requirement already satisfied: requests-oauthlib>=0.7.0 in /home/ggml/.local/lib/python3.10/site-packages (from google-auth-oauthlib<2,>=0.5->tensorboard<2.16,>=2.15->tensorflow==2.15.0->-r /home/ggml/work/ggml/requirements.txt (line 9)) (1.3.1)
Requirement already satisfied: MarkupSafe>=2.1.1 in /home/ggml/.local/lib/python3.10/site-packages (from werkzeug>=1.0.1->tensorboard<2.16,>=2.15->tensorflow==2.15.0->-r /home/ggml/work/ggml/requirements.txt (line 9)) (2.1.4)
Requirement already satisfied: oauthlib>=3.0.0 in /usr/lib/python3/dist-packages (from requests-oauthlib>=0.7.0->google-auth-oauthlib<2,>=0.5->tensorboard<2.16,>=2.15->tensorflow==2.15.0->-r /home/ggml/work/ggml/requirements.txt (line 9)) (3.2.0)
Requirement already satisfied: pyasn1>=0.1.3 in /usr/lib/python3/dist-packages (from rsa<5,>=3.1.4->google-auth<3,>=1.6.3->tensorboard<2.16,>=2.15->tensorflow==2.15.0->-r /home/ggml/work/ggml/requirements.txt (line 9)) (0.4.8)
+ gg_run_ctest_debug
+ cd /home/ggml/work/ggml
+ tee /home/ggml/results/ggml/52/0ddb267f81d7b21ecd1790c7d9aaacbb9f96cd/ggml-4-x86-cuda-v100/ctest_debug.log
+ rm -rf build-ci-debug
+ mkdir build-ci-debug
+ cd build-ci-debug
+ set -e
+ tee -a /home/ggml/results/ggml/52/0ddb267f81d7b21ecd1790c7d9aaacbb9f96cd/ggml-4-x86-cuda-v100/ctest_debug-cmake.log
+ cmake -DCMAKE_BUILD_TYPE=Debug -DGGML_CUBLAS=ON ..
-- The C compiler identification is GNU 11.4.0
-- The CXX compiler identification is GNU 11.4.0
-- Detecting C compiler ABI info
-- Detecting C compiler ABI info - done
-- Check for working C compiler: /usr/bin/cc - skipped
-- Detecting C compile features
-- Detecting C compile features - done
-- Detecting CXX compiler ABI info
-- Detecting CXX compiler ABI info - done
-- Check for working CXX compiler: /usr/bin/c++ - skipped
-- Detecting CXX compile features
-- Detecting CXX compile features - done
-- Found Git: /usr/bin/git (found version "2.34.1") 
-- Performing Test CMAKE_HAVE_LIBC_PTHREAD
-- Performing Test CMAKE_HAVE_LIBC_PTHREAD - Success
-- Found Threads: TRUE  
-- CMAKE_SYSTEM_PROCESSOR: x86_64
GNU ld (GNU Binutils for Ubuntu) 2.38
-- x86 detected
-- Linux detected
CMake Warning at src/CMakeLists.txt:209 (message):
  GGML_CUBLAS is deprecated and will be removed in the future.

  Use GGML_CUDA instead


-- Found CUDAToolkit: /usr/local/cuda-12.2/include (found version "12.2.140") 
-- CUDA found
-- The CUDA compiler identification is NVIDIA 12.2.140
-- Detecting CUDA compiler ABI info
-- Detecting CUDA compiler ABI info - done
-- Check for working CUDA compiler: /usr/local/cuda-12.2/bin/nvcc - skipped
-- Detecting CUDA compile features
-- Detecting CUDA compile features - done
-- GGML CUDA sources found
-- GGML Configuring CUDA architectures 52;61;70
-- x86 detected
-- Linux detected
-- Configuring done (3.1s)
-- Generating done (0.1s)
-- Build files have been written to: /home/ggml/work/ggml/build-ci-debug

real	0m3.239s
user	0m2.509s
sys	0m0.725s
+ tee -a /home/ggml/results/ggml/52/0ddb267f81d7b21ecd1790c7d9aaacbb9f96cd/ggml-4-x86-cuda-v100/ctest_debug-make.log
+ make -j
[  0%] Building CXX object examples/CMakeFiles/common.dir/common.cpp.o
[  1%] Building C object src/CMakeFiles/ggml.dir/ggml.c.o
[  1%] Building C object src/CMakeFiles/ggml.dir/ggml-alloc.c.o
[  2%] Building C object src/CMakeFiles/ggml.dir/ggml-quants.c.o
[  3%] Building CUDA object src/CMakeFiles/ggml.dir/ggml-cuda/acc.cu.o
[  4%] Building C object src/CMakeFiles/ggml.dir/ggml-backend.c.o
[  5%] Building CUDA object src/CMakeFiles/ggml.dir/ggml-cuda/alibi.cu.o
[  5%] Building CUDA object src/CMakeFiles/ggml.dir/ggml-cuda/arange.cu.o
[  6%] Building CUDA object src/CMakeFiles/ggml.dir/ggml-cuda/argsort.cu.o
[  7%] Building CUDA object src/CMakeFiles/ggml.dir/ggml-cuda/binbcast.cu.o
[  8%] Building CUDA object src/CMakeFiles/ggml.dir/ggml-cuda/clamp.cu.o
[  8%] Building CUDA object src/CMakeFiles/ggml.dir/ggml-cuda/convert.cu.o
[  9%] Building CUDA object src/CMakeFiles/ggml.dir/ggml-cuda/concat.cu.o
[ 10%] Building CUDA object src/CMakeFiles/ggml.dir/ggml-cuda/cpy.cu.o
[ 11%] Building CUDA object src/CMakeFiles/ggml.dir/ggml-cuda/diagmask.cu.o
[ 12%] Building CUDA object src/CMakeFiles/ggml.dir/ggml-cuda/dmmv.cu.o
[ 13%] Building CUDA object src/CMakeFiles/ggml.dir/ggml-cuda/getrows.cu.o
[ 13%] Building CUDA object src/CMakeFiles/ggml.dir/ggml-cuda/im2col.cu.o
[ 14%] Building CUDA object src/CMakeFiles/ggml.dir/ggml-cuda/mmq.cu.o
[ 15%] Building CUDA object src/CMakeFiles/ggml.dir/ggml-cuda/mmvq.cu.o
[ 16%] Building CUDA object src/CMakeFiles/ggml.dir/ggml-cuda/norm.cu.o
[ 17%] Building CUDA object src/CMakeFiles/ggml.dir/ggml-cuda/pad.cu.o
[ 17%] Building CUDA object src/CMakeFiles/ggml.dir/ggml-cuda/pool2d.cu.o
[ 18%] Building CUDA object src/CMakeFiles/ggml.dir/ggml-cuda/quantize.cu.o
[ 19%] Building CUDA object src/CMakeFiles/ggml.dir/ggml-cuda/rope.cu.o
[ 20%] Building CUDA object src/CMakeFiles/ggml.dir/ggml-cuda/scale.cu.o
[ 21%] Building CUDA object src/CMakeFiles/ggml.dir/ggml-cuda/softmax.cu.o
[ 21%] Building CUDA object src/CMakeFiles/ggml.dir/ggml-cuda/sumrows.cu.o
[ 22%] Building CUDA object src/CMakeFiles/ggml.dir/ggml-cuda/tsembd.cu.o
[ 23%] Building CUDA object src/CMakeFiles/ggml.dir/ggml-cuda/unary.cu.o
[ 24%] Building CUDA object src/CMakeFiles/ggml.dir/ggml-cuda/upscale.cu.o
[ 25%] Building CUDA object src/CMakeFiles/ggml.dir/ggml-cuda.cu.o
[ 26%] Linking CXX static library libcommon.a
[ 26%] Built target common
[ 26%] Linking CUDA shared library libggml.so
[ 26%] Built target ggml
[ 27%] Building C object tests/CMakeFiles/test-vec0.dir/test-vec0.c.o
[ 28%] Building C object tests/CMakeFiles/test-vec1.dir/test-vec1.c.o
[ 29%] Building CXX object tests/CMakeFiles/test-grad0.dir/test-grad0.cpp.o
[ 30%] Building CXX object tests/CMakeFiles/test-quantize-fns.dir/test-quantize-fns.cpp.o
[ 30%] Building CXX object tests/CMakeFiles/test-opt.dir/test-opt.cpp.o
[ 31%] Building CXX object tests/CMakeFiles/test-quantize-perf.dir/test-quantize-perf.cpp.o
[ 32%] Building C object tests/CMakeFiles/test-mul-mat2.dir/test-mul-mat2.c.o
[ 33%] Building C object tests/CMakeFiles/test-mul-mat0.dir/test-mul-mat0.c.o
[ 34%] Building C object tests/CMakeFiles/test0.dir/test0.c.o
[ 34%] Building C object tests/CMakeFiles/test1.dir/test1.c.o
[ 35%] Building C object tests/CMakeFiles/test2.dir/test2.c.o
[ 36%] Building C object tests/CMakeFiles/test3.dir/test3.c.o
[ 37%] Linking C executable ../bin/test-vec0
[ 38%] Building CXX object tests/CMakeFiles/test-arange.dir/test-arange.cpp.o
[ 39%] Building C object tests/CMakeFiles/test-pool.dir/test-pool.c.o
[ 39%] Building CXX object tests/CMakeFiles/test-timestep_embedding.dir/test-timestep_embedding.cpp.o
[ 39%] Building C object tests/CMakeFiles/test-dup.dir/test-dup.c.o
[ 40%] Building CXX object tests/CMakeFiles/test-conv2d.dir/test-conv2d.cpp.o
[ 41%] Building C object tests/CMakeFiles/test-conv-transpose.dir/test-conv-transpose.c.o
[ 42%] Building C object tests/CMakeFiles/test-rel-pos.dir/test-rel-pos.c.o
[ 43%] Building C object tests/CMakeFiles/test-customop.dir/test-customop.c.o
[ 44%] Building CXX object tests/CMakeFiles/test-conv1d.dir/test-conv1d.cpp.o
[ 45%] Building C object tests/CMakeFiles/test-xpos.dir/test-xpos.c.o
[ 46%] Building CXX object tests/CMakeFiles/test-mul-mat.dir/test-mul-mat.cpp.o
[ 47%] Building CXX object tests/CMakeFiles/test-backend-buffer.dir/test-backend-buffer.cpp.o
[ 48%] Linking C executable ../bin/test0
[ 48%] Built target test-vec0
[ 49%] Building CXX object examples/CMakeFiles/common-ggml.dir/common-ggml.cpp.o
[ 49%] Building CXX object tests/CMakeFiles/test-backend-ops.dir/test-backend-ops.cpp.o
[ 49%] Linking C executable ../bin/test3
[ 50%] Building CXX object examples/whisper/CMakeFiles/whisper-cpp.dir/whisper.cpp.o
[ 51%] Linking CXX executable ../bin/test-opt
[ 52%] Linking CXX executable ../bin/test-arange
[ 53%] Linking C executable ../bin/test-pool
[ 54%] Building CXX object examples/mnist/CMakeFiles/mnist.dir/main.cpp.o
[ 55%] Building CXX object examples/mnist/CMakeFiles/mnist-cnn.dir/main-cnn.cpp.o
[ 56%] Linking C executable ../bin/test-rel-pos
[ 57%] Building CXX object examples/mnist/CMakeFiles/mnist-cpu.dir/main-cpu.cpp.o
[ 58%] Building CXX object examples/yolo/CMakeFiles/yolov3-tiny.dir/yolov3-tiny.cpp.o
[ 59%] Building CXX object examples/yolo/CMakeFiles/yolov3-tiny.dir/yolo-image.cpp.o
[ 59%] Building CXX object examples/sam/CMakeFiles/sam.dir/main.cpp.o
[ 60%] Linking C executable ../bin/test2
[ 61%] Linking C executable ../bin/test-conv-transpose
[ 62%] Linking C executable ../bin/test-customop
[ 63%] Linking C executable ../bin/test-mul-mat0
[ 64%] Building CXX object examples/simple/CMakeFiles/simple-backend.dir/simple-backend.cpp.o
[ 65%] Linking C executable ../bin/test-dup
[ 66%] Building CXX object examples/simple/CMakeFiles/simple-ctx.dir/simple-ctx.cpp.o
[ 67%] Linking C executable ../bin/test1
[ 68%] Linking CXX executable ../bin/test-backend-buffer
[ 69%] Linking CXX executable ../bin/test-grad0
[ 70%] Linking C executable ../bin/test-xpos
[ 70%] Built target test0
[ 70%] Built target test3
[ 70%] Built target test-pool
[ 70%] Built target test-rel-pos
[ 70%] Built target test-opt
[ 70%] Built target test-customop
[ 70%] Built target test-arange
[ 70%] Built target test-conv-transpose
[ 70%] Built target test1
[ 70%] Built target test-mul-mat0
[ 70%] Built target test2
[ 70%] Built target test-dup
[ 70%] Built target test-backend-buffer
[ 70%] Built target test-xpos
[ 70%] Built target test-grad0
[ 70%] Linking CXX executable ../bin/test-quantize-fns
[ 70%] Linking C executable ../bin/test-vec1
[ 71%] Linking C executable ../bin/test-mul-mat2
[ 72%] Linking CXX executable ../bin/test-timestep_embedding
[ 72%] Built target test-vec1
[ 72%] Built target test-quantize-fns
[ 72%] Built target test-timestep_embedding
/home/ggml/work/ggml/tests/test-conv1d.cpp:24:13: warning: ‘void ggml_log_callback_default(ggml_log_level, const char*, void*)’ defined but not used [-Wunused-function]
   24 | static void ggml_log_callback_default(ggml_log_level level, const char * text, void * user_data) {
      |             ^~~~~~~~~~~~~~~~~~~~~~~~~
[ 72%] Linking CXX executable ../bin/test-mul-mat
[ 72%] Built target test-mul-mat2
/home/ggml/work/ggml/tests/test-conv2d.cpp:24:13: warning: ‘void ggml_log_callback_default(ggml_log_level, const char*, void*)’ defined but not used [-Wunused-function]
   24 | static void ggml_log_callback_default(ggml_log_level level, const char * text, void * user_data) {
      |             ^~~~~~~~~~~~~~~~~~~~~~~~~
[ 72%] Built target test-mul-mat
[ 72%] Linking CXX executable ../bin/test-conv1d
[ 72%] Linking CXX executable ../../bin/simple-ctx
[ 73%] Linking CXX executable ../../bin/simple-backend
[ 74%] Linking CXX executable ../bin/test-conv2d
[ 75%] Linking CXX executable ../../bin/mnist-cpu
[ 75%] Built target test-conv1d
[ 75%] Built target simple-backend
[ 75%] Built target simple-ctx
[ 76%] Linking CXX executable ../../bin/mnist-cnn
[ 76%] Built target mnist-cpu
[ 76%] Built target test-conv2d
[ 76%] Built target mnist-cnn
[ 76%] Linking CXX executable ../../bin/mnist
[ 76%] Built target mnist
[ 77%] Linking CXX executable ../bin/test-quantize-perf
[ 77%] Built target test-quantize-perf
[ 78%] Linking CXX executable ../../bin/yolov3-tiny
[ 78%] Built target yolov3-tiny
[ 79%] Linking CXX executable ../../bin/sam
[ 79%] Built target sam
[ 80%] Linking CXX executable ../bin/test-backend-ops
[ 80%] Built target test-backend-ops
[ 81%] Linking CXX static library libcommon-ggml.a
[ 81%] Built target common-ggml
[ 82%] Building CXX object examples/gpt-2/CMakeFiles/gpt-2-ctx.dir/main-ctx.cpp.o
[ 83%] Building CXX object examples/gpt-2/CMakeFiles/gpt-2-alloc.dir/main-alloc.cpp.o
[ 84%] Building CXX object examples/gpt-2/CMakeFiles/gpt-2-backend.dir/main-backend.cpp.o
[ 85%] Building CXX object examples/gpt-2/CMakeFiles/gpt-2-sched.dir/main-sched.cpp.o
[ 86%] Building CXX object examples/gpt-2/CMakeFiles/gpt-2-quantize.dir/quantize.cpp.o
[ 86%] Building CXX object examples/gpt-2/CMakeFiles/gpt-2-batched.dir/main-batched.cpp.o
[ 87%] Building CXX object examples/magika/CMakeFiles/magika.dir/main.cpp.o
[ 88%] Building CXX object examples/gpt-j/CMakeFiles/gpt-j.dir/main.cpp.o
[ 88%] Building CXX object examples/gpt-j/CMakeFiles/gpt-j-quantize.dir/quantize.cpp.o
[ 88%] Building CXX object examples/whisper/CMakeFiles/whisper-quantize.dir/quantize.cpp.o
[ 89%] Linking CXX executable ../../bin/magika
[ 89%] Built target magika
[ 90%] Linking CXX executable ../../bin/gpt-j-quantize
[ 90%] Linking CXX executable ../../bin/gpt-2-quantize
[ 91%] Linking CXX executable ../../bin/gpt-2-ctx
[ 92%] Linking CXX executable ../../bin/gpt-2-sched
[ 93%] Linking CXX executable ../../bin/gpt-j
[ 93%] Built target gpt-2-quantize
[ 94%] Linking CXX executable ../../bin/whisper-quantize
[ 95%] Linking CXX executable ../../bin/gpt-2-alloc
[ 95%] Built target gpt-j-quantize
[ 95%] Built target gpt-2-ctx
[ 96%] Linking CXX executable ../../bin/gpt-2-backend
[ 96%] Built target gpt-j
[ 96%] Built target gpt-2-sched
[ 97%] Linking CXX executable ../../bin/gpt-2-batched
[ 97%] Built target gpt-2-alloc
[ 97%] Built target whisper-quantize
[ 97%] Built target gpt-2-backend
[ 97%] Built target gpt-2-batched
[ 98%] Linking CXX static library libwhisper-cpp.a
[ 98%] Built target whisper-cpp
[ 99%] Building CXX object examples/whisper/CMakeFiles/whisper.dir/main.cpp.o
/home/ggml/work/ggml/examples/whisper/main.cpp:4:10: fatal error: grammar-parser.h: No such file or directory
    4 | #include "grammar-parser.h"
      |          ^~~~~~~~~~~~~~~~~~
compilation terminated.
make[2]: *** [examples/whisper/CMakeFiles/whisper.dir/build.make:76: examples/whisper/CMakeFiles/whisper.dir/main.cpp.o] Error 1
make[1]: *** [CMakeFiles/Makefile2:1329: examples/whisper/CMakeFiles/whisper.dir/all] Error 2
make: *** [Makefile:146: all] Error 2

real	1m47.177s
user	4m4.124s
sys	0m23.736s
+ cur=2
+ echo 2
+ set +x
cat: /home/ggml/results/ggml/52/0ddb267f81d7b21ecd1790c7d9aaacbb9f96cd/ggml-4-x86-cuda-v100/ctest_debug-ctest.log: No such file or directory
Sun Apr  7 13:31:50 UTC 2024
