rm: cannot remove '/home/ggml/results/ggml/f4/511381ea9265dfe0352e5a80ac3907e3b68f43/ggml-2-x86-cpu/*.log': No such file or directory
rm: cannot remove '/home/ggml/results/ggml/f4/511381ea9265dfe0352e5a80ac3907e3b68f43/ggml-2-x86-cpu/*.exit': No such file or directory
rm: cannot remove '/home/ggml/results/ggml/f4/511381ea9265dfe0352e5a80ac3907e3b68f43/ggml-2-x86-cpu/*.md': No such file or directory
Defaulting to user installation because normal site-packages is not writeable
Requirement already satisfied: accelerate==0.19.0 in /home/ggml/.local/lib/python3.10/site-packages (from -r /home/ggml/work/ggml/requirements.txt (line 1)) (0.19.0)
Requirement already satisfied: numpy>=1.24.4 in /home/ggml/.local/lib/python3.10/site-packages (from -r /home/ggml/work/ggml/requirements.txt (line 2)) (1.26.4)
Requirement already satisfied: sentencepiece~=0.1.98 in /home/ggml/.local/lib/python3.10/site-packages (from -r /home/ggml/work/ggml/requirements.txt (line 3)) (0.1.99)
Requirement already satisfied: torch==2.0.1 in /home/ggml/.local/lib/python3.10/site-packages (from -r /home/ggml/work/ggml/requirements.txt (line 4)) (2.0.1)
Requirement already satisfied: torchaudio==2.0.2 in /home/ggml/.local/lib/python3.10/site-packages (from -r /home/ggml/work/ggml/requirements.txt (line 5)) (2.0.2)
Requirement already satisfied: torchvision==0.15.2 in /home/ggml/.local/lib/python3.10/site-packages (from -r /home/ggml/work/ggml/requirements.txt (line 6)) (0.15.2)
Requirement already satisfied: transformers<5.0.0,>=4.35.2 in /home/ggml/.local/lib/python3.10/site-packages (from -r /home/ggml/work/ggml/requirements.txt (line 7)) (4.40.2)
Requirement already satisfied: gguf>=0.1.0 in /home/ggml/.local/lib/python3.10/site-packages (from -r /home/ggml/work/ggml/requirements.txt (line 8)) (0.6.0)
Requirement already satisfied: tensorflow==2.15.0 in /home/ggml/.local/lib/python3.10/site-packages (from -r /home/ggml/work/ggml/requirements.txt (line 9)) (2.15.0)
Requirement already satisfied: keras==2.15.0 in /home/ggml/.local/lib/python3.10/site-packages (from -r /home/ggml/work/ggml/requirements.txt (line 10)) (2.15.0)
Requirement already satisfied: packaging>=20.0 in /usr/lib/python3/dist-packages (from accelerate==0.19.0->-r /home/ggml/work/ggml/requirements.txt (line 1)) (21.3)
Requirement already satisfied: psutil in /home/ggml/.local/lib/python3.10/site-packages (from accelerate==0.19.0->-r /home/ggml/work/ggml/requirements.txt (line 1)) (5.9.8)
Requirement already satisfied: pyyaml in /usr/lib/python3/dist-packages (from accelerate==0.19.0->-r /home/ggml/work/ggml/requirements.txt (line 1)) (5.4.1)
Requirement already satisfied: sympy in /home/ggml/.local/lib/python3.10/site-packages (from torch==2.0.1->-r /home/ggml/work/ggml/requirements.txt (line 4)) (1.12)
Requirement already satisfied: typing-extensions in /home/ggml/.local/lib/python3.10/site-packages (from torch==2.0.1->-r /home/ggml/work/ggml/requirements.txt (line 4)) (4.11.0)
Requirement already satisfied: networkx in /home/ggml/.local/lib/python3.10/site-packages (from torch==2.0.1->-r /home/ggml/work/ggml/requirements.txt (line 4)) (3.3)
Requirement already satisfied: nvidia-cuda-nvrtc-cu11==11.7.99 in /home/ggml/.local/lib/python3.10/site-packages (from torch==2.0.1->-r /home/ggml/work/ggml/requirements.txt (line 4)) (11.7.99)
Requirement already satisfied: nvidia-curand-cu11==10.2.10.91 in /home/ggml/.local/lib/python3.10/site-packages (from torch==2.0.1->-r /home/ggml/work/ggml/requirements.txt (line 4)) (10.2.10.91)
Requirement already satisfied: nvidia-nvtx-cu11==11.7.91 in /home/ggml/.local/lib/python3.10/site-packages (from torch==2.0.1->-r /home/ggml/work/ggml/requirements.txt (line 4)) (11.7.91)
Requirement already satisfied: nvidia-cuda-cupti-cu11==11.7.101 in /home/ggml/.local/lib/python3.10/site-packages (from torch==2.0.1->-r /home/ggml/work/ggml/requirements.txt (line 4)) (11.7.101)
Requirement already satisfied: filelock in /usr/lib/python3/dist-packages (from torch==2.0.1->-r /home/ggml/work/ggml/requirements.txt (line 4)) (3.6.0)
Requirement already satisfied: nvidia-cuda-runtime-cu11==11.7.99 in /home/ggml/.local/lib/python3.10/site-packages (from torch==2.0.1->-r /home/ggml/work/ggml/requirements.txt (line 4)) (11.7.99)
Requirement already satisfied: nvidia-cufft-cu11==10.9.0.58 in /home/ggml/.local/lib/python3.10/site-packages (from torch==2.0.1->-r /home/ggml/work/ggml/requirements.txt (line 4)) (10.9.0.58)
Requirement already satisfied: nvidia-cusolver-cu11==11.4.0.1 in /home/ggml/.local/lib/python3.10/site-packages (from torch==2.0.1->-r /home/ggml/work/ggml/requirements.txt (line 4)) (11.4.0.1)
Requirement already satisfied: nvidia-cusparse-cu11==11.7.4.91 in /home/ggml/.local/lib/python3.10/site-packages (from torch==2.0.1->-r /home/ggml/work/ggml/requirements.txt (line 4)) (11.7.4.91)
Requirement already satisfied: nvidia-cudnn-cu11==8.5.0.96 in /home/ggml/.local/lib/python3.10/site-packages (from torch==2.0.1->-r /home/ggml/work/ggml/requirements.txt (line 4)) (8.5.0.96)
Requirement already satisfied: nvidia-cublas-cu11==11.10.3.66 in /home/ggml/.local/lib/python3.10/site-packages (from torch==2.0.1->-r /home/ggml/work/ggml/requirements.txt (line 4)) (11.10.3.66)
Requirement already satisfied: triton==2.0.0 in /home/ggml/.local/lib/python3.10/site-packages (from torch==2.0.1->-r /home/ggml/work/ggml/requirements.txt (line 4)) (2.0.0)
Requirement already satisfied: jinja2 in /usr/lib/python3/dist-packages (from torch==2.0.1->-r /home/ggml/work/ggml/requirements.txt (line 4)) (3.0.3)
Requirement already satisfied: nvidia-nccl-cu11==2.14.3 in /home/ggml/.local/lib/python3.10/site-packages (from torch==2.0.1->-r /home/ggml/work/ggml/requirements.txt (line 4)) (2.14.3)
Requirement already satisfied: pillow!=8.3.*,>=5.3.0 in /home/ggml/.local/lib/python3.10/site-packages (from torchvision==0.15.2->-r /home/ggml/work/ggml/requirements.txt (line 6)) (10.3.0)
Requirement already satisfied: requests in /usr/lib/python3/dist-packages (from torchvision==0.15.2->-r /home/ggml/work/ggml/requirements.txt (line 6)) (2.25.1)
Requirement already satisfied: opt-einsum>=2.3.2 in /home/ggml/.local/lib/python3.10/site-packages (from tensorflow==2.15.0->-r /home/ggml/work/ggml/requirements.txt (line 9)) (3.3.0)
Requirement already satisfied: astunparse>=1.6.0 in /home/ggml/.local/lib/python3.10/site-packages (from tensorflow==2.15.0->-r /home/ggml/work/ggml/requirements.txt (line 9)) (1.6.3)
Requirement already satisfied: h5py>=2.9.0 in /home/ggml/.local/lib/python3.10/site-packages (from tensorflow==2.15.0->-r /home/ggml/work/ggml/requirements.txt (line 9)) (3.11.0)
Requirement already satisfied: six>=1.12.0 in /usr/lib/python3/dist-packages (from tensorflow==2.15.0->-r /home/ggml/work/ggml/requirements.txt (line 9)) (1.16.0)
Requirement already satisfied: setuptools in /usr/lib/python3/dist-packages (from tensorflow==2.15.0->-r /home/ggml/work/ggml/requirements.txt (line 9)) (59.6.0)
Requirement already satisfied: grpcio<2.0,>=1.24.3 in /home/ggml/.local/lib/python3.10/site-packages (from tensorflow==2.15.0->-r /home/ggml/work/ggml/requirements.txt (line 9)) (1.63.0)
Requirement already satisfied: absl-py>=1.0.0 in /home/ggml/.local/lib/python3.10/site-packages (from tensorflow==2.15.0->-r /home/ggml/work/ggml/requirements.txt (line 9)) (2.1.0)
Requirement already satisfied: wrapt<1.15,>=1.11.0 in /home/ggml/.local/lib/python3.10/site-packages (from tensorflow==2.15.0->-r /home/ggml/work/ggml/requirements.txt (line 9)) (1.14.1)
Requirement already satisfied: ml-dtypes~=0.2.0 in /home/ggml/.local/lib/python3.10/site-packages (from tensorflow==2.15.0->-r /home/ggml/work/ggml/requirements.txt (line 9)) (0.2.0)
Requirement already satisfied: libclang>=13.0.0 in /home/ggml/.local/lib/python3.10/site-packages (from tensorflow==2.15.0->-r /home/ggml/work/ggml/requirements.txt (line 9)) (18.1.1)
Requirement already satisfied: gast!=0.5.0,!=0.5.1,!=0.5.2,>=0.2.1 in /home/ggml/.local/lib/python3.10/site-packages (from tensorflow==2.15.0->-r /home/ggml/work/ggml/requirements.txt (line 9)) (0.5.4)
Requirement already satisfied: tensorboard<2.16,>=2.15 in /home/ggml/.local/lib/python3.10/site-packages (from tensorflow==2.15.0->-r /home/ggml/work/ggml/requirements.txt (line 9)) (2.15.2)
Requirement already satisfied: flatbuffers>=23.5.26 in /home/ggml/.local/lib/python3.10/site-packages (from tensorflow==2.15.0->-r /home/ggml/work/ggml/requirements.txt (line 9)) (24.3.25)
Requirement already satisfied: tensorflow-io-gcs-filesystem>=0.23.1 in /home/ggml/.local/lib/python3.10/site-packages (from tensorflow==2.15.0->-r /home/ggml/work/ggml/requirements.txt (line 9)) (0.37.0)
Requirement already satisfied: protobuf!=4.21.0,!=4.21.1,!=4.21.2,!=4.21.3,!=4.21.4,!=4.21.5,<5.0.0dev,>=3.20.3 in /home/ggml/.local/lib/python3.10/site-packages (from tensorflow==2.15.0->-r /home/ggml/work/ggml/requirements.txt (line 9)) (4.25.3)
Requirement already satisfied: google-pasta>=0.1.1 in /home/ggml/.local/lib/python3.10/site-packages (from tensorflow==2.15.0->-r /home/ggml/work/ggml/requirements.txt (line 9)) (0.2.0)
Requirement already satisfied: termcolor>=1.1.0 in /home/ggml/.local/lib/python3.10/site-packages (from tensorflow==2.15.0->-r /home/ggml/work/ggml/requirements.txt (line 9)) (2.4.0)
Requirement already satisfied: tensorflow-estimator<2.16,>=2.15.0 in /home/ggml/.local/lib/python3.10/site-packages (from tensorflow==2.15.0->-r /home/ggml/work/ggml/requirements.txt (line 9)) (2.15.0)
Requirement already satisfied: wheel in /usr/lib/python3/dist-packages (from nvidia-cublas-cu11==11.10.3.66->torch==2.0.1->-r /home/ggml/work/ggml/requirements.txt (line 4)) (0.37.1)
Requirement already satisfied: cmake in /home/ggml/.local/lib/python3.10/site-packages (from triton==2.0.0->torch==2.0.1->-r /home/ggml/work/ggml/requirements.txt (line 4)) (3.29.3)
Requirement already satisfied: lit in /home/ggml/.local/lib/python3.10/site-packages (from triton==2.0.0->torch==2.0.1->-r /home/ggml/work/ggml/requirements.txt (line 4)) (18.1.4)
Requirement already satisfied: safetensors>=0.4.1 in /home/ggml/.local/lib/python3.10/site-packages (from transformers<5.0.0,>=4.35.2->-r /home/ggml/work/ggml/requirements.txt (line 7)) (0.4.3)
Requirement already satisfied: tokenizers<0.20,>=0.19 in /home/ggml/.local/lib/python3.10/site-packages (from transformers<5.0.0,>=4.35.2->-r /home/ggml/work/ggml/requirements.txt (line 7)) (0.19.1)
Requirement already satisfied: tqdm>=4.27 in /home/ggml/.local/lib/python3.10/site-packages (from transformers<5.0.0,>=4.35.2->-r /home/ggml/work/ggml/requirements.txt (line 7)) (4.66.4)
Requirement already satisfied: regex!=2019.12.17 in /home/ggml/.local/lib/python3.10/site-packages (from transformers<5.0.0,>=4.35.2->-r /home/ggml/work/ggml/requirements.txt (line 7)) (2024.5.10)
Requirement already satisfied: huggingface-hub<1.0,>=0.19.3 in /home/ggml/.local/lib/python3.10/site-packages (from transformers<5.0.0,>=4.35.2->-r /home/ggml/work/ggml/requirements.txt (line 7)) (0.23.0)
Requirement already satisfied: fsspec>=2023.5.0 in /home/ggml/.local/lib/python3.10/site-packages (from huggingface-hub<1.0,>=0.19.3->transformers<5.0.0,>=4.35.2->-r /home/ggml/work/ggml/requirements.txt (line 7)) (2024.3.1)
Requirement already satisfied: google-auth<3,>=1.6.3 in /home/ggml/.local/lib/python3.10/site-packages (from tensorboard<2.16,>=2.15->tensorflow==2.15.0->-r /home/ggml/work/ggml/requirements.txt (line 9)) (2.29.0)
Requirement already satisfied: werkzeug>=1.0.1 in /home/ggml/.local/lib/python3.10/site-packages (from tensorboard<2.16,>=2.15->tensorflow==2.15.0->-r /home/ggml/work/ggml/requirements.txt (line 9)) (3.0.3)
Requirement already satisfied: markdown>=2.6.8 in /home/ggml/.local/lib/python3.10/site-packages (from tensorboard<2.16,>=2.15->tensorflow==2.15.0->-r /home/ggml/work/ggml/requirements.txt (line 9)) (3.6)
Requirement already satisfied: tensorboard-data-server<0.8.0,>=0.7.0 in /home/ggml/.local/lib/python3.10/site-packages (from tensorboard<2.16,>=2.15->tensorflow==2.15.0->-r /home/ggml/work/ggml/requirements.txt (line 9)) (0.7.2)
Requirement already satisfied: google-auth-oauthlib<2,>=0.5 in /home/ggml/.local/lib/python3.10/site-packages (from tensorboard<2.16,>=2.15->tensorflow==2.15.0->-r /home/ggml/work/ggml/requirements.txt (line 9)) (1.2.0)
Requirement already satisfied: mpmath>=0.19 in /home/ggml/.local/lib/python3.10/site-packages (from sympy->torch==2.0.1->-r /home/ggml/work/ggml/requirements.txt (line 4)) (1.3.0)
Requirement already satisfied: cachetools<6.0,>=2.0.0 in /home/ggml/.local/lib/python3.10/site-packages (from google-auth<3,>=1.6.3->tensorboard<2.16,>=2.15->tensorflow==2.15.0->-r /home/ggml/work/ggml/requirements.txt (line 9)) (5.3.3)
Requirement already satisfied: rsa<5,>=3.1.4 in /home/ggml/.local/lib/python3.10/site-packages (from google-auth<3,>=1.6.3->tensorboard<2.16,>=2.15->tensorflow==2.15.0->-r /home/ggml/work/ggml/requirements.txt (line 9)) (4.9)
Requirement already satisfied: pyasn1-modules>=0.2.1 in /usr/lib/python3/dist-packages (from google-auth<3,>=1.6.3->tensorboard<2.16,>=2.15->tensorflow==2.15.0->-r /home/ggml/work/ggml/requirements.txt (line 9)) (0.2.1)
Requirement already satisfied: requests-oauthlib>=0.7.0 in /home/ggml/.local/lib/python3.10/site-packages (from google-auth-oauthlib<2,>=0.5->tensorboard<2.16,>=2.15->tensorflow==2.15.0->-r /home/ggml/work/ggml/requirements.txt (line 9)) (2.0.0)
Requirement already satisfied: MarkupSafe>=2.1.1 in /home/ggml/.local/lib/python3.10/site-packages (from werkzeug>=1.0.1->tensorboard<2.16,>=2.15->tensorflow==2.15.0->-r /home/ggml/work/ggml/requirements.txt (line 9)) (2.1.5)
Requirement already satisfied: oauthlib>=3.0.0 in /usr/lib/python3/dist-packages (from requests-oauthlib>=0.7.0->google-auth-oauthlib<2,>=0.5->tensorboard<2.16,>=2.15->tensorflow==2.15.0->-r /home/ggml/work/ggml/requirements.txt (line 9)) (3.2.0)
Requirement already satisfied: pyasn1>=0.1.3 in /usr/lib/python3/dist-packages (from rsa<5,>=3.1.4->google-auth<3,>=1.6.3->tensorboard<2.16,>=2.15->tensorflow==2.15.0->-r /home/ggml/work/ggml/requirements.txt (line 9)) (0.4.8)
+ gg_run_ctest_debug
+ cd /home/ggml/work/ggml
+ tee /home/ggml/results/ggml/f4/511381ea9265dfe0352e5a80ac3907e3b68f43/ggml-2-x86-cpu/ctest_debug.log
+ rm -rf build-ci-debug
+ mkdir build-ci-debug
+ cd build-ci-debug
+ set -e
+ tee -a /home/ggml/results/ggml/f4/511381ea9265dfe0352e5a80ac3907e3b68f43/ggml-2-x86-cpu/ctest_debug-cmake.log
+ cmake -DCMAKE_BUILD_TYPE=Debug ..
-- The C compiler identification is GNU 11.4.0
-- The CXX compiler identification is GNU 11.4.0
-- Detecting C compiler ABI info
-- Detecting C compiler ABI info - done
-- Check for working C compiler: /usr/bin/cc - skipped
-- Detecting C compile features
-- Detecting C compile features - done
-- Detecting CXX compiler ABI info
-- Detecting CXX compiler ABI info - done
-- Check for working CXX compiler: /usr/bin/c++ - skipped
-- Detecting CXX compile features
-- Detecting CXX compile features - done
-- Found Git: /usr/bin/git (found version "2.34.1")
-- Performing Test CMAKE_HAVE_LIBC_PTHREAD
-- Performing Test CMAKE_HAVE_LIBC_PTHREAD - Success
-- Found Threads: TRUE
-- CMAKE_SYSTEM_PROCESSOR: x86_64
GNU ld (GNU Binutils for Ubuntu) 2.38
-- x86 detected
-- Linux detected
-- x86 detected
-- Linux detected
-- Configuring done (0.3s)
-- Generating done (0.0s)
-- Build files have been written to: /home/ggml/work/ggml/build-ci-debug

real	0m0.446s
user	0m0.347s
sys	0m0.102s
+ tee -a /home/ggml/results/ggml/f4/511381ea9265dfe0352e5a80ac3907e3b68f43/ggml-2-x86-cpu/ctest_debug-make.log
+ make -j
[  3%] Building CXX object examples/CMakeFiles/common.dir/common.cpp.o
[  3%] Building C object src/CMakeFiles/ggml.dir/ggml-backend.c.o
[  3%] Building C object src/CMakeFiles/ggml.dir/ggml.c.o
[  4%] Building C object src/CMakeFiles/ggml.dir/ggml-quants.c.o
[  5%] Building C object src/CMakeFiles/ggml.dir/ggml-alloc.c.o
[  6%] Linking C shared library libggml.so
[  6%] Built target ggml
[  7%] Building C object tests/CMakeFiles/test-vec1.dir/test-vec1.c.o
[  8%] Building CXX object tests/CMakeFiles/test-grad0.dir/test-grad0.cpp.o
[  9%] Building C object tests/CMakeFiles/test-vec0.dir/test-vec0.c.o
[ 10%] Building CXX object tests/CMakeFiles/test-quantize-perf.dir/test-quantize-perf.cpp.o
[ 11%] Building C object tests/CMakeFiles/test-mul-mat0.dir/test-mul-mat0.c.o
[ 12%] Building CXX object tests/CMakeFiles/test-quantize-fns.dir/test-quantize-fns.cpp.o
[ 13%] Building C object tests/CMakeFiles/test-mul-mat2.dir/test-mul-mat2.c.o
[ 14%] Building CXX object tests/CMakeFiles/test-opt.dir/test-opt.cpp.o
[ 15%] Building C object tests/CMakeFiles/test2.dir/test2.c.o
[ 16%] Building C object tests/CMakeFiles/test1.dir/test1.c.o
[ 17%] Building C object tests/CMakeFiles/test-rel-pos.dir/test-rel-pos.c.o
[ 18%] Building C object tests/CMakeFiles/test0.dir/test0.c.o
[ 19%] Building CXX object tests/CMakeFiles/test-timestep_embedding.dir/test-timestep_embedding.cpp.o
[ 20%] Building CXX object tests/CMakeFiles/test-conv1d.dir/test-conv1d.cpp.o
[ 21%] Building C object tests/CMakeFiles/test3.dir/test3.c.o
[ 22%] Building C object tests/CMakeFiles/test-pool.dir/test-pool.c.o
[ 23%] Building CXX object tests/CMakeFiles/test-arange.dir/test-arange.cpp.o
[ 24%] Linking C executable ../bin/test-vec0
[ 25%] Building C object tests/CMakeFiles/test-conv-transpose.dir/test-conv-transpose.c.o
[ 26%] Building C object tests/CMakeFiles/test-dup.dir/test-dup.c.o
[ 27%] Building C object tests/CMakeFiles/test-customop.dir/test-customop.c.o
[ 28%] Linking C executable ../bin/test-rel-pos
[ 29%] Building C object tests/CMakeFiles/test-xpos.dir/test-xpos.c.o
[ 30%] Linking C executable ../bin/test2
[ 31%] Building CXX object tests/CMakeFiles/test-conv2d.dir/test-conv2d.cpp.o
[ 32%] Building CXX object tests/CMakeFiles/test-mul-mat.dir/test-mul-mat.cpp.o
[ 33%] Building CXX object tests/CMakeFiles/test-backend-buffer.dir/test-backend-buffer.cpp.o
[ 34%] Linking C executable ../bin/test0
[ 35%] Building CXX object tests/CMakeFiles/test-backend-ops.dir/test-backend-ops.cpp.o
[ 36%] Linking C executable ../bin/test1
[ 37%] Linking C executable ../bin/test-pool
[ 38%] Building CXX object examples/simple/CMakeFiles/simple-ctx.dir/simple-ctx.cpp.o
[ 38%] Built target test-rel-pos
[ 39%] Building CXX object examples/CMakeFiles/common-ggml.dir/common-ggml.cpp.o
[ 40%] Linking CXX executable ../bin/test-opt
[ 41%] Building CXX object examples/whisper/CMakeFiles/whisper-cpp.dir/whisper.cpp.o
[ 41%] Built target test2
[ 42%] Linking C executable ../bin/test-dup
[ 43%] Building CXX object examples/mnist/CMakeFiles/mnist-cpu.dir/main-cpu.cpp.o
[ 44%] Linking CXX executable ../bin/test-arange
[ 45%] Linking C executable ../bin/test-customop
[ 45%] Built target test-vec0
[ 46%] Linking C executable ../bin/test3
[ 47%] Building CXX object examples/simple/CMakeFiles/simple-backend.dir/simple-backend.cpp.o
[ 47%] Built target test1
[ 48%] Linking C executable ../bin/test-mul-mat0
[ 48%] Built target test0
[ 49%] Linking CXX executable ../bin/test-backend-buffer
[ 50%] Linking C executable ../bin/test-xpos
[ 50%] Built target test-pool
[ 50%] Built target test-customop
[ 50%] Built target test-opt
[ 51%] Linking C executable ../bin/test-conv-transpose
[ 51%] Built target test-dup
[ 51%] Built target test3
[ 51%] Built target test-mul-mat0
[ 51%] Built target test-xpos
[ 52%] Linking CXX executable ../bin/test-grad0
[ 52%] Built target test-conv-transpose
[ 53%] Linking C executable ../bin/test-vec1
[ 53%] Built target test-backend-buffer
[ 53%] Built target test-arange
[ 53%] Built target test-vec1
[ 54%] Linking CXX executable ../bin/test-timestep_embedding
[ 55%] Linking CXX executable ../bin/test-quantize-fns
[ 55%] Built target test-grad0
/home/ggml/work/ggml/tests/test-conv1d.cpp:24:13: warning: ‘void ggml_log_callback_default(ggml_log_level, const char*, void*)’ defined but not used [-Wunused-function]
   24 | static void ggml_log_callback_default(ggml_log_level level, const char * text, void * user_data) {
      |             ^~~~~~~~~~~~~~~~~~~~~~~~~
[ 55%] Built target test-timestep_embedding
[ 55%] Built target test-quantize-fns
[ 56%] Linking CXX executable ../bin/test-conv1d
[ 57%] Linking CXX executable ../bin/test-mul-mat
/home/ggml/work/ggml/tests/test-conv2d.cpp:24:13: warning: ‘void ggml_log_callback_default(ggml_log_level, const char*, void*)’ defined but not used [-Wunused-function]
   24 | static void ggml_log_callback_default(ggml_log_level level, const char * text, void * user_data) {
      |             ^~~~~~~~~~~~~~~~~~~~~~~~~
[ 58%] Linking C executable ../bin/test-mul-mat2
[ 59%] Linking CXX executable ../../bin/mnist-cpu
[ 59%] Built target test-mul-mat
[ 60%] Linking CXX executable ../../bin/simple-ctx
[ 60%] Built target test-mul-mat2
[ 60%] Built target test-conv1d
[ 60%] Built target mnist-cpu
[ 61%] Linking CXX executable ../bin/test-conv2d
[ 61%] Built target simple-ctx
[ 61%] Built target test-conv2d
[ 62%] Linking CXX executable ../../bin/simple-backend
/home/ggml/work/ggml/examples/whisper/whisper.cpp: In function ‘ggml_cgraph* whisper_build_graph_decoder(whisper_context&, whisper_state&, const whisper_batch&, bool, bool)’:
/home/ggml/work/ggml/examples/whisper/whisper.cpp:2591:59: error: too few arguments to function ‘ggml_tensor* ggml_concat(ggml_context*, ggml_tensor*, ggml_tensor*, int)’
 2591 |                             aheads_cross_QKs = ggml_concat(ctx0, aheads_cross_QKs, aheads_KQs);
      |                                                ~~~~~~~~~~~^~~~~~~~~~~~~~~~~~~~~~~~~~~~~~~~~~~~
In file included from /home/ggml/work/ggml/examples/whisper/whisper.h:4,
                 from /home/ggml/work/ggml/examples/whisper/whisper.cpp:1:
/home/ggml/work/ggml/src/../include/ggml/ggml.h:1012:35: note: declared here
 1012 |     GGML_API struct ggml_tensor * ggml_concat(
      |                                   ^~~~~~~~~~~
[ 62%] Built target simple-backend
[ 63%] Linking CXX executable ../bin/test-quantize-perf
[ 63%] Built target test-quantize-perf
[ 64%] Linking CXX executable ../bin/test-backend-ops
[ 64%] Built target test-backend-ops
make[2]: *** [examples/whisper/CMakeFiles/whisper-cpp.dir/build.make:76: examples/whisper/CMakeFiles/whisper-cpp.dir/whisper.cpp.o] Error 1
make[1]: *** [CMakeFiles/Makefile2:1301: examples/whisper/CMakeFiles/whisper-cpp.dir/all] Error 2
make[1]: *** Waiting for unfinished jobs....
[ 65%] Linking CXX static library libcommon-ggml.a
[ 65%] Built target common-ggml
[ 66%] Linking CXX static library libcommon.a
[ 66%] Built target common
make: *** [Makefile:146: all] Error 2

real	0m4.784s
user	0m19.492s
sys	0m1.770s
+ cur=2
+ echo 2
+ set +x
cat: /home/ggml/results/ggml/f4/511381ea9265dfe0352e5a80ac3907e3b68f43/ggml-2-x86-cpu/ctest_debug-ctest.log: No such file or directory
Wed May 29 09:59:29 UTC 2024
