+ cmake -DCMAKE_BUILD_TYPE=Debug ..
-- The C compiler identification is GNU 11.4.0
-- The CXX compiler identification is GNU 11.4.0
-- Detecting C compiler ABI info
-- Detecting C compiler ABI info - done
-- Check for working C compiler: /usr/bin/cc - skipped
-- Detecting C compile features
-- Detecting C compile features - done
-- Detecting CXX compiler ABI info
-- Detecting CXX compiler ABI info - done
-- Check for working CXX compiler: /usr/bin/c++ - skipped
-- Detecting CXX compile features
-- Detecting CXX compile features - done
-- Looking for pthread.h
-- Looking for pthread.h - found
-- Performing Test CMAKE_HAVE_LIBC_PTHREAD
-- Performing Test CMAKE_HAVE_LIBC_PTHREAD - Success
-- Found Threads: TRUE  
-- Found OpenMP_C: -fopenmp (found version "4.5") 
-- Found OpenMP_CXX: -fopenmp (found version "4.5") 
-- Found OpenMP: TRUE (found version "4.5")  
-- OpenMP found
-- ccache found, compilation results will be cached. Disable with GGML_CCACHE=OFF.
-- CMAKE_SYSTEM_PROCESSOR: aarch64
-- ARM detected
-- Performing Test COMPILER_SUPPORTS_FP16_FORMAT_I3E
-- Performing Test COMPILER_SUPPORTS_FP16_FORMAT_I3E - Failed
-- ARM detected
-- Configuring done
-- Generating done
-- Build files have been written to: /home/ggml/work/ggml/build-ci-debug

real	0m0.871s
user	0m0.598s
sys	0m0.276s
+ make -j
[  1%] Building C object src/CMakeFiles/ggml.dir/ggml-backend.c.o
[  2%] Building C object src/CMakeFiles/ggml.dir/ggml-alloc.c.o
[  3%] Building C object src/CMakeFiles/ggml.dir/ggml.c.o
[  4%] Building CXX object examples/CMakeFiles/common.dir/common.cpp.o
[  5%] Building C object src/CMakeFiles/ggml.dir/ggml-quants.c.o
[  6%] Linking CXX static library libcommon.a
[  6%] Built target common
[  7%] Linking C shared library libggml.so
[  7%] Built target ggml
[  9%] Building C object tests/CMakeFiles/test-vec0.dir/test-vec0.c.o
[ 10%] Building CXX object tests/CMakeFiles/test-opt.dir/test-opt.cpp.o
[ 11%] Building CXX object tests/CMakeFiles/test-grad0.dir/test-grad0.cpp.o
[ 12%] Building C object tests/CMakeFiles/test-mul-mat2.dir/test-mul-mat2.c.o
[ 13%] Building CXX object tests/CMakeFiles/test-quantize-fns.dir/test-quantize-fns.cpp.o
[ 15%] Linking C executable ../bin/test-vec0
[ 15%] Building CXX object tests/CMakeFiles/test-quantize-perf.dir/test-quantize-perf.cpp.o
[ 17%] Linking CXX executable ../bin/test-grad0
[ 18%] Building C object tests/CMakeFiles/test0.dir/test0.c.o
[ 19%] Building C object tests/CMakeFiles/test-mul-mat0.dir/test-mul-mat0.c.o
[ 20%] Linking CXX executable ../bin/test-opt
[ 21%] Building C object tests/CMakeFiles/test1.dir/test1.c.o
[ 22%] Linking C executable ../bin/test-mul-mat0
[ 23%] Linking C executable ../bin/test0
[ 25%] Building C object tests/CMakeFiles/test3.dir/test3.c.o
[ 26%] Linking CXX executable ../bin/test-quantize-perf
[ 27%] Building C object tests/CMakeFiles/test2.dir/test2.c.o
[ 28%] Linking CXX executable ../bin/test-quantize-fns
[ 29%] Linking C executable ../bin/test-mul-mat2
[ 30%] Building C object tests/CMakeFiles/test-pool.dir/test-pool.c.o
[ 31%] Building CXX object tests/CMakeFiles/test-arange.dir/test-arange.cpp.o
[ 32%] Linking C executable ../bin/test1
[ 34%] Building CXX object tests/CMakeFiles/test-timestep_embedding.dir/test-timestep_embedding.cpp.o
[ 35%] Linking C executable ../bin/test3
[ 36%] Building C object tests/CMakeFiles/test-conv-transpose.dir/test-conv-transpose.c.o
[ 36%] Built target test-vec0
[ 37%] Building C object tests/CMakeFiles/test-dup.dir/test-dup.c.o
[ 38%] Linking C executable ../bin/test2
[ 39%] Linking C executable ../bin/test-pool
[ 40%] Linking CXX executable ../bin/test-arange
[ 42%] Building C object tests/CMakeFiles/test-rel-pos.dir/test-rel-pos.c.o
/usr/bin/ld: CMakeFiles/test-mul-mat2.dir/test-mul-mat2.c.o: undefined reference to symbol 'round@@GLIBC_2.17'
/usr/bin/ld: /lib/aarch64-linux-gnu/libm.so.6: error adding symbols: DSO missing from command line
collect2: error: ld returned 1 exit status
make[2]: *** [tests/CMakeFiles/test-mul-mat2.dir/build.make:98: bin/test-mul-mat2] Error 1
make[1]: *** [CMakeFiles/Makefile2:505: tests/CMakeFiles/test-mul-mat2.dir/all] Error 2
make[1]: *** Waiting for unfinished jobs....
[ 43%] Linking C executable ../bin/test-conv-transpose
[ 44%] Linking CXX executable ../bin/test-timestep_embedding
[ 44%] Built target test-mul-mat0
[ 44%] Built target test-opt
[ 45%] Linking C executable ../bin/test-dup
[ 45%] Built target test-grad0
[ 46%] Building C object tests/CMakeFiles/test-customop.dir/test-customop.c.o
[ 47%] Linking C executable ../bin/test-rel-pos
[ 47%] Built target test1
[ 47%] Built target test0
[ 48%] Building CXX object tests/CMakeFiles/test-conv1d.dir/test-conv1d.cpp.o
[ 50%] Building CXX object tests/CMakeFiles/test-mul-mat.dir/test-mul-mat.cpp.o
[ 51%] Building CXX object tests/CMakeFiles/test-conv2d.dir/test-conv2d.cpp.o
[ 52%] Building CXX object tests/CMakeFiles/test-backend-buffer.dir/test-backend-buffer.cpp.o
[ 52%] Built target test-quantize-perf
[ 53%] Building CXX object tests/CMakeFiles/test-backend-ops.dir/test-backend-ops.cpp.o
[ 54%] Linking CXX executable ../bin/test-mul-mat
[ 55%] Linking C executable ../bin/test-customop
[ 55%] Built target test3
[ 56%] Linking CXX executable ../bin/test-backend-buffer
[ 56%] Built target test2
[ 57%] Linking CXX executable ../bin/test-backend-ops
[ 59%] Linking CXX executable ../bin/test-conv1d
[ 60%] Linking CXX executable ../bin/test-conv2d
[ 59%] Built target test-pool
[ 60%] Built target test-conv-transpose
[ 60%] Built target test-dup
[ 60%] Built target test-arange
[ 60%] Built target test-quantize-fns
[ 60%] Built target test-rel-pos
[ 60%] Built target test-backend-buffer
[ 60%] Built target test-customop
[ 60%] Built target test-mul-mat
[ 60%] Built target test-timestep_embedding
[ 60%] Built target test-conv1d
[ 60%] Built target test-backend-ops
[ 60%] Built target test-conv2d
make: *** [Makefile:146: all] Error 2

real	0m0.829s
user	0m1.876s
sys	0m0.962s
