+ make -j
[  1%] Building C object src/CMakeFiles/ggml.dir/ggml.c.o
[  2%] Building C object src/CMakeFiles/ggml.dir/ggml-quants.c.o
[  2%] Building CXX object examples/CMakeFiles/common.dir/common.cpp.o
[  2%] Building C object src/CMakeFiles/ggml.dir/ggml-metal.m.o
[  3%] Building C object src/CMakeFiles/ggml.dir/ggml-alloc.c.o
[  4%] Building C object src/CMakeFiles/ggml.dir/ggml-backend.c.o
/Users/ggml/work/ggml/src/ggml.c:9874:17: warning: 'cblas_sgemm' is deprecated: first deprecated in macOS 13.3 - An updated CBLAS interface supporting ILP64 is available.  Please compile with -DACCELERATE_NEW_LAPACK to access the new headers and -DACCELERATE_LAPACK_ILP64 for ILP64 support. [-Wdeprecated-declarations]
                cblas_sgemm(CblasRowMajor, CblasNoTrans, CblasTrans,
                ^
/Applications/Xcode.app/Contents/Developer/Platforms/MacOSX.platform/Developer/SDKs/MacOSX14.2.sdk/System/Library/Frameworks/vecLib.framework/Headers/cblas.h:610:6: note: 'cblas_sgemm' has been explicitly marked deprecated here
void cblas_sgemm(const enum CBLAS_ORDER __Order,
     ^
/Users/ggml/work/ggml/src/ggml.c:10288:9: warning: 'cblas_sgemm' is deprecated: first deprecated in macOS 13.3 - An updated CBLAS interface supporting ILP64 is available.  Please compile with -DACCELERATE_NEW_LAPACK to access the new headers and -DACCELERATE_LAPACK_ILP64 for ILP64 support. [-Wdeprecated-declarations]
        cblas_sgemm(CblasRowMajor, transposeA, CblasNoTrans, m, n, k, 1.0, a, lda, b, n, 0.0, c, n);
        ^
/Applications/Xcode.app/Contents/Developer/Platforms/MacOSX.platform/Developer/SDKs/MacOSX14.2.sdk/System/Library/Frameworks/vecLib.framework/Headers/cblas.h:610:6: note: 'cblas_sgemm' has been explicitly marked deprecated here
void cblas_sgemm(const enum CBLAS_ORDER __Order,
     ^
2 warnings generated.
[  5%] Linking C shared library libggml.dylib
[  5%] Built target ggml
[  6%] Building C object tests/CMakeFiles/test-mul-mat2.dir/test-mul-mat2.c.o
[  7%] Building C object tests/CMakeFiles/test-vec2.dir/test-vec2.c.o
[  8%] Building C object tests/CMakeFiles/test-vec0.dir/test-vec0.c.o
[  9%] Building C object tests/CMakeFiles/test1.dir/test1.c.o
[ 10%] Building CXX object tests/CMakeFiles/test-grad0.dir/test-grad0.cpp.o
[ 11%] Building C object tests/CMakeFiles/test-xpos.dir/test-xpos.c.o
[ 12%] Building CXX object tests/CMakeFiles/test-quantize-fns.dir/test-quantize-fns.cpp.o
[ 13%] Building CXX object examples/mnist/CMakeFiles/mnist-mtl.dir/main-mtl.cpp.o
[ 14%] Building C object tests/CMakeFiles/test-pool.dir/test-pool.c.o
[ 15%] Building C object tests/CMakeFiles/test-mul-mat1.dir/test-mul-mat1.c.o
[ 16%] Building C object tests/CMakeFiles/test-blas0.dir/test-blas0.c.o
[ 17%] Building CXX object tests/CMakeFiles/test-opt.dir/test-opt.cpp.o
[ 18%] Building CXX object tests/CMakeFiles/test-quantize-perf.dir/test-quantize-perf.cpp.o
[ 20%] Building C object tests/CMakeFiles/test0.dir/test0.c.o
[ 20%] Building CXX object examples/CMakeFiles/common-ggml.dir/common-ggml.cpp.o
[ 21%] Building C object tests/CMakeFiles/test3.dir/test3.c.o
[ 22%] Building CXX object examples/whisper/CMakeFiles/whisper-cpp.dir/whisper.cpp.o
[ 23%] Building CXX object tests/CMakeFiles/test-backend-buffer.dir/test-backend-buffer.cpp.o
[ 24%] Building C object tests/CMakeFiles/test-rel-pos.dir/test-rel-pos.c.o
[ 25%] Building C object tests/CMakeFiles/test-svd0.dir/test-svd0.c.o
[ 26%] Building C object examples/mnist/CMakeFiles/mnist-mtl.dir/main-mtl.m.o
[ 27%] Building CXX object tests/CMakeFiles/test-conv2d.dir/test-conv2d.cpp.o
[ 28%] Building C object tests/CMakeFiles/test-customop.dir/test-customop.c.o
[ 29%] Building C object tests/CMakeFiles/test2.dir/test2.c.o
[ 30%] Building C object tests/CMakeFiles/test-conv-transpose.dir/test-conv-transpose.c.o
[ 31%] Building CXX object tests/CMakeFiles/test-mul-mat.dir/test-mul-mat.cpp.o
[ 32%] Building C object tests/CMakeFiles/test-mul-mat0.dir/test-mul-mat0.c.o
[ 33%] Building CXX object tests/CMakeFiles/test-conv1d.dir/test-conv1d.cpp.o
[ 34%] Building CXX object tests/CMakeFiles/test-backend-ops.dir/test-backend-ops.cpp.o
[ 35%] Building CXX object examples/mnist/CMakeFiles/mnist-cpu.dir/main-cpu.cpp.o
[ 36%] Building C object tests/CMakeFiles/test-dup.dir/test-dup.c.o
[ 37%] Linking C executable ../bin/test-vec0
[ 38%] Linking C executable ../bin/test3
[ 39%] Linking C executable ../bin/test-pool
[ 40%] Linking C executable ../bin/test0
[ 40%] Linking C executable ../bin/test-conv-transpose
[ 40%] Linking C executable ../bin/test-xpos
[ 40%] Linking CXX executable ../bin/test-backend-buffer
[ 41%] Linking C executable ../bin/test-mul-mat0
[ 41%] Linking C executable ../bin/test2
[ 42%] Linking C executable ../bin/test-vec2
[ 43%] Linking C executable ../bin/test-rel-pos
[ 43%] Linking C executable ../bin/test-customop
[ 44%] Linking C executable ../bin/test1
[ 45%] Linking C executable ../bin/test-dup
[ 46%] Linking CXX executable ../bin/test-opt
[ 46%] Built target test-conv-transpose
[ 46%] Built target test0
[ 46%] Built target test-xpos
[ 46%] Built target test3
[ 46%] Built target test-vec0
[ 46%] Built target test-rel-pos
[ 47%] Linking CXX executable ../bin/test-grad0
[ 47%] Built target test-mul-mat0
[ 47%] Built target test-backend-buffer
[ 47%] Built target test-dup
[ 47%] Built target test-pool
[ 47%] Built target test-customop
[ 47%] Built target test-vec2
[ 47%] Built target test2
[ 47%] Built target test-opt
[ 47%] Built target test1
[ 47%] Linking C executable ../bin/test-mul-mat2
[ 47%] Built target test-grad0
[ 47%] Built target test-mul-mat2
[ 47%] Linking CXX executable ../bin/test-quantize-fns
[ 47%] Built target test-quantize-fns
/Users/ggml/work/ggml/tests/test-svd0.c:101:5: warning: 'sgesvd_' is deprecated: first deprecated in macOS 13.3 - The CLAPACK interface is deprecated.  Please compile with -DACCELERATE_NEW_LAPACK to access the new lapack headers. [-Wdeprecated-declarations]
    sgesvd_("S", "S", &m, &n, A, &lda, S, U, &ldu, V, &ldvt, &work_size, &lwork, &info);
    ^
/Applications/Xcode.app/Contents/Developer/Platforms/MacOSX.platform/Developer/SDKs/MacOSX14.2.sdk/System/Library/Frameworks/vecLib.framework/Headers/clapack.h:5624:5: note: 'sgesvd_' has been explicitly marked deprecated here
int sgesvd_(char *__jobu, char *__jobvt, __CLPK_integer *__m,
    ^
/Users/ggml/work/ggml/tests/test-svd0.c:109:5: warning: 'sgesvd_' is deprecated: first deprecated in macOS 13.3 - The CLAPACK interface is deprecated.  Please compile with -DACCELERATE_NEW_LAPACK to access the new lapack headers. [-Wdeprecated-declarations]
    sgesvd_("S", "S", &m, &n, A, &lda, S, U, &ldu, V, &ldvt, work, &lwork, &info);
    ^
/Applications/Xcode.app/Contents/Developer/Platforms/MacOSX.platform/Developer/SDKs/MacOSX14.2.sdk/System/Library/Frameworks/vecLib.framework/Headers/clapack.h:5624:5: note: 'sgesvd_' has been explicitly marked deprecated here
int sgesvd_(char *__jobu, char *__jobvt, __CLPK_integer *__m,
    ^
/Users/ggml/work/ggml/tests/test-mul-mat1.c:287:13: warning: 'cblas_sgemm' is deprecated: first deprecated in macOS 13.3 - An updated CBLAS interface supporting ILP64 is available.  Please compile with -DACCELERATE_NEW_LAPACK to access the new headers and -DACCELERATE_LAPACK_ILP64 for ILP64 support. [-Wdeprecated-declarations]
            cblas_sgemm(CblasRowMajor, CblasNoTrans, CblasTrans, M, N, K, 1.0f, src0, K, src1, K, 0.0f, dst, N);
            ^
/Applications/Xcode.app/Contents/Developer/Platforms/MacOSX.platform/Developer/SDKs/MacOSX14.2.sdk/System/Library/Frameworks/vecLib.framework/Headers/cblas.h:610:6: note: 'cblas_sgemm' has been explicitly marked deprecated here
void cblas_sgemm(const enum CBLAS_ORDER __Order,
     ^
2 warnings generated.
1 warning generated.
/Users/ggml/work/ggml/tests/test-blas0.c:127:5: warning: 'cblas_sgemm' is deprecated: first deprecated in macOS 13.3 - An updated CBLAS interface supporting ILP64 is available.  Please compile with -DACCELERATE_NEW_LAPACK to access the new headers and -DACCELERATE_LAPACK_ILP64 for ILP64 support. [-Wdeprecated-declarations]
    cblas_sgemm(CblasRowMajor, CblasNoTrans, CblasTrans, N, M, K, 1.0f, src1, K, src0, K, 0.0f, dst1, M);
    ^
/Applications/Xcode.app/Contents/Developer/Platforms/MacOSX.platform/Developer/SDKs/MacOSX14.2.sdk/System/Library/Frameworks/vecLib.framework/Headers/cblas.h:610:6: note: 'cblas_sgemm' has been explicitly marked deprecated here
void cblas_sgemm(const enum CBLAS_ORDER __Order,
     ^
[ 47%] Linking C executable ../bin/test-svd0
[ 48%] Linking CXX executable ../../bin/mnist-cpu
[ 49%] Linking C executable ../bin/test-mul-mat1
[ 49%] Linking CXX executable ../bin/test-mul-mat
1 warning generated.
[ 50%] Linking C executable ../bin/test-blas0
[ 50%] Linking CXX executable ../../bin/mnist-mtl
[ 51%] Linking CXX executable ../bin/test-conv2d
[ 51%] Built target test-svd0
[ 52%] Linking CXX executable ../bin/test-conv1d
[ 52%] Built target test-mul-mat1
[ 52%] Built target mnist-cpu
[ 52%] Built target test-blas0
[ 52%] Built target test-mul-mat
[ 52%] Built target test-conv2d
[ 52%] Built target mnist-mtl
[ 52%] Built target test-conv1d
[ 53%] Linking CXX static library libcommon.a
[ 54%] Linking CXX executable ../bin/test-quantize-perf
[ 54%] Built target common
[ 55%] Building CXX object examples/mnist/CMakeFiles/mnist.dir/main.cpp.o
[ 55%] Building CXX object examples/mnist/CMakeFiles/mnist-cnn.dir/main-cnn.cpp.o
[ 56%] Building CXX object examples/sam/CMakeFiles/sam.dir/main.cpp.o
[ 57%] Building CXX object examples/yolo/CMakeFiles/yolov3-tiny.dir/yolo-image.cpp.o
[ 58%] Building CXX object examples/yolo/CMakeFiles/yolov3-tiny.dir/yolov3-tiny.cpp.o
[ 59%] Linking CXX executable ../bin/test-backend-ops
[ 59%] Built target test-quantize-perf
[ 59%] Built target test-backend-ops
[ 60%] Linking CXX static library libcommon-ggml.a
[ 61%] Linking CXX executable ../../bin/mnist-cnn
[ 61%] Built target common-ggml
[ 62%] Linking CXX executable ../../bin/mnist
[ 63%] Building CXX object examples/gpt-2/CMakeFiles/gpt-2-ctx.dir/main-ctx.cpp.o
[ 63%] Building CXX object examples/gpt-2/CMakeFiles/gpt-2-quantize.dir/quantize.cpp.o
[ 63%] Building CXX object examples/gpt-neox/CMakeFiles/gpt-neox.dir/main.cpp.o
[ 64%] Building CXX object examples/gpt-2/CMakeFiles/gpt-2-batched.dir/main-batched.cpp.o
[ 65%] Building CXX object examples/dolly-v2/CMakeFiles/dollyv2.dir/main.cpp.o
[ 65%] Building CXX object examples/gpt-2/CMakeFiles/gpt-2-backend2.dir/main.cpp.o
[ 66%] Building CXX object examples/gpt-j/CMakeFiles/gpt-j.dir/main.cpp.o
[ 67%] Building CXX object examples/gpt-2/CMakeFiles/gpt-2-alloc.dir/main-alloc.cpp.o
[ 68%] Building CXX object examples/starcoder/CMakeFiles/starcoder.dir/main.cpp.o
[ 69%] Building CXX object examples/gpt-neox/CMakeFiles/gpt-neox-quantize.dir/quantize.cpp.o
[ 70%] Building CXX object examples/gpt-2/CMakeFiles/gpt-2-backend.dir/main-backend.cpp.o
[ 71%] Building CXX object examples/replit/CMakeFiles/replit.dir/main.cpp.o
[ 71%] Building CXX object examples/dolly-v2/CMakeFiles/dollyv2-quantize.dir/quantize.cpp.o
[ 72%] Building CXX object examples/starcoder/CMakeFiles/starcoder-quantize.dir/quantize.cpp.o
[ 73%] Building CXX object examples/mpt/CMakeFiles/mpt-quantize.dir/quantize.cpp.o
[ 74%] Building CXX object examples/gpt-j/CMakeFiles/gpt-j-quantize.dir/quantize.cpp.o
[ 75%] Building CXX object examples/mpt/CMakeFiles/mpt.dir/main.cpp.o
[ 76%] Building CXX object examples/whisper/CMakeFiles/whisper-quantize.dir/quantize.cpp.o
[ 77%] Building CXX object examples/replit/CMakeFiles/replit-quantize.dir/quantize.cpp.o
[ 78%] Building CXX object examples/starcoder/CMakeFiles/starcoder-mmap.dir/starcoder-mmap.cpp.o
[ 78%] Built target mnist-cnn
[ 79%] Linking CXX executable ../../bin/yolov3-tiny
[ 79%] Built target mnist
[ 79%] Built target yolov3-tiny
[ 80%] Linking CXX executable ../../bin/sam
/Users/ggml/work/ggml/examples/gpt-2/main.cpp:950:17: error: no matching function for call to 'ggml_backend_sched_new'
        sched = ggml_backend_sched_new(model.backends.data(), model.backends.size());
                ^~~~~~~~~~~~~~~~~~~~~~
/Users/ggml/work/ggml/src/../include/ggml/ggml-backend.h:152:36: note: candidate function not viable: requires 4 arguments, but 2 were provided
    GGML_API ggml_backend_sched_t  ggml_backend_sched_new(ggml_backend_t * backends, ggml_backend_buffer_type_t * bufts, int n_backends, size_t graph_size);
                                   ^
[ 80%] Built target sam
[ 81%] Linking CXX executable ../../bin/replit-quantize
[ 82%] Linking CXX executable ../../bin/mpt-quantize
[ 83%] Linking CXX executable ../../bin/dollyv2-quantize
[ 83%] Built target replit-quantize
[ 83%] Built target mpt-quantize
[ 84%] Linking CXX executable ../../bin/gpt-j-quantize
[ 85%] Linking CXX executable ../../bin/gpt-2-quantize
[ 86%] Linking CXX executable ../../bin/gpt-neox-quantize
1 error generated.
make[2]: *** [examples/gpt-2/CMakeFiles/gpt-2-backend2.dir/main.cpp.o] Error 1
make[1]: *** [examples/gpt-2/CMakeFiles/gpt-2-backend2.dir/all] Error 2
make[1]: *** Waiting for unfinished jobs....
[ 86%] Built target dollyv2-quantize
[ 87%] Linking CXX executable ../../bin/starcoder-quantize
[ 87%] Built target gpt-neox-quantize
[ 87%] Built target gpt-j-quantize
[ 87%] Built target gpt-2-quantize
[ 88%] Linking CXX executable ../../bin/whisper-quantize
[ 88%] Built target starcoder-quantize
[ 89%] Linking CXX executable ../../bin/gpt-neox
[ 90%] Linking CXX executable ../../bin/gpt-j
[ 91%] Linking CXX executable ../../bin/gpt-2-ctx
[ 91%] Built target whisper-quantize
[ 92%] Linking CXX executable ../../bin/starcoder-mmap
[ 93%] Linking CXX executable ../../bin/dollyv2
[ 94%] Linking CXX executable ../../bin/gpt-2-alloc
[ 95%] Linking CXX executable ../../bin/gpt-2-backend
[ 95%] Linking CXX executable ../../bin/starcoder
[ 95%] Built target gpt-neox
[ 95%] Built target gpt-j
[ 96%] Linking CXX executable ../../bin/gpt-2-batched
[ 96%] Built target gpt-2-ctx
[ 96%] Built target dollyv2
[ 96%] Built target starcoder-mmap
[ 97%] Linking CXX executable ../../bin/mpt
[ 97%] Built target gpt-2-alloc
[ 97%] Built target gpt-2-backend
[ 97%] Built target starcoder
[ 97%] Linking CXX executable ../../bin/replit
[ 97%] Built target gpt-2-batched
[ 97%] Built target mpt
[ 97%] Built target replit
[ 97%] Linking CXX static library libwhisper-cpp.a
[ 97%] Built target whisper-cpp
make: *** [all] Error 2
