+ make -j
[  0%] Building CXX object examples/CMakeFiles/common.dir/common.cpp.o
[  1%] Building C object src/CMakeFiles/ggml.dir/ggml.c.o
[  2%] Building C object src/CMakeFiles/ggml.dir/ggml-backend.c.o
[  3%] Building C object src/CMakeFiles/ggml.dir/ggml-alloc.c.o
[  4%] Building C object src/CMakeFiles/ggml.dir/ggml-quants.c.o
[  5%] Linking CXX static library libcommon.a
[  5%] Built target common
[  6%] Linking C shared library libggml.so
[  6%] Built target ggml
[  7%] Building C object tests/CMakeFiles/test-vec1.dir/test-vec1.c.o
[  8%] Building C object tests/CMakeFiles/test-vec0.dir/test-vec0.c.o
[  9%] Building CXX object tests/CMakeFiles/test-quantize-fns.dir/test-quantize-fns.cpp.o
[ 10%] Building CXX object tests/CMakeFiles/test-opt.dir/test-opt.cpp.o
[ 11%] Building CXX object tests/CMakeFiles/test-grad0.dir/test-grad0.cpp.o
[ 12%] Building C object tests/CMakeFiles/test-mul-mat0.dir/test-mul-mat0.c.o
[ 13%] Building C object tests/CMakeFiles/test-mul-mat2.dir/test-mul-mat2.c.o
[ 14%] Building C object tests/CMakeFiles/test0.dir/test0.c.o
[ 15%] Building C object tests/CMakeFiles/test1.dir/test1.c.o
[ 16%] Building CXX object tests/CMakeFiles/test-quantize-perf.dir/test-quantize-perf.cpp.o
[ 17%] Building C object tests/CMakeFiles/test2.dir/test2.c.o
[ 18%] Building C object tests/CMakeFiles/test3.dir/test3.c.o
[ 19%] Building C object tests/CMakeFiles/test-pool.dir/test-pool.c.o
[ 20%] Building C object tests/CMakeFiles/test-rel-pos.dir/test-rel-pos.c.o
[ 21%] Building C object tests/CMakeFiles/test-conv-transpose.dir/test-conv-transpose.c.o
[ 22%] Building C object tests/CMakeFiles/test-customop.dir/test-customop.c.o
[ 23%] Building C object tests/CMakeFiles/test-xpos.dir/test-xpos.c.o
[ 24%] Building CXX object tests/CMakeFiles/test-conv1d.dir/test-conv1d.cpp.o
[ 25%] Building CXX object tests/CMakeFiles/test-conv2d.dir/test-conv2d.cpp.o
[ 26%] Building CXX object tests/CMakeFiles/test-mul-mat.dir/test-mul-mat.cpp.o
[ 28%] Linking C executable ../bin/test0
[ 28%] Linking C executable ../bin/test-vec0
[ 29%] Building CXX object examples/CMakeFiles/common-ggml.dir/common-ggml.cpp.o
[ 30%] Building CXX object examples/whisper/CMakeFiles/whisper-cpp.dir/whisper.cpp.o
[ 31%] Linking CXX executable ../bin/test-opt
[ 32%] Building CXX object examples/mnist/CMakeFiles/mnist.dir/main.cpp.o
[ 33%] Building CXX object examples/mnist/CMakeFiles/mnist-cnn.dir/main-cnn.cpp.o
[ 34%] Linking C executable ../bin/test-rel-pos
[ 34%] Built target test-vec0
[ 35%] Building CXX object examples/mnist/CMakeFiles/mnist-cpu.dir/main-cpu.cpp.o
[ 36%] Linking C executable ../bin/test3
[ 37%] Linking C executable ../bin/test-pool
[ 38%] Linking C executable ../bin/test2
[ 38%] Built target test0
[ 39%] Building CXX object examples/sam/CMakeFiles/sam.dir/main.cpp.o
[ 40%] Linking C executable ../bin/test1
[ 41%] Building CXX object examples/yolo/CMakeFiles/yolov3-tiny.dir/yolov3-tiny.cpp.o
[ 42%] Building CXX object examples/yolo/CMakeFiles/yolov3-tiny.dir/yolo-image.cpp.o
[ 42%] Built target test-opt
[ 42%] Built target test2
[ 43%] Linking C executable ../bin/test-xpos
[ 43%] Built target test3
[ 43%] Built target test-rel-pos
[ 43%] Built target test-pool
[ 43%] Built target test1
[ 44%] Linking C executable ../bin/test-customop
[ 44%] Built target test-xpos
[ 45%] Linking C executable ../bin/test-mul-mat0
[ 46%] Linking C executable ../bin/test-conv-transpose
/home/ggml/work/ggml/tests/test-conv2d.cpp: In function ‘void load_model(test_model&, bool)’:
/home/ggml/work/ggml/tests/test-conv2d.cpp:39:26: warning: comparison of integer expressions of different signedness: ‘size_t’ {aka ‘long unsigned int’} and ‘int’ [-Wsign-compare]
   39 |     for (size_t i = 0; i < KW * KH * IC * OC; i++) {
      |                        ~~^~~~~~~~~~~~~~~~~~~
/home/ggml/work/ggml/tests/test-conv2d.cpp:49:26: warning: comparison of integer expressions of different signedness: ‘size_t’ {aka ‘long unsigned int’} and ‘int’ [-Wsign-compare]
   49 |     for (size_t i = 0; i < IW * IH * IC * N; i++) {
      |                        ~~^~~~~~~~~~~~~~~~~~
[ 46%] Built target test-mul-mat0
[ 46%] Built target test-customop
[ 46%] Built target test-conv-transpose
[ 47%] Linking CXX executable ../bin/test-conv2d
[ 48%] Linking CXX executable ../bin/test-quantize-fns
/home/ggml/work/ggml/tests/test-conv1d.cpp: In function ‘void load_model(test_model&, bool)’:
/home/ggml/work/ggml/tests/test-conv1d.cpp:39:26: warning: comparison of integer expressions of different signedness: ‘size_t’ {aka ‘long unsigned int’} and ‘int’ [-Wsign-compare]
   39 |     for (size_t i = 0; i < K * IC * OC; i++) {
      |                        ~~^~~~~~~~~~~~~
/home/ggml/work/ggml/tests/test-conv1d.cpp:49:26: warning: comparison of integer expressions of different signedness: ‘size_t’ {aka ‘long unsigned int’} and ‘int’ [-Wsign-compare]
   49 |     for (size_t i = 0; i < IL * IC * N; i++) {
      |                        ~~^~~~~~~~~~~~~
/home/ggml/work/ggml/tests/test-conv1d.cpp: In function ‘int main()’:
/home/ggml/work/ggml/tests/test-conv1d.cpp:281:27: warning: format ‘%i’ expects argument of type ‘int’, but argument 2 has type ‘int64_t’ {aka ‘long int’} [-Wformat=]
  281 |     printf("ggml_im2col (%i): %s\n", ggml_nelements(im2col_res), passed && (ggml_nelements(im2col_res) == n_im2col_test) ? "\033[32mPASSED\033[0m" : "\033[31mFAILED\033[0m");
      |                          ~^          ~~~~~~~~~~~~~~~~~~~~~~~~~~
      |                           |                        |
      |                           int                      int64_t {aka long int}
      |                          %li
/home/ggml/work/ggml/tests/test-conv1d.cpp:291:27: warning: format ‘%i’ expects argument of type ‘int’, but argument 2 has type ‘int64_t’ {aka ‘long int’} [-Wformat=]
  291 |     printf("ggml_conv1d (%i): %s\n", ggml_nelements(conv1d_res), passed && (ggml_nelements(conv1d_res) == n_conv1d_test) ? "\033[32mPASSED\033[0m" : "\033[31mFAILED\033[0m");
      |                          ~^          ~~~~~~~~~~~~~~~~~~~~~~~~~~
      |                           |                        |
      |                           int                      int64_t {aka long int}
      |                          %li
[ 48%] Built target test-conv2d
[ 49%] Linking C executable ../bin/test-vec1
[ 49%] Built target test-quantize-fns
[ 49%] Built target test-vec1
[ 50%] Linking CXX executable ../bin/test-conv1d
[ 51%] Linking CXX executable ../bin/test-mul-mat
[ 52%] Linking CXX executable ../../bin/mnist-cpu
[ 52%] Built target test-conv1d
[ 52%] Built target test-mul-mat
[ 52%] Built target mnist-cpu
[ 53%] Linking CXX executable ../bin/test-grad0
[ 54%] Linking CXX executable ../../bin/mnist-cnn
[ 54%] Built target test-grad0
[ 55%] Linking C executable ../bin/test-mul-mat2
[ 55%] Built target mnist-cnn
[ 56%] Linking CXX executable ../../bin/mnist
[ 56%] Built target test-mul-mat2
[ 56%] Built target mnist
[ 56%] Linking CXX executable ../bin/test-quantize-perf
[ 56%] Built target test-quantize-perf
[ 57%] Linking CXX static library libcommon-ggml.a
[ 57%] Built target common-ggml
[ 58%] Building CXX object examples/gpt-2/CMakeFiles/gpt-2-alloc.dir/main-alloc.cpp.o
[ 59%] Building CXX object examples/gpt-2/CMakeFiles/gpt-2-ctx.dir/main-ctx.cpp.o
[ 60%] Building CXX object examples/gpt-2/CMakeFiles/gpt-2-backend2.dir/main.cpp.o
[ 61%] Building CXX object examples/gpt-j/CMakeFiles/gpt-j-quantize.dir/quantize.cpp.o
[ 62%] Building CXX object examples/gpt-2/CMakeFiles/gpt-2-backend.dir/main-backend.cpp.o
[ 63%] Building CXX object examples/gpt-2/CMakeFiles/gpt-2-quantize.dir/quantize.cpp.o
[ 64%] Building CXX object examples/gpt-j/CMakeFiles/gpt-j.dir/main.cpp.o
[ 65%] Building CXX object examples/whisper/CMakeFiles/whisper-quantize.dir/quantize.cpp.o
[ 66%] Building CXX object examples/gpt-2/CMakeFiles/gpt-2-batched.dir/main-batched.cpp.o
[ 67%] Building CXX object examples/gpt-neox/CMakeFiles/gpt-neox-quantize.dir/quantize.cpp.o
[ 68%] Building CXX object examples/gpt-neox/CMakeFiles/gpt-neox.dir/main.cpp.o
[ 69%] Building CXX object examples/dolly-v2/CMakeFiles/dollyv2.dir/main.cpp.o
[ 70%] Building CXX object examples/dolly-v2/CMakeFiles/dollyv2-quantize.dir/quantize.cpp.o
[ 71%] Building CXX object examples/replit/CMakeFiles/replit.dir/main.cpp.o
[ 72%] Building CXX object examples/replit/CMakeFiles/replit-quantize.dir/quantize.cpp.o
[ 73%] Building CXX object examples/mpt/CMakeFiles/mpt-quantize.dir/quantize.cpp.o
[ 74%] Building CXX object examples/mpt/CMakeFiles/mpt.dir/main.cpp.o
[ 75%] Building CXX object examples/starcoder/CMakeFiles/starcoder.dir/main.cpp.o
[ 76%] Building CXX object examples/starcoder/CMakeFiles/starcoder-mmap.dir/starcoder-mmap.cpp.o
[ 77%] Building CXX object examples/starcoder/CMakeFiles/starcoder-quantize.dir/quantize.cpp.o
[ 78%] Linking CXX executable ../../bin/mpt-quantize
[ 79%] Linking CXX executable ../../bin/replit-quantize
[ 80%] Linking CXX executable ../../bin/gpt-j-quantize
[ 80%] Built target mpt-quantize
[ 81%] Linking CXX executable ../../bin/gpt-2-quantize
[ 82%] Linking CXX executable ../../bin/whisper-quantize
[ 82%] Built target gpt-j-quantize
[ 82%] Built target replit-quantize
[ 83%] Linking CXX executable ../../bin/dollyv2-quantize
[ 83%] Built target gpt-2-quantize
[ 84%] Linking CXX executable ../../bin/starcoder-quantize
[ 85%] Linking CXX executable ../../bin/gpt-neox-quantize
[ 85%] Built target whisper-quantize
[ 85%] Built target starcoder-quantize
[ 85%] Built target dollyv2-quantize
[ 85%] Built target gpt-neox-quantize
[ 86%] Linking CXX executable ../../bin/yolov3-tiny
[ 86%] Built target yolov3-tiny
[ 87%] Linking CXX executable ../../bin/gpt-2-backend2
[ 87%] Built target gpt-2-backend2
[ 88%] Linking CXX executable ../../bin/mpt
[ 88%] Linking CXX executable ../../bin/gpt-j
[ 89%] Linking CXX executable ../../bin/gpt-2-ctx
[ 90%] Linking CXX executable ../../bin/gpt-neox
[ 91%] Linking CXX executable ../../bin/gpt-2-batched
[ 92%] Linking CXX executable ../../bin/starcoder
[ 92%] Built target mpt
[ 93%] Linking CXX executable ../../bin/gpt-2-alloc
[ 93%] Built target gpt-2-ctx
[ 93%] Built target gpt-j
[ 94%] Linking CXX executable ../../bin/gpt-2-backend
[ 94%] Built target gpt-2-batched
[ 94%] Linking CXX executable ../../bin/starcoder-mmap
[ 94%] Built target gpt-2-alloc
[ 94%] Built target starcoder
[ 94%] Built target gpt-neox
[ 94%] Built target gpt-2-backend
[ 94%] Built target starcoder-mmap
[ 95%] Linking CXX executable ../../bin/replit
[ 96%] Linking CXX executable ../../bin/dollyv2
[ 96%] Built target replit
[ 96%] Built target dollyv2
[ 97%] Linking CXX executable ../../bin/sam
[ 97%] Built target sam
[ 98%] Linking CXX static library libwhisper-cpp.a
[ 98%] Built target whisper-cpp
[ 99%] Building CXX object examples/whisper/CMakeFiles/whisper.dir/main.cpp.o
[100%] Linking CXX executable ../../bin/whisper
[100%] Built target whisper

real	0m20.366s
user	1m25.680s
sys	0m4.538s
