rm: /Users/ggml/results/ggml/cc/1a4cff60fb08cd3c236e1964849440a898d8b1/ggml-100-mac-m4/*.log: No such file or directory
rm: /Users/ggml/results/ggml/cc/1a4cff60fb08cd3c236e1964849440a898d8b1/ggml-100-mac-m4/*.exit: No such file or directory
rm: /Users/ggml/results/ggml/cc/1a4cff60fb08cd3c236e1964849440a898d8b1/ggml-100-mac-m4/*.md: No such file or directory
Looking in indexes: https://pypi.org/simple, https://download.pytorch.org/whl/cpu
Requirement already satisfied: accelerate==0.19.0 in /Users/ggml/mnt/ggml/venv/lib/python3.12/site-packages (from -r /Users/ggml/work/ggml/requirements.txt (line 1)) (0.19.0)
Requirement already satisfied: numpy>=2.0.2 in /Users/ggml/mnt/ggml/venv/lib/python3.12/site-packages (from -r /Users/ggml/work/ggml/requirements.txt (line 2)) (2.0.2)
Requirement already satisfied: sentencepiece~=0.1.98 in /Users/ggml/mnt/ggml/venv/lib/python3.12/site-packages (from -r /Users/ggml/work/ggml/requirements.txt (line 3)) (0.1.99)
Requirement already satisfied: torchvision>=0.15.2 in /Users/ggml/mnt/ggml/venv/lib/python3.12/site-packages (from -r /Users/ggml/work/ggml/requirements.txt (line 4)) (0.20.1)
Requirement already satisfied: transformers<5.0.0,>=4.35.2 in /Users/ggml/mnt/ggml/venv/lib/python3.12/site-packages (from -r /Users/ggml/work/ggml/requirements.txt (line 5)) (4.46.3)
Requirement already satisfied: gguf>=0.1.0 in /Users/ggml/mnt/ggml/venv/lib/python3.12/site-packages (from -r /Users/ggml/work/ggml/requirements.txt (line 6)) (0.10.0)
Requirement already satisfied: keras==3.5.0 in /Users/ggml/mnt/ggml/venv/lib/python3.12/site-packages (from -r /Users/ggml/work/ggml/requirements.txt (line 7)) (3.5.0)
Requirement already satisfied: tensorflow==2.18.0 in /Users/ggml/mnt/ggml/venv/lib/python3.12/site-packages (from -r /Users/ggml/work/ggml/requirements.txt (line 8)) (2.18.0)
Requirement already satisfied: torch~=2.5.1 in /Users/ggml/mnt/ggml/venv/lib/python3.12/site-packages (from -r /Users/ggml/work/ggml/requirements.txt (line 11)) (2.5.1)
Requirement already satisfied: packaging>=20.0 in /Users/ggml/mnt/ggml/venv/lib/python3.12/site-packages (from accelerate==0.19.0->-r /Users/ggml/work/ggml/requirements.txt (line 1)) (24.2)
Requirement already satisfied: psutil in /Users/ggml/mnt/ggml/venv/lib/python3.12/site-packages (from accelerate==0.19.0->-r /Users/ggml/work/ggml/requirements.txt (line 1)) (6.1.0)
Requirement already satisfied: pyyaml in /Users/ggml/mnt/ggml/venv/lib/python3.12/site-packages (from accelerate==0.19.0->-r /Users/ggml/work/ggml/requirements.txt (line 1)) (6.0.2)
Requirement already satisfied: absl-py in /Users/ggml/mnt/ggml/venv/lib/python3.12/site-packages (from keras==3.5.0->-r /Users/ggml/work/ggml/requirements.txt (line 7)) (2.1.0)
Requirement already satisfied: rich in /Users/ggml/mnt/ggml/venv/lib/python3.12/site-packages (from keras==3.5.0->-r /Users/ggml/work/ggml/requirements.txt (line 7)) (13.9.4)
Requirement already satisfied: namex in /Users/ggml/mnt/ggml/venv/lib/python3.12/site-packages (from keras==3.5.0->-r /Users/ggml/work/ggml/requirements.txt (line 7)) (0.0.8)
Requirement already satisfied: h5py in /Users/ggml/mnt/ggml/venv/lib/python3.12/site-packages (from keras==3.5.0->-r /Users/ggml/work/ggml/requirements.txt (line 7)) (3.12.1)
Requirement already satisfied: optree in /Users/ggml/mnt/ggml/venv/lib/python3.12/site-packages (from keras==3.5.0->-r /Users/ggml/work/ggml/requirements.txt (line 7)) (0.13.1)
Requirement already satisfied: ml-dtypes in /Users/ggml/mnt/ggml/venv/lib/python3.12/site-packages (from keras==3.5.0->-r /Users/ggml/work/ggml/requirements.txt (line 7)) (0.4.1)
Requirement already satisfied: astunparse>=1.6.0 in /Users/ggml/mnt/ggml/venv/lib/python3.12/site-packages (from tensorflow==2.18.0->-r /Users/ggml/work/ggml/requirements.txt (line 8)) (1.6.3)
Requirement already satisfied: flatbuffers>=24.3.25 in /Users/ggml/mnt/ggml/venv/lib/python3.12/site-packages (from tensorflow==2.18.0->-r /Users/ggml/work/ggml/requirements.txt (line 8)) (24.3.25)
Requirement already satisfied: gast!=0.5.0,!=0.5.1,!=0.5.2,>=0.2.1 in /Users/ggml/mnt/ggml/venv/lib/python3.12/site-packages (from tensorflow==2.18.0->-r /Users/ggml/work/ggml/requirements.txt (line 8)) (0.6.0)
Requirement already satisfied: google-pasta>=0.1.1 in /Users/ggml/mnt/ggml/venv/lib/python3.12/site-packages (from tensorflow==2.18.0->-r /Users/ggml/work/ggml/requirements.txt (line 8)) (0.2.0)
Requirement already satisfied: libclang>=13.0.0 in /Users/ggml/mnt/ggml/venv/lib/python3.12/site-packages (from tensorflow==2.18.0->-r /Users/ggml/work/ggml/requirements.txt (line 8)) (18.1.1)
Requirement already satisfied: opt-einsum>=2.3.2 in /Users/ggml/mnt/ggml/venv/lib/python3.12/site-packages (from tensorflow==2.18.0->-r /Users/ggml/work/ggml/requirements.txt (line 8)) (3.4.0)
Requirement already satisfied: protobuf!=4.21.0,!=4.21.1,!=4.21.2,!=4.21.3,!=4.21.4,!=4.21.5,<6.0.0dev,>=3.20.3 in /Users/ggml/mnt/ggml/venv/lib/python3.12/site-packages (from tensorflow==2.18.0->-r /Users/ggml/work/ggml/requirements.txt (line 8)) (5.29.0)
Requirement already satisfied: requests<3,>=2.21.0 in /Users/ggml/mnt/ggml/venv/lib/python3.12/site-packages (from tensorflow==2.18.0->-r /Users/ggml/work/ggml/requirements.txt (line 8)) (2.32.3)
Requirement already satisfied: setuptools in /Users/ggml/mnt/ggml/venv/lib/python3.12/site-packages (from tensorflow==2.18.0->-r /Users/ggml/work/ggml/requirements.txt (line 8)) (75.6.0)
Requirement already satisfied: six>=1.12.0 in /Users/ggml/mnt/ggml/venv/lib/python3.12/site-packages (from tensorflow==2.18.0->-r /Users/ggml/work/ggml/requirements.txt (line 8)) (1.16.0)
Requirement already satisfied: termcolor>=1.1.0 in /Users/ggml/mnt/ggml/venv/lib/python3.12/site-packages (from tensorflow==2.18.0->-r /Users/ggml/work/ggml/requirements.txt (line 8)) (2.5.0)
Requirement already satisfied: typing-extensions>=3.6.6 in /Users/ggml/mnt/ggml/venv/lib/python3.12/site-packages (from tensorflow==2.18.0->-r /Users/ggml/work/ggml/requirements.txt (line 8)) (4.12.2)
Requirement already satisfied: wrapt>=1.11.0 in /Users/ggml/mnt/ggml/venv/lib/python3.12/site-packages (from tensorflow==2.18.0->-r /Users/ggml/work/ggml/requirements.txt (line 8)) (1.17.0)
Requirement already satisfied: grpcio<2.0,>=1.24.3 in /Users/ggml/mnt/ggml/venv/lib/python3.12/site-packages (from tensorflow==2.18.0->-r /Users/ggml/work/ggml/requirements.txt (line 8)) (1.68.1)
Requirement already satisfied: tensorboard<2.19,>=2.18 in /Users/ggml/mnt/ggml/venv/lib/python3.12/site-packages (from tensorflow==2.18.0->-r /Users/ggml/work/ggml/requirements.txt (line 8)) (2.18.0)
Requirement already satisfied: pillow!=8.3.*,>=5.3.0 in /Users/ggml/mnt/ggml/venv/lib/python3.12/site-packages (from torchvision>=0.15.2->-r /Users/ggml/work/ggml/requirements.txt (line 4)) (11.0.0)
Requirement already satisfied: filelock in /Users/ggml/mnt/ggml/venv/lib/python3.12/site-packages (from torch~=2.5.1->-r /Users/ggml/work/ggml/requirements.txt (line 11)) (3.16.1)
Requirement already satisfied: networkx in /Users/ggml/mnt/ggml/venv/lib/python3.12/site-packages (from torch~=2.5.1->-r /Users/ggml/work/ggml/requirements.txt (line 11)) (3.4.2)
Requirement already satisfied: jinja2 in /Users/ggml/mnt/ggml/venv/lib/python3.12/site-packages (from torch~=2.5.1->-r /Users/ggml/work/ggml/requirements.txt (line 11)) (3.1.4)
Requirement already satisfied: fsspec in /Users/ggml/mnt/ggml/venv/lib/python3.12/site-packages (from torch~=2.5.1->-r /Users/ggml/work/ggml/requirements.txt (line 11)) (2024.10.0)
Requirement already satisfied: sympy==1.13.1 in /Users/ggml/mnt/ggml/venv/lib/python3.12/site-packages (from torch~=2.5.1->-r /Users/ggml/work/ggml/requirements.txt (line 11)) (1.13.1)
Requirement already satisfied: mpmath<1.4,>=1.1.0 in /Users/ggml/mnt/ggml/venv/lib/python3.12/site-packages (from sympy==1.13.1->torch~=2.5.1->-r /Users/ggml/work/ggml/requirements.txt (line 11)) (1.3.0)
Requirement already satisfied: huggingface-hub<1.0,>=0.23.2 in /Users/ggml/mnt/ggml/venv/lib/python3.12/site-packages (from transformers<5.0.0,>=4.35.2->-r /Users/ggml/work/ggml/requirements.txt (line 5)) (0.26.3)
Requirement already satisfied: regex!=2019.12.17 in /Users/ggml/mnt/ggml/venv/lib/python3.12/site-packages (from transformers<5.0.0,>=4.35.2->-r /Users/ggml/work/ggml/requirements.txt (line 5)) (2024.11.6)
Requirement already satisfied: tokenizers<0.21,>=0.20 in /Users/ggml/mnt/ggml/venv/lib/python3.12/site-packages (from transformers<5.0.0,>=4.35.2->-r /Users/ggml/work/ggml/requirements.txt (line 5)) (0.20.3)
Requirement already satisfied: safetensors>=0.4.1 in /Users/ggml/mnt/ggml/venv/lib/python3.12/site-packages (from transformers<5.0.0,>=4.35.2->-r /Users/ggml/work/ggml/requirements.txt (line 5)) (0.4.5)
Requirement already satisfied: tqdm>=4.27 in /Users/ggml/mnt/ggml/venv/lib/python3.12/site-packages (from transformers<5.0.0,>=4.35.2->-r /Users/ggml/work/ggml/requirements.txt (line 5)) (4.67.1)
Requirement already satisfied: wheel<1.0,>=0.23.0 in /Users/ggml/mnt/ggml/venv/lib/python3.12/site-packages (from astunparse>=1.6.0->tensorflow==2.18.0->-r /Users/ggml/work/ggml/requirements.txt (line 8)) (0.45.1)
Requirement already satisfied: charset-normalizer<4,>=2 in /Users/ggml/mnt/ggml/venv/lib/python3.12/site-packages (from requests<3,>=2.21.0->tensorflow==2.18.0->-r /Users/ggml/work/ggml/requirements.txt (line 8)) (3.4.0)
Requirement already satisfied: idna<4,>=2.5 in /Users/ggml/mnt/ggml/venv/lib/python3.12/site-packages (from requests<3,>=2.21.0->tensorflow==2.18.0->-r /Users/ggml/work/ggml/requirements.txt (line 8)) (3.10)
Requirement already satisfied: urllib3<3,>=1.21.1 in /Users/ggml/mnt/ggml/venv/lib/python3.12/site-packages (from requests<3,>=2.21.0->tensorflow==2.18.0->-r /Users/ggml/work/ggml/requirements.txt (line 8)) (2.2.3)
Requirement already satisfied: certifi>=2017.4.17 in /Users/ggml/mnt/ggml/venv/lib/python3.12/site-packages (from requests<3,>=2.21.0->tensorflow==2.18.0->-r /Users/ggml/work/ggml/requirements.txt (line 8)) (2024.8.30)
Requirement already satisfied: markdown>=2.6.8 in /Users/ggml/mnt/ggml/venv/lib/python3.12/site-packages (from tensorboard<2.19,>=2.18->tensorflow==2.18.0->-r /Users/ggml/work/ggml/requirements.txt (line 8)) (3.7)
Requirement already satisfied: tensorboard-data-server<0.8.0,>=0.7.0 in /Users/ggml/mnt/ggml/venv/lib/python3.12/site-packages (from tensorboard<2.19,>=2.18->tensorflow==2.18.0->-r /Users/ggml/work/ggml/requirements.txt (line 8)) (0.7.2)
Requirement already satisfied: werkzeug>=1.0.1 in /Users/ggml/mnt/ggml/venv/lib/python3.12/site-packages (from tensorboard<2.19,>=2.18->tensorflow==2.18.0->-r /Users/ggml/work/ggml/requirements.txt (line 8)) (3.1.3)
Requirement already satisfied: MarkupSafe>=2.0 in /Users/ggml/mnt/ggml/venv/lib/python3.12/site-packages (from jinja2->torch~=2.5.1->-r /Users/ggml/work/ggml/requirements.txt (line 11)) (3.0.2)
Requirement already satisfied: markdown-it-py>=2.2.0 in /Users/ggml/mnt/ggml/venv/lib/python3.12/site-packages (from rich->keras==3.5.0->-r /Users/ggml/work/ggml/requirements.txt (line 7)) (3.0.0)
Requirement already satisfied: pygments<3.0.0,>=2.13.0 in /Users/ggml/mnt/ggml/venv/lib/python3.12/site-packages (from rich->keras==3.5.0->-r /Users/ggml/work/ggml/requirements.txt (line 7)) (2.18.0)
Requirement already satisfied: mdurl~=0.1 in /Users/ggml/mnt/ggml/venv/lib/python3.12/site-packages (from markdown-it-py>=2.2.0->rich->keras==3.5.0->-r /Users/ggml/work/ggml/requirements.txt (line 7)) (0.1.2)
+ gg_run_ctest_debug
+ cd /Users/ggml/work/ggml
+ rm -rf build-ci-debug
+ tee /Users/ggml/results/ggml/cc/1a4cff60fb08cd3c236e1964849440a898d8b1/ggml-100-mac-m4/ctest_debug.log
+ mkdir build-ci-debug
+ cd build-ci-debug
+ set -e
+ tee -a /Users/ggml/results/ggml/cc/1a4cff60fb08cd3c236e1964849440a898d8b1/ggml-100-mac-m4/ctest_debug-cmake.log
+ cmake -DCMAKE_BUILD_TYPE=Debug -DGGML_METAL=ON -DGGML_METAL_EMBED_LIBRARY=ON ..
-- The C compiler identification is AppleClang 16.0.0.16000026
-- The CXX compiler identification is AppleClang 16.0.0.16000026
-- Detecting C compiler ABI info
-- Detecting C compiler ABI info - done
-- Check for working C compiler: /Library/Developer/CommandLineTools/usr/bin/cc - skipped
-- Detecting C compile features
-- Detecting C compile features - done
-- Detecting CXX compiler ABI info
-- Detecting CXX compiler ABI info - done
-- Check for working CXX compiler: /Library/Developer/CommandLineTools/usr/bin/c++ - skipped
-- Detecting CXX compile features
-- Detecting CXX compile features - done
-- Performing Test CMAKE_HAVE_LIBC_PTHREAD
-- Performing Test CMAKE_HAVE_LIBC_PTHREAD - Success
-- Found Threads: TRUE
-- ccache found, compilation results will be cached. Disable with GGML_CCACHE=OFF.
-- CMAKE_SYSTEM_PROCESSOR: arm64
-- Including CPU backend
-- Accelerate framework found
-- Could NOT find OpenMP_C (missing: OpenMP_C_FLAGS OpenMP_C_LIB_NAMES) 
-- Could NOT find OpenMP_CXX (missing: OpenMP_CXX_FLAGS OpenMP_CXX_LIB_NAMES) 
-- Could NOT find OpenMP (missing: OpenMP_C_FOUND OpenMP_CXX_FOUND) 
CMake Warning at src/ggml-cpu/CMakeLists.txt:53 (message):
  OpenMP not found
Call Stack (most recent call first):
  src/CMakeLists.txt:301 (ggml_add_cpu_backend_variant_impl)


-- ARM detected
-- Performing Test GGML_COMPILER_SUPPORTS_FP16_FORMAT_I3E
-- Performing Test GGML_COMPILER_SUPPORTS_FP16_FORMAT_I3E - Failed
-- ARM -mcpu not found, -mcpu=native will be used
-- Performing Test GGML_MACHINE_SUPPORTS_dotprod
-- Performing Test GGML_MACHINE_SUPPORTS_dotprod - Success
-- Performing Test GGML_MACHINE_SUPPORTS_i8mm
-- Performing Test GGML_MACHINE_SUPPORTS_i8mm - Success
-- Performing Test GGML_MACHINE_SUPPORTS_sve
-- Performing Test GGML_MACHINE_SUPPORTS_sve - Failed
-- ARM feature DOTPROD enabled
-- ARM feature MATMUL_INT8 enabled
-- ARM feature FMA enabled
-- ARM feature FP16_VECTOR_ARITHMETIC enabled
-- Adding CPU backend variant ggml-cpu: -mcpu=native+dotprod+i8mm+nosve 
-- Looking for dgemm_
-- Looking for dgemm_ - found
-- Found BLAS: /Library/Developer/CommandLineTools/SDKs/MacOSX15.1.sdk/System/Library/Frameworks/Accelerate.framework
-- BLAS found, Libraries: /Library/Developer/CommandLineTools/SDKs/MacOSX15.1.sdk/System/Library/Frameworks/Accelerate.framework
-- BLAS found, Includes: 
-- Including BLAS backend
-- Metal framework found
-- The ASM compiler identification is AppleClang
-- Found assembler: /Library/Developer/CommandLineTools/usr/bin/cc
-- Including METAL backend
-- ARM detected
-- Accelerate framework found
-- Configuring done (2.5s)
-- Generating done (0.1s)
-- Build files have been written to: /Users/ggml/work/ggml/build-ci-debug

real	0m2.685s
user	0m0.769s
sys	0m1.197s
+ tee -a /Users/ggml/results/ggml/cc/1a4cff60fb08cd3c236e1964849440a898d8b1/ggml-100-mac-m4/ctest_debug-make.log
+ make -j
[  0%] Building CXX object src/CMakeFiles/ggml-base.dir/ggml-opt.cpp.o
[  2%] Building C object src/CMakeFiles/ggml-base.dir/ggml.c.o
[  2%] Building C object src/CMakeFiles/ggml-base.dir/ggml-alloc.c.o
[  4%] Building CXX object src/CMakeFiles/ggml-base.dir/ggml-backend.cpp.o
[  4%] Building CXX object src/CMakeFiles/ggml-base.dir/gguf.cpp.o
[  4%] Building CXX object examples/CMakeFiles/common.dir/common.cpp.o
[  5%] Building C object src/CMakeFiles/ggml-base.dir/ggml-quants.c.o
[  6%] Building CXX object src/CMakeFiles/ggml-base.dir/ggml-threading.cpp.o
/Users/ggml/work/ggml/examples/common.cpp:266:31: warning: 'codecvt_utf8<wchar_t>' is deprecated [-Wdeprecated-declarations]
  266 |     std::wstring_convert<std::codecvt_utf8<wchar_t>> converter;
      |                               ^
/Library/Developer/CommandLineTools/SDKs/MacOSX15.1.sdk/usr/include/c++/v1/codecvt:194:28: note: 'codecvt_utf8<wchar_t>' has been explicitly marked deprecated here
  194 | class _LIBCPP_TEMPLATE_VIS _LIBCPP_DEPRECATED_IN_CXX17 codecvt_utf8 : public __codecvt_utf8<_Elem> {
      |                            ^
/Library/Developer/CommandLineTools/SDKs/MacOSX15.1.sdk/usr/include/c++/v1/__config:1022:41: note: expanded from macro '_LIBCPP_DEPRECATED_IN_CXX17'
 1022 | #    define _LIBCPP_DEPRECATED_IN_CXX17 _LIBCPP_DEPRECATED
      |                                         ^
/Library/Developer/CommandLineTools/SDKs/MacOSX15.1.sdk/usr/include/c++/v1/__config:995:49: note: expanded from macro '_LIBCPP_DEPRECATED'
  995 | #      define _LIBCPP_DEPRECATED __attribute__((__deprecated__))
      |                                                 ^
/Users/ggml/work/ggml/examples/common.cpp:266:10: warning: 'wstring_convert<std::codecvt_utf8<wchar_t>>' is deprecated [-Wdeprecated-declarations]
  266 |     std::wstring_convert<std::codecvt_utf8<wchar_t>> converter;
      |          ^
/Library/Developer/CommandLineTools/SDKs/MacOSX15.1.sdk/usr/include/c++/v1/locale:3114:28: note: 'wstring_convert<std::codecvt_utf8<wchar_t>>' has been explicitly marked deprecated here
 3114 | class _LIBCPP_TEMPLATE_VIS _LIBCPP_DEPRECATED_IN_CXX17 wstring_convert {
      |                            ^
/Library/Developer/CommandLineTools/SDKs/MacOSX15.1.sdk/usr/include/c++/v1/__config:1022:41: note: expanded from macro '_LIBCPP_DEPRECATED_IN_CXX17'
 1022 | #    define _LIBCPP_DEPRECATED_IN_CXX17 _LIBCPP_DEPRECATED
      |                                         ^
/Library/Developer/CommandLineTools/SDKs/MacOSX15.1.sdk/usr/include/c++/v1/__config:995:49: note: expanded from macro '_LIBCPP_DEPRECATED'
  995 | #      define _LIBCPP_DEPRECATED __attribute__((__deprecated__))
      |                                                 ^
/Users/ggml/work/ggml/examples/common.cpp:272:31: warning: 'codecvt_utf8<wchar_t>' is deprecated [-Wdeprecated-declarations]
  272 |     std::wstring_convert<std::codecvt_utf8<wchar_t>> converter;
      |                               ^
/Library/Developer/CommandLineTools/SDKs/MacOSX15.1.sdk/usr/include/c++/v1/codecvt:194:28: note: 'codecvt_utf8<wchar_t>' has been explicitly marked deprecated here
  194 | class _LIBCPP_TEMPLATE_VIS _LIBCPP_DEPRECATED_IN_CXX17 codecvt_utf8 : public __codecvt_utf8<_Elem> {
      |                            ^
/Library/Developer/CommandLineTools/SDKs/MacOSX15.1.sdk/usr/include/c++/v1/__config:1022:41: note: expanded from macro '_LIBCPP_DEPRECATED_IN_CXX17'
 1022 | #    define _LIBCPP_DEPRECATED_IN_CXX17 _LIBCPP_DEPRECATED
      |                                         ^
/Library/Developer/CommandLineTools/SDKs/MacOSX15.1.sdk/usr/include/c++/v1/__config:995:49: note: expanded from macro '_LIBCPP_DEPRECATED'
  995 | #      define _LIBCPP_DEPRECATED __attribute__((__deprecated__))
      |                                                 ^
/Users/ggml/work/ggml/examples/common.cpp:272:10: warning: 'wstring_convert<std::codecvt_utf8<wchar_t>>' is deprecated [-Wdeprecated-declarations]
  272 |     std::wstring_convert<std::codecvt_utf8<wchar_t>> converter;
      |          ^
/Library/Developer/CommandLineTools/SDKs/MacOSX15.1.sdk/usr/include/c++/v1/locale:3114:28: note: 'wstring_convert<std::codecvt_utf8<wchar_t>>' has been explicitly marked deprecated here
 3114 | class _LIBCPP_TEMPLATE_VIS _LIBCPP_DEPRECATED_IN_CXX17 wstring_convert {
      |                            ^
/Library/Developer/CommandLineTools/SDKs/MacOSX15.1.sdk/usr/include/c++/v1/__config:1022:41: note: expanded from macro '_LIBCPP_DEPRECATED_IN_CXX17'
 1022 | #    define _LIBCPP_DEPRECATED_IN_CXX17 _LIBCPP_DEPRECATED
      |                                         ^
/Library/Developer/CommandLineTools/SDKs/MacOSX15.1.sdk/usr/include/c++/v1/__config:995:49: note: expanded from macro '_LIBCPP_DEPRECATED'
  995 | #      define _LIBCPP_DEPRECATED __attribute__((__deprecated__))
      |                                                 ^
4 warnings generated.
[  7%] Linking CXX static library libcommon.a
[  7%] Built target common
[  8%] Linking CXX shared library libggml-base.dylib
[  8%] Built target ggml-base
[  9%] Generate assembly for embedded Metal library
Embedding Metal library
[ 12%] Building CXX object src/CMakeFiles/ggml-cpu.dir/ggml-cpu/ggml-cpu.cpp.o
[ 12%] Building CXX object src/CMakeFiles/ggml-cpu.dir/ggml-cpu/ggml-cpu-hbm.cpp.o
[ 12%] Building CXX object src/CMakeFiles/ggml-cpu.dir/ggml-cpu/ggml-cpu-traits.cpp.o
[ 13%] Building C object src/CMakeFiles/ggml-cpu.dir/ggml-cpu/ggml-cpu-quants.c.o
[ 14%] Building CXX object src/ggml-blas/CMakeFiles/ggml-blas.dir/ggml-blas.cpp.o
[ 14%] Building CXX object src/CMakeFiles/ggml-cpu.dir/ggml-cpu/ggml-cpu-aarch64.cpp.o
[ 15%] Building CXX object src/CMakeFiles/ggml-cpu.dir/ggml-cpu/amx/amx.cpp.o
[ 16%] Building C object src/CMakeFiles/ggml-cpu.dir/ggml-cpu/ggml-cpu.c.o
[ 17%] Building CXX object src/CMakeFiles/ggml-cpu.dir/ggml-cpu/amx/mmq.cpp.o
[ 18%] Building C object src/ggml-metal/CMakeFiles/ggml-metal.dir/ggml-metal.m.o
[ 19%] Building ASM object src/ggml-metal/CMakeFiles/ggml-metal.dir/__/__/autogenerated/ggml-metal-embed.s.o
[ 19%] Linking C shared library libggml-metal.dylib
[ 20%] Linking CXX shared library libggml-cpu.dylib
[ 20%] Built target ggml-metal
[ 20%] Built target ggml-cpu
[ 21%] Linking CXX shared library libggml-blas.dylib
[ 21%] Built target ggml-blas
[ 22%] Building CXX object src/CMakeFiles/ggml.dir/ggml-backend-reg.cpp.o
[ 23%] Linking CXX shared library libggml.dylib
[ 23%] Built target ggml
[ 25%] Building C object tests/CMakeFiles/test0.dir/test0.c.o
[ 25%] Building CXX object tests/CMakeFiles/test-arange.dir/test-arange.cpp.o
[ 26%] Building C object tests/CMakeFiles/test-mul-mat1.dir/test-mul-mat1.c.o
[ 27%] Building CXX object examples/CMakeFiles/common-ggml.dir/common-ggml.cpp.o
[ 28%] Building CXX object tests/CMakeFiles/test-pad-reflect-1d.dir/test-pad-reflect-1d.cpp.o
[ 29%] Building C object tests/CMakeFiles/test-rel-pos.dir/test-rel-pos.c.o
[ 30%] Building CXX object tests/CMakeFiles/test-mul-mat.dir/test-mul-mat.cpp.o
[ 31%] Building CXX object examples/mnist/CMakeFiles/mnist-common.dir/mnist-common.cpp.o
[ 32%] Building C object tests/CMakeFiles/test-mul-mat2.dir/test-mul-mat2.c.o
[ 33%] Building CXX object tests/CMakeFiles/test-backend-ops.dir/test-backend-ops.cpp.o
[ 34%] Building CXX object examples/simple/CMakeFiles/simple-backend.dir/simple-backend.cpp.o
[ 35%] Building CXX object tests/CMakeFiles/test-conv2d.dir/test-conv2d.cpp.o
[ 36%] Building CXX object examples/sam/CMakeFiles/sam.dir/main.cpp.o
[ 38%] Building C object tests/CMakeFiles/test-mul-mat0.dir/test-mul-mat0.c.o
[ 38%] Building C object tests/CMakeFiles/test-dup.dir/test-dup.c.o
[ 39%] Building CXX object examples/simple/CMakeFiles/simple-ctx.dir/simple-ctx.cpp.o
[ 40%] Building C object tests/CMakeFiles/test-customop.dir/test-customop.c.o
[ 41%] Building CXX object examples/yolo/CMakeFiles/yolov3-tiny.dir/yolov3-tiny.cpp.o
[ 42%] Building CXX object tests/CMakeFiles/test-conv1d.dir/test-conv1d.cpp.o
[ 43%] Building CXX object examples/yolo/CMakeFiles/yolov3-tiny.dir/yolo-image.cpp.o
[ 44%] Building CXX object examples/perf-metal/CMakeFiles/perf-metal.dir/perf-metal.cpp.o
[ 45%] Building C object tests/CMakeFiles/test-conv-transpose.dir/test-conv-transpose.c.o
[ 45%] Building C object tests/CMakeFiles/test-pool.dir/test-pool.c.o
/Users/ggml/work/ggml/tests/test-mul-mat1.c:287:13: warning: 'cblas_sgemm' is deprecated: first deprecated in macOS 13.3 - An updated CBLAS interface supporting ILP64 is available.  Please compile with -DACCELERATE_NEW_LAPACK to access the new headers and -DACCELERATE_LAPACK_ILP64 for ILP64 support. [-Wdeprecated-declarations]
  287 |             cblas_sgemm(CblasRowMajor, CblasNoTrans, CblasTrans, M, N, K, 1.0f, src0, K, src1, K, 0.0f, dst, N);
      |             ^
/Library/Developer/CommandLineTools/SDKs/MacOSX15.1.sdk/System/Library/Frameworks/vecLib.framework/Headers/cblas.h:610:6: note: 'cblas_sgemm' has been explicitly marked deprecated here
  610 | void cblas_sgemm(const enum CBLAS_ORDER __Order,
      |      ^
1 warning generated.
[ 46%] Building CXX object tests/CMakeFiles/test-quantize-fns.dir/test-quantize-fns.cpp.o
[ 47%] Building C object tests/CMakeFiles/test-cont.dir/test-cont.c.o
[ 48%] Building CXX object tests/CMakeFiles/test-opt.dir/test-opt.cpp.o
[ 48%] Building C object tests/CMakeFiles/test-blas0.dir/test-blas0.c.o
[ 49%] Building CXX object tests/CMakeFiles/test-timestep_embedding.dir/test-timestep_embedding.cpp.o
[ 51%] Building CXX object tests/CMakeFiles/test-quantize-perf.dir/test-quantize-perf.cpp.o
[ 51%] Building C object tests/CMakeFiles/test-vec0.dir/test-vec0.c.o
[ 52%] Building CXX object tests/CMakeFiles/test-conv-transpose-1d.dir/test-conv-transpose-1d.cpp.o
In file included from /Users/ggml/work/ggml/examples/yolo/yolo-image.cpp:4:
/Users/ggml/work/ggml/examples/stb_image_write.h:776:13: warning: 'sprintf' is deprecated: This function is provided for compatibility reasons only.  Due to security concerns inherent in the design of sprintf(3), it is highly recommended that you use snprintf(3) instead. [-Wdeprecated-declarations]
  776 |       len = sprintf(buffer, "EXPOSURE=          1.0000000000000\n\n-Y %d +X %d\n", y, x);
      |             ^
/Library/Developer/CommandLineTools/SDKs/MacOSX15.1.sdk/usr/include/_stdio.h:274:1: note: 'sprintf' has been explicitly marked deprecated here
  274 | __deprecated_msg("This function is provided for compatibility reasons only.  Due to security concerns inherent in the design of sprintf(3), it is highly recommended that you use snprintf(3) instead.")
      | ^
/Library/Developer/CommandLineTools/SDKs/MacOSX15.1.sdk/usr/include/sys/cdefs.h:218:48: note: expanded from macro '__deprecated_msg'
  218 |         #define __deprecated_msg(_msg) __attribute__((__deprecated__(_msg)))
      |                                                       ^
1 warning generated.
[ 53%] Building C object tests/CMakeFiles/test-vec2.dir/test-vec2.c.o
[ 54%] Linking C executable ../bin/test-mul-mat1
[ 55%] Linking C executable ../bin/test-vec0
[ 56%] Linking C executable ../bin/test-vec2
[ 57%] Linking C executable ../bin/test-dup
[ 58%] Linking C executable ../bin/test-rel-pos
[ 58%] Built target test-mul-mat1
[ 59%] Linking C executable ../bin/test0
[ 60%] Linking CXX executable ../bin/test-arange
[ 60%] Built target test-vec0
[ 61%] Linking C executable ../bin/test-pool
[ 61%] Built target test-vec2
[ 62%] Linking C executable ../bin/test-conv-transpose
[ 63%] Linking C executable ../bin/test-customop
[ 63%] Linking C executable ../bin/test-mul-mat0
[ 64%] Linking C executable ../bin/test-cont
[ 65%] Linking CXX executable ../bin/test-pad-reflect-1d
[ 65%] Built target test-conv-transpose
[ 65%] Built target test-arange
[ 65%] Built target test-dup
[ 65%] Built target test-rel-pos
[ 65%] Built target test-pool
[ 65%] Built target test-customop
[ 65%] Built target test-cont
[ 65%] Built target test0
[ 65%] Built target test-pad-reflect-1d
[ 65%] Built target test-mul-mat0
[ 66%] Linking C executable ../bin/test-mul-mat2
[ 66%] Built target test-mul-mat2
[ 67%] Linking CXX executable ../bin/test-quantize-fns
[ 67%] Linking CXX executable ../bin/test-timestep_embedding
[ 67%] Built target test-quantize-fns
[ 67%] Built target test-timestep_embedding
[ 68%] Linking CXX executable ../../bin/perf-metal
/Users/ggml/work/ggml/tests/test-blas0.c:128:5: warning: 'cblas_sgemm' is deprecated: first deprecated in macOS 13.3 - An updated CBLAS interface supporting ILP64 is available.  Please compile with -DACCELERATE_NEW_LAPACK to access the new headers and -DACCELERATE_LAPACK_ILP64 for ILP64 support. [-Wdeprecated-declarations]
  128 |     cblas_sgemm(CblasRowMajor, CblasNoTrans, CblasTrans, N, M, K, 1.0f, src1, K, src0, K, 0.0f, dst1, M);
      |     ^
/Library/Developer/CommandLineTools/SDKs/MacOSX15.1.sdk/System/Library/Frameworks/vecLib.framework/Headers/cblas.h:610:6: note: 'cblas_sgemm' has been explicitly marked deprecated here
  610 | void cblas_sgemm(const enum CBLAS_ORDER __Order,
      |      ^
1 warning generated.
[ 68%] Linking CXX executable ../bin/test-conv1d
[ 69%] Linking CXX executable ../../bin/simple-ctx
[ 70%] Linking C executable ../bin/test-blas0
[ 71%] Linking CXX executable ../../bin/simple-backend
[ 71%] Built target perf-metal
[ 71%] Built target test-conv1d
[ 71%] Built target simple-ctx
/Users/ggml/work/ggml/examples/yolo/yolov3-tiny.cpp:106:29: error: variable has incomplete type 'struct gguf_init_params'
  106 |     struct gguf_init_params gguf_params = {
      |                             ^
/Users/ggml/work/ggml/examples/yolo/yolov3-tiny.cpp:106:12: note: forward declaration of 'gguf_init_params'
  106 |     struct gguf_init_params gguf_params = {
      |            ^
/Users/ggml/work/ggml/examples/yolo/yolov3-tiny.cpp:110:5: error: unknown type name 'gguf_context'; did you mean 'ggml_context'?
  110 |     gguf_context * gguf_ctx = gguf_init_from_file(fname.c_str(), gguf_params);
      |     ^~~~~~~~~~~~
      |     ggml_context
/Users/ggml/work/ggml/src/../include/ggml.h:347:12: note: 'ggml_context' declared here
  347 |     struct ggml_context;
      |            ^
/Users/ggml/work/ggml/examples/yolo/yolov3-tiny.cpp:116:23: error: use of undeclared identifier 'gguf_get_n_tensors'
  116 |     int num_tensors = gguf_get_n_tensors(gguf_ctx);
      |                       ^
/Users/ggml/work/ggml/examples/yolo/yolov3-tiny.cpp:124:29: error: use of undeclared identifier 'gguf_get_tensor_name'
  124 |         const char * name = gguf_get_tensor_name(gguf_ctx, i);
      |                             ^
/Users/ggml/work/ggml/examples/yolo/yolov3-tiny.cpp:136:5: error: use of undeclared identifier 'gguf_free'; did you mean 'ggml_free'?
  136 |     gguf_free(gguf_ctx);
      |     ^~~~~~~~~
      |     ggml_free
/Users/ggml/work/ggml/src/../include/ggml.h:697:36: note: 'ggml_free' declared here
  697 |     GGML_API void                  ggml_free (struct ggml_context * ctx);
      |                                    ^
5 errors generated.
make[2]: *** [examples/yolo/CMakeFiles/yolov3-tiny.dir/yolov3-tiny.cpp.o] Error 1
make[1]: *** [examples/yolo/CMakeFiles/yolov3-tiny.dir/all] Error 2
make[1]: *** Waiting for unfinished jobs....
[ 71%] Built target simple-backend
[ 72%] Linking CXX executable ../bin/test-conv2d
[ 73%] Linking CXX executable ../bin/test-mul-mat
[ 73%] Built target test-blas0
/Users/ggml/work/ggml/examples/mnist/mnist-common.cpp:95:27: error: use of undeclared identifier 'gguf_get_n_tensors'
   95 |     const int n_tensors = gguf_get_n_tensors(ctx_gguf);
      |                           ^
/Users/ggml/work/ggml/examples/mnist/mnist-common.cpp:97:29: error: use of undeclared identifier 'gguf_get_tensor_name'
   97 |         const char * name = gguf_get_tensor_name(ctx_gguf, i);
      |                             ^
/Users/ggml/work/ggml/examples/mnist/mnist-common.cpp:104:29: error: use of undeclared identifier 'gguf_get_data_offset'
  104 |         const size_t offs = gguf_get_data_offset(ctx_gguf) + gguf_get_tensor_offset(ctx_gguf, i);
      |                             ^
/Users/ggml/work/ggml/examples/mnist/mnist-common.cpp:104:62: error: use of undeclared identifier 'gguf_get_tensor_offset'
  104 |         const size_t offs = gguf_get_data_offset(ctx_gguf) + gguf_get_tensor_offset(ctx_gguf, i);
      |                                                              ^
/Users/ggml/work/ggml/examples/mnist/mnist-common.cpp:137:33: error: variable has incomplete type 'struct gguf_init_params'
  137 |         struct gguf_init_params params = {
      |                                 ^
/Users/ggml/work/ggml/examples/mnist/mnist-common.cpp:137:16: note: forward declaration of 'gguf_init_params'
  137 |         struct gguf_init_params params = {
      |                ^
/Users/ggml/work/ggml/examples/mnist/mnist-common.cpp:147:40: error: use of undeclared identifier 'gguf_find_key'
  147 |     model.arch = gguf_get_val_str(ctx, gguf_find_key(ctx, "general.architecture"));
      |                                        ^
/Users/ggml/work/ggml/examples/mnist/mnist-common.cpp:426:31: error: use of undeclared identifier 'gguf_init_empty'
  426 |     gguf_context * gguf_ctx = gguf_init_empty();
      |                               ^
/Users/ggml/work/ggml/examples/mnist/mnist-common.cpp:427:5: error: use of undeclared identifier 'gguf_set_val_str'
  427 |     gguf_set_val_str(gguf_ctx, "general.architecture", model.arch.c_str());
      |     ^
/Users/ggml/work/ggml/examples/mnist/mnist-common.cpp:441:9: error: use of undeclared identifier 'gguf_add_tensor'
  441 |         gguf_add_tensor(gguf_ctx, copy);
      |         ^
/Users/ggml/work/ggml/examples/mnist/mnist-common.cpp:443:5: error: use of undeclared identifier 'gguf_write_to_file'
  443 |     gguf_write_to_file(gguf_ctx, fname.c_str(), false);
      |     ^
/Users/ggml/work/ggml/examples/mnist/mnist-common.cpp:446:5: error: use of undeclared identifier 'gguf_free'; did you mean 'ggml_free'?
  446 |     gguf_free(gguf_ctx);
      |     ^~~~~~~~~
      |     ggml_free
/Users/ggml/work/ggml/src/../include/ggml.h:697:36: note: 'ggml_free' declared here
  697 |     GGML_API void                  ggml_free (struct ggml_context * ctx);
      |                                    ^
/Users/ggml/work/ggml/examples/mnist/mnist-common.cpp:446:15: error: cannot initialize a parameter of type 'struct ggml_context *' with an lvalue of type 'gguf_context *'
  446 |     gguf_free(gguf_ctx);
      |               ^~~~~~~~
/Users/ggml/work/ggml/examples/mnist/mnist-common.cpp:86:80: note: 'gguf_context' is not defined, but forward declared here; conversion would be valid if it was derived from 'ggml_context'
   86 | bool load_from_gguf(const char * fname, struct ggml_context * ctx_ggml, struct gguf_context * ctx_gguf) {
      |                                                                                ^
/Users/ggml/work/ggml/src/../include/ggml.h:697:69: note: passing argument to parameter 'ctx' here
  697 |     GGML_API void                  ggml_free (struct ggml_context * ctx);
      |                                                                     ^
12 errors generated.
make[2]: *** [examples/mnist/CMakeFiles/mnist-common.dir/mnist-common.cpp.o] Error 1
make[1]: *** [examples/mnist/CMakeFiles/mnist-common.dir/all] Error 2
[ 74%] Linking CXX executable ../bin/test-conv-transpose-1d
[ 74%] Built target test-conv2d
[ 74%] Built target test-mul-mat
[ 75%] Linking CXX executable ../bin/test-opt
[ 76%] Linking CXX executable ../bin/test-quantize-perf
[ 76%] Built target test-conv-transpose-1d
[ 76%] Built target test-opt
[ 76%] Built target test-quantize-perf
In file included from /Users/ggml/work/ggml/examples/sam/main.cpp:11:
/Users/ggml/work/ggml/examples/stb_image_write.h:776:13: warning: 'sprintf' is deprecated: This function is provided for compatibility reasons only.  Due to security concerns inherent in the design of sprintf(3), it is highly recommended that you use snprintf(3) instead. [-Wdeprecated-declarations]
  776 |       len = sprintf(buffer, "EXPOSURE=          1.0000000000000\n\n-Y %d +X %d\n", y, x);
      |             ^
/Library/Developer/CommandLineTools/SDKs/MacOSX15.1.sdk/usr/include/_stdio.h:274:1: note: 'sprintf' has been explicitly marked deprecated here
  274 | __deprecated_msg("This function is provided for compatibility reasons only.  Due to security concerns inherent in the design of sprintf(3), it is highly recommended that you use snprintf(3) instead.")
      | ^
/Library/Developer/CommandLineTools/SDKs/MacOSX15.1.sdk/usr/include/sys/cdefs.h:218:48: note: expanded from macro '__deprecated_msg'
  218 |         #define __deprecated_msg(_msg) __attribute__((__deprecated__(_msg)))
      |                                                       ^
1 warning generated.
[ 76%] Linking CXX executable ../../bin/sam
[ 77%] Linking CXX executable ../bin/test-backend-ops
[ 77%] Built target sam
[ 78%] Linking CXX static library libcommon-ggml.a
[ 78%] Built target test-backend-ops
[ 78%] Built target common-ggml
make: *** [all] Error 2
+ cur=2
+ echo 2
+ set +x
cat: /Users/ggml/results/ggml/cc/1a4cff60fb08cd3c236e1964849440a898d8b1/ggml-100-mac-m4/ctest_debug-ctest.log: No such file or directory
Mon Jan 13 23:31:44 PST 2025
