+ cmake -DCMAKE_BUILD_TYPE=Debug ..
-- The C compiler identification is GNU 11.4.0
-- The CXX compiler identification is GNU 11.4.0
-- Detecting C compiler ABI info
-- Detecting C compiler ABI info - done
-- Check for working C compiler: /usr/bin/cc - skipped
-- Detecting C compile features
-- Detecting C compile features - done
-- Detecting CXX compiler ABI info
-- Detecting CXX compiler ABI info - done
-- Check for working CXX compiler: /usr/bin/c++ - skipped
-- Detecting CXX compile features
-- Detecting CXX compile features - done
-- Looking for pthread.h
-- Looking for pthread.h - found
-- Performing Test CMAKE_HAVE_LIBC_PTHREAD
-- Performing Test CMAKE_HAVE_LIBC_PTHREAD - Success
-- Found Threads: TRUE  
-- ccache found, compilation results will be cached. Disable with GGML_CCACHE=OFF.
-- CMAKE_SYSTEM_PROCESSOR: aarch64
-- Including CPU backend
-- Found OpenMP_C: -fopenmp (found version "4.5") 
-- Found OpenMP_CXX: -fopenmp (found version "4.5") 
-- Found OpenMP: TRUE (found version "4.5")  
-- ARM detected
-- Performing Test COMPILER_SUPPORTS_FP16_FORMAT_I3E
-- Performing Test COMPILER_SUPPORTS_FP16_FORMAT_I3E - Failed
-- Adding CPU backend variant ggml-cpu:  
-- ARM detected
-- Configuring done
-- Generating done
-- Build files have been written to: /home/ggml/work/ggml/build-ci-debug

real	0m0.847s
user	0m0.536s
sys	0m0.315s
+ make -j
[  1%] Building CXX object examples/CMakeFiles/common.dir/common.cpp.o
[  2%] Building C object src/CMakeFiles/ggml-base.dir/ggml.c.o
[  4%] Building C object src/CMakeFiles/ggml-base.dir/ggml-alloc.c.o
[  4%] Building CXX object src/CMakeFiles/ggml-base.dir/ggml-backend.cpp.o
[  5%] Building CXX object src/CMakeFiles/ggml-base.dir/ggml-threading.cpp.o
[  6%] Building C object src/CMakeFiles/ggml-base.dir/ggml-quants.c.o
[  7%] Building CXX object src/CMakeFiles/ggml-base.dir/ggml-opt.cpp.o
[  8%] Linking CXX static library libcommon.a
[  8%] Built target common
[  9%] Linking CXX shared library libggml-base.so
[  9%] Built target ggml-base
[ 14%] Building CXX object src/CMakeFiles/ggml-cpu.dir/ggml-cpu/ggml-cpu-hbm.cpp.o
[ 14%] Building CXX object src/CMakeFiles/ggml-cpu.dir/ggml-cpu/ggml-cpu.cpp.o
[ 14%] Building C object src/CMakeFiles/ggml-cpu.dir/ggml-cpu/ggml-cpu.c.o
[ 15%] Building CXX object src/CMakeFiles/ggml-cpu.dir/ggml-cpu/ggml-cpu-traits.cpp.o
[ 14%] Building CXX object src/CMakeFiles/ggml-cpu.dir/ggml-cpu/ggml-cpu-aarch64.cpp.o
[ 16%] Building C object src/CMakeFiles/ggml-cpu.dir/ggml-cpu/ggml-cpu-quants.c.o
[ 16%] Building CXX object src/CMakeFiles/ggml-cpu.dir/ggml-cpu/amx/mmq.cpp.o
[ 17%] Building CXX object src/CMakeFiles/ggml-cpu.dir/ggml-cpu/amx/amx.cpp.o
[ 18%] Linking CXX shared library libggml-cpu.so
[ 18%] Built target ggml-cpu
[ 19%] Building CXX object src/CMakeFiles/ggml.dir/ggml-backend-reg.cpp.o
[ 20%] Linking CXX shared library libggml.so
[ 20%] Built target ggml
[ 23%] Building CXX object tests/CMakeFiles/test-quantize-perf.dir/test-quantize-perf.cpp.o
[ 23%] Building CXX object tests/CMakeFiles/test-opt.dir/test-opt.cpp.o
[ 23%] Building C object tests/CMakeFiles/test-vec0.dir/test-vec0.c.o
[ 24%] Building CXX object tests/CMakeFiles/test-quantize-fns.dir/test-quantize-fns.cpp.o
[ 25%] Building C object tests/CMakeFiles/test-mul-mat2.dir/test-mul-mat2.c.o
[ 26%] Building C object tests/CMakeFiles/test-mul-mat0.dir/test-mul-mat0.c.o
[ 27%] Building C object tests/CMakeFiles/test0.dir/test0.c.o
[ 28%] Linking C executable ../bin/test-vec0
[ 29%] Building CXX object tests/CMakeFiles/test-arange.dir/test-arange.cpp.o
[ 31%] Building CXX object tests/CMakeFiles/test-pad-reflect-1d.dir/test-pad-reflect-1d.cpp.o
[ 31%] Building C object tests/CMakeFiles/test-pool.dir/test-pool.c.o
[ 32%] Building CXX object tests/CMakeFiles/test-timestep_embedding.dir/test-timestep_embedding.cpp.o
[ 34%] Building C object tests/CMakeFiles/test-conv-transpose.dir/test-conv-transpose.c.o
[ 35%] Linking C executable ../bin/test0
[ 36%] Building CXX object tests/CMakeFiles/test-conv-transpose-1d.dir/test-conv-transpose-1d.cpp.o
[ 37%] Linking C executable ../bin/test-pool
[ 37%] Built target test-vec0
[ 38%] Building C object tests/CMakeFiles/test-rel-pos.dir/test-rel-pos.c.o
[ 39%] Building C object tests/CMakeFiles/test-dup.dir/test-dup.c.o
[ 40%] Linking C executable ../bin/test-mul-mat0
[ 41%] Linking CXX executable ../bin/test-pad-reflect-1d
[ 42%] Linking CXX executable ../bin/test-arange
[ 43%] Building C object tests/CMakeFiles/test-customop.dir/test-customop.c.o
[ 44%] Building CXX object tests/CMakeFiles/test-backend-ops.dir/test-backend-ops.cpp.o
[ 45%] Building CXX object tests/CMakeFiles/test-conv2d.dir/test-conv2d.cpp.o
[ 46%] Building CXX object tests/CMakeFiles/test-conv1d.dir/test-conv1d.cpp.o
[ 47%] Building CXX object tests/CMakeFiles/test-mul-mat.dir/test-mul-mat.cpp.o
[ 48%] Linking C executable ../bin/test-conv-transpose
[ 49%] Building C object tests/CMakeFiles/test-cont.dir/test-cont.c.o
[ 49%] Built target test0
[ 50%] Building CXX object examples/CMakeFiles/common-ggml.dir/common-ggml.cpp.o
[ 51%] Building CXX object examples/mnist/CMakeFiles/mnist-common.dir/mnist-common.cpp.o
[ 52%] Linking C executable ../bin/test-dup
[ 52%] Built target test-mul-mat0
[ 53%] Linking C executable ../bin/test-rel-pos
[ 53%] Built target test-pool
[ 54%] Building CXX object examples/sam/CMakeFiles/sam.dir/main.cpp.o
[ 55%] Linking C executable ../bin/test-customop
[ 55%] Built target test-arange
[ 55%] Built target test-pad-reflect-1d
[ 57%] Building CXX object examples/simple/CMakeFiles/simple-backend.dir/simple-backend.cpp.o
[ 57%] Building CXX object examples/simple/CMakeFiles/simple-ctx.dir/simple-ctx.cpp.o
[ 58%] Building CXX object examples/yolo/CMakeFiles/yolov3-tiny.dir/yolo-image.cpp.o
[ 59%] Building CXX object examples/yolo/CMakeFiles/yolov3-tiny.dir/yolov3-tiny.cpp.o
[ 60%] Linking C executable ../bin/test-cont
[ 60%] Built target test-dup
[ 60%] Built target test-conv-transpose
[ 60%] Built target test-customop
[ 60%] Built target test-rel-pos
[ 61%] Linking C executable ../bin/test-mul-mat2
[ 61%] Built target test-cont
[ 62%] Linking CXX executable ../bin/test-timestep_embedding
[ 62%] Built target test-mul-mat2
[ 63%] Linking CXX executable ../bin/test-quantize-fns
[ 63%] Built target test-timestep_embedding
[ 63%] Built target test-quantize-fns
[ 64%] Linking CXX executable ../bin/test-opt
[ 65%] Linking CXX executable ../bin/test-mul-mat
[ 67%] Linking CXX executable ../bin/test-conv1d
[ 68%] Linking CXX executable ../../bin/simple-ctx
[ 68%] Built target test-conv1d
[ 68%] Built target test-opt
[ 68%] Built target test-mul-mat
[ 69%] Linking CXX executable ../bin/test-conv2d
[ 70%] Linking CXX executable ../../bin/simple-backend
[ 70%] Built target simple-ctx
[ 70%] Built target test-conv2d
[ 71%] Linking CXX executable ../bin/test-quantize-perf
[ 71%] Built target simple-backend
[ 72%] Linking CXX executable ../bin/test-conv-transpose-1d
[ 72%] Built target test-quantize-perf
[ 72%] Built target test-conv-transpose-1d
[ 73%] Linking CXX static library libmnist-common.a
[ 73%] Built target mnist-common
[ 74%] Building CXX object examples/mnist/CMakeFiles/mnist-train.dir/mnist-train.cpp.o
[ 75%] Building CXX object examples/mnist/CMakeFiles/mnist-eval.dir/mnist-eval.cpp.o
[ 76%] Linking CXX executable ../../bin/yolov3-tiny
/home/ggml/work/ggml/examples/common-ggml.cpp: In function ‘bool ggml_common_quantize_0(std::ifstream&, std::ofstream&, ggml_ftype, const std::vector<std::__cxx11::basic_string<char> >&, const std::vector<std::__cxx11::basic_string<char> >&)’:
/home/ggml/work/ggml/examples/common-ggml.cpp:75:14: error: ‘GGML_FTYPE_MOSTLY_Q4_0_4_4’ was not declared in this scope; did you mean ‘GGML_FTYPE_MOSTLY_Q4_0’?
   75 |         case GGML_FTYPE_MOSTLY_Q4_0_4_4:
      |              ^~~~~~~~~~~~~~~~~~~~~~~~~~
      |              GGML_FTYPE_MOSTLY_Q4_0
/home/ggml/work/ggml/examples/common-ggml.cpp:76:14: error: ‘GGML_FTYPE_MOSTLY_Q4_0_4_8’ was not declared in this scope; did you mean ‘GGML_FTYPE_MOSTLY_Q4_0’?
   76 |         case GGML_FTYPE_MOSTLY_Q4_0_4_8:
      |              ^~~~~~~~~~~~~~~~~~~~~~~~~~
      |              GGML_FTYPE_MOSTLY_Q4_0
/home/ggml/work/ggml/examples/common-ggml.cpp:77:14: error: ‘GGML_FTYPE_MOSTLY_Q4_0_8_8’ was not declared in this scope; did you mean ‘GGML_FTYPE_MOSTLY_Q4_0’?
   77 |         case GGML_FTYPE_MOSTLY_Q4_0_8_8:
      |              ^~~~~~~~~~~~~~~~~~~~~~~~~~
      |              GGML_FTYPE_MOSTLY_Q4_0
/home/ggml/work/ggml/examples/common-ggml.cpp:215:22: error: ‘GGML_TYPE_Q4_0_4_4’ was not declared in this scope; did you mean ‘GGML_TYPE_Q4_0’?
  215 |                 case GGML_TYPE_Q4_0_4_4:
      |                      ^~~~~~~~~~~~~~~~~~
      |                      GGML_TYPE_Q4_0
/home/ggml/work/ggml/examples/common-ggml.cpp:216:22: error: ‘GGML_TYPE_Q4_0_4_8’ was not declared in this scope; did you mean ‘GGML_TYPE_Q4_0’?
  216 |                 case GGML_TYPE_Q4_0_4_8:
      |                      ^~~~~~~~~~~~~~~~~~
      |                      GGML_TYPE_Q4_0
/home/ggml/work/ggml/examples/common-ggml.cpp:217:22: error: ‘GGML_TYPE_Q4_0_8_8’ was not declared in this scope; did you mean ‘GGML_TYPE_Q4_0’?
  217 |                 case GGML_TYPE_Q4_0_8_8:
      |                      ^~~~~~~~~~~~~~~~~~
      |                      GGML_TYPE_Q4_0
/home/ggml/work/ggml/examples/common-ggml.cpp:220:22: error: ‘GGML_TYPE_IQ4_NL_4_4’ was not declared in this scope; did you mean ‘GGML_TYPE_IQ4_NL’?
  220 |                 case GGML_TYPE_IQ4_NL_4_4:
      |                      ^~~~~~~~~~~~~~~~~~~~
      |                      GGML_TYPE_IQ4_NL
make[2]: *** [examples/CMakeFiles/common-ggml.dir/build.make:76: examples/CMakeFiles/common-ggml.dir/common-ggml.cpp.o] Error 1
make[1]: *** [CMakeFiles/Makefile2:1035: examples/CMakeFiles/common-ggml.dir/all] Error 2
make[1]: *** Waiting for unfinished jobs....
[ 76%] Built target yolov3-tiny
[ 77%] Linking CXX executable ../../bin/mnist-train
[ 78%] Linking CXX executable ../../bin/mnist-eval
[ 78%] Built target mnist-train
[ 79%] Linking CXX executable ../../bin/sam
[ 79%] Built target mnist-eval
[ 79%] Built target sam
[ 80%] Linking CXX executable ../bin/test-backend-ops
[ 80%] Built target test-backend-ops
make: *** [Makefile:146: all] Error 2

real	0m8.255s
user	0m29.005s
sys	0m4.277s
