+ make -j
[  3%] Building C object src/CMakeFiles/ggml.dir/ggml-alloc.c.o
[  3%] Building C object src/CMakeFiles/ggml.dir/ggml.c.o
[  4%] Building C object src/CMakeFiles/ggml.dir/ggml-quants.c.o
[  1%] Building CXX object examples/CMakeFiles/common.dir/common.cpp.o
[  5%] Building C object src/CMakeFiles/ggml.dir/ggml-backend.c.o
[  6%] Linking C shared library libggml.so
[  6%] Built target ggml
[  8%] Building C object tests/CMakeFiles/test-vec0.dir/test-vec0.c.o
[  9%] Building CXX object tests/CMakeFiles/test-quantize-perf.dir/test-quantize-perf.cpp.o
[ 10%] Building CXX object tests/CMakeFiles/test-grad0.dir/test-grad0.cpp.o
[ 11%] Building C object tests/CMakeFiles/test-mul-mat0.dir/test-mul-mat0.c.o
[ 12%] Building CXX object tests/CMakeFiles/test-quantize-fns.dir/test-quantize-fns.cpp.o
[ 15%] Building CXX object tests/CMakeFiles/test-opt.dir/test-opt.cpp.o
[ 13%] Building C object tests/CMakeFiles/test-mul-mat2.dir/test-mul-mat2.c.o
[ 16%] Building C object tests/CMakeFiles/test0.dir/test0.c.o
[ 17%] Linking C executable ../bin/test-vec0
[ 18%] Building C object tests/CMakeFiles/test1.dir/test1.c.o
[ 19%] Building C object tests/CMakeFiles/test3.dir/test3.c.o
[ 20%] Building C object tests/CMakeFiles/test2.dir/test2.c.o
[ 22%] Building C object tests/CMakeFiles/test-pool.dir/test-pool.c.o
[ 23%] Building C object tests/CMakeFiles/test-conv-transpose.dir/test-conv-transpose.c.o
[ 24%] Building C object tests/CMakeFiles/test-customop.dir/test-customop.c.o
[ 25%] Building C object tests/CMakeFiles/test-dup.dir/test-dup.c.o
[ 26%] Linking C executable ../bin/test-mul-mat0
[ 27%] Building C object tests/CMakeFiles/test-xpos.dir/test-xpos.c.o
[ 29%] Building C object tests/CMakeFiles/test-rel-pos.dir/test-rel-pos.c.o
/home/ggml/work/ggml/tests/test2.c: In function ‘main’:
/home/ggml/work/ggml/tests/test2.c:26:65: error: ‘GGML_OPT_LBFGS’ undeclared (first use in this function); did you mean ‘GGML_OP_LOG’?
   26 |     struct ggml_opt_params opt_params = ggml_opt_default_params(GGML_OPT_LBFGS);
      |                                                                 ^~~~~~~~~~~~~~
      |                                                                 GGML_OP_LOG
/home/ggml/work/ggml/tests/test2.c:26:65: note: each undeclared identifier is reported only once for each function it appears in
In file included from /home/ggml/work/ggml/tests/test2.c:2:
/home/ggml/work/ggml/tests/test2.c:82:28: error: ‘GGML_OPT_OK’ undeclared (first use in this function); did you mean ‘GGML_OP_LOG’?
   82 |         GGML_ASSERT(res == GGML_OPT_OK);
      |                            ^~~~~~~~~~~
/home/ggml/work/ggml/src/../include/ggml/ggml.h:258:15: note: in definition of macro ‘GGML_ASSERT’
  258 |         if (!(x)) { \
      |               ^
make[2]: *** [tests/CMakeFiles/test2.dir/build.make:76: tests/CMakeFiles/test2.dir/test2.c.o] Error 1
[ 30%] Building CXX object tests/CMakeFiles/test-conv1d.dir/test-conv1d.cpp.o
make[1]: *** [CMakeFiles/Makefile2:565: tests/CMakeFiles/test2.dir/all] Error 2
make[1]: *** Waiting for unfinished jobs....
[ 31%] Building CXX object tests/CMakeFiles/test-mul-mat.dir/test-mul-mat.cpp.o
[ 32%] Building CXX object tests/CMakeFiles/test-backend-buffer.dir/test-backend-buffer.cpp.o
[ 33%] Building CXX object tests/CMakeFiles/test-backend-ops.dir/test-backend-ops.cpp.o
[ 33%] Built target test-vec0
[ 34%] Building CXX object tests/CMakeFiles/test-conv2d.dir/test-conv2d.cpp.o
[ 36%] Building CXX object examples/CMakeFiles/common-ggml.dir/common-ggml.cpp.o
[ 37%] Building CXX object examples/whisper/CMakeFiles/whisper-cpp.dir/whisper.cpp.o
[ 38%] Building CXX object examples/mnist/CMakeFiles/mnist-cpu.dir/main-cpu.cpp.o
[ 39%] Linking C executable ../bin/test0
/home/ggml/work/ggml/tests/test3.c: In function ‘main’:
/home/ggml/work/ggml/tests/test3.c:19:65: error: ‘GGML_OPT_LBFGS’ undeclared (first use in this function); did you mean ‘GGML_OP_LOG’?
   19 |     struct ggml_opt_params opt_params = ggml_opt_default_params(GGML_OPT_LBFGS);
      |                                                                 ^~~~~~~~~~~~~~
      |                                                                 GGML_OP_LOG
/home/ggml/work/ggml/tests/test3.c:19:65: note: each undeclared identifier is reported only once for each function it appears in
In file included from /home/ggml/work/ggml/tests/test3.c:1:
/home/ggml/work/ggml/tests/test3.c:71:28: error: ‘GGML_OPT_OK’ undeclared (first use in this function); did you mean ‘GGML_OP_LOG’?
   71 |         GGML_ASSERT(res == GGML_OPT_OK);
      |                            ^~~~~~~~~~~
/home/ggml/work/ggml/src/../include/ggml/ggml.h:258:15: note: in definition of macro ‘GGML_ASSERT’
  258 |         if (!(x)) { \
      |               ^
[ 39%] Built target test-mul-mat0
make[2]: *** [tests/CMakeFiles/test3.dir/build.make:76: tests/CMakeFiles/test3.dir/test3.c.o] Error 1
make[1]: *** [CMakeFiles/Makefile2:591: tests/CMakeFiles/test3.dir/all] Error 2
[ 40%] Linking C executable ../bin/test-customop
[ 41%] Linking CXX executable ../bin/test-opt
[ 43%] Linking C executable ../bin/test-conv-transpose
[ 44%] Linking C executable ../bin/test-xpos
[ 45%] Linking C executable ../bin/test-dup
[ 46%] Linking C executable ../bin/test-rel-pos
[ 47%] Linking C executable ../bin/test-pool
[ 48%] Linking C executable ../bin/test1
[ 48%] Built target test0
[ 48%] Built target test-customop
[ 50%] Linking CXX executable ../bin/test-backend-buffer
[ 50%] Built target test-xpos
[ 50%] Built target test-opt
[ 50%] Built target test-conv-transpose
[ 50%] Built target test-rel-pos
[ 50%] Built target test-dup
[ 51%] Linking CXX executable ../bin/test-grad0
[ 51%] Built target test-pool
[ 51%] Built target test1
[ 51%] Built target test-backend-buffer
[ 51%] Built target test-grad0
[ 52%] Linking C executable ../bin/test-mul-mat2
[ 53%] Linking CXX executable ../bin/test-quantize-fns
[ 53%] Built target test-mul-mat2
/home/ggml/work/ggml/tests/test-conv2d.cpp:24:13: warning: ‘void ggml_log_callback_default(ggml_log_level, const char*, void*)’ defined but not used [-Wunused-function]
   24 | static void ggml_log_callback_default(ggml_log_level level, const char * text, void * user_data) {
      |             ^~~~~~~~~~~~~~~~~~~~~~~~~
[ 53%] Built target test-quantize-fns
/home/ggml/work/ggml/tests/test-conv1d.cpp:24:13: warning: ‘void ggml_log_callback_default(ggml_log_level, const char*, void*)’ defined but not used [-Wunused-function]
   24 | static void ggml_log_callback_default(ggml_log_level level, const char * text, void * user_data) {
      |             ^~~~~~~~~~~~~~~~~~~~~~~~~
[ 54%] Linking CXX executable ../bin/test-mul-mat
[ 55%] Linking CXX executable ../bin/test-conv2d
/home/ggml/work/ggml/examples/common-ggml.cpp: In function ‘bool ggml_common_quantize_0(std::ifstream&, std::ofstream&, ggml_ftype, const std::vector<std::__cxx11::basic_string<char> >&, const std::vector<std::__cxx11::basic_string<char> >&)’:
/home/ggml/work/ggml/examples/common-ggml.cpp:50:12: warning: enumeration value ‘GGML_FTYPE_MOSTLY_IQ3_S’ not handled in switch [-Wswitch]
   50 |     switch (ftype) {
      |            ^
[ 56%] Linking CXX executable ../../bin/mnist-cpu
/home/ggml/work/ggml/examples/common-ggml.cpp:178:20: warning: enumeration value ‘GGML_TYPE_IQ3_S’ not handled in switch [-Wswitch]
  178 |             switch ((ggml_type) ttype) {
      |                    ^
[ 56%] Built target test-mul-mat
[ 58%] Linking CXX executable ../bin/test-conv1d
[ 58%] Built target test-conv2d
[ 58%] Built target mnist-cpu
[ 59%] Linking CXX executable ../bin/test-quantize-perf
[ 59%] Built target test-conv1d
[ 59%] Built target test-quantize-perf
[ 60%] Linking CXX executable ../bin/test-backend-ops
[ 60%] Built target test-backend-ops
[ 61%] Linking CXX static library libcommon.a
[ 61%] Built target common
[ 62%] Linking CXX static library libcommon-ggml.a
[ 62%] Built target common-ggml
[ 63%] Linking CXX static library libwhisper-cpp.a
[ 63%] Built target whisper-cpp
make: *** [Makefile:146: all] Error 2

real	0m10.093s
user	0m21.629s
sys	0m3.374s
