+ cmake -DCMAKE_BUILD_TYPE=Debug ..
-- The C compiler identification is GNU 11.4.0
-- The CXX compiler identification is GNU 11.4.0
-- Detecting C compiler ABI info
-- Detecting C compiler ABI info - done
-- Check for working C compiler: /usr/bin/cc - skipped
-- Detecting C compile features
-- Detecting C compile features - done
-- Detecting CXX compiler ABI info
-- Detecting CXX compiler ABI info - done
-- Check for working CXX compiler: /usr/bin/c++ - skipped
-- Detecting CXX compile features
-- Detecting CXX compile features - done
-- Found Git: /usr/bin/git (found version "2.34.1") 
-- Looking for pthread.h
-- Looking for pthread.h - found
-- Performing Test CMAKE_HAVE_LIBC_PTHREAD
-- Performing Test CMAKE_HAVE_LIBC_PTHREAD - Success
-- Found Threads: TRUE  
-- CMAKE_SYSTEM_PROCESSOR: aarch64
GNU ld (GNU Binutils for Ubuntu) 2.38
-- ARM detected
-- ARM detected
-- Configuring done
-- Generating done
-- Build files have been written to: /home/ggml/work/ggml/build-ci-debug

real	0m0.681s
user	0m0.373s
sys	0m0.310s
+ make -j
[  1%] Building C object src/CMakeFiles/ggml.dir/ggml-alloc.c.o
[  2%] Building C object src/CMakeFiles/ggml.dir/ggml-backend.c.o
[  3%] Building C object src/CMakeFiles/ggml.dir/ggml-quants.c.o
[  4%] Building C object src/CMakeFiles/ggml.dir/ggml.c.o
[  5%] Building CXX object examples/CMakeFiles/common.dir/common.cpp.o
[  6%] Linking C shared library libggml.so
[  6%] Built target ggml
[  7%] Building C object tests/CMakeFiles/test-vec0.dir/test-vec0.c.o
[  8%] Building CXX object tests/CMakeFiles/test-grad0.dir/test-grad0.cpp.o
[  9%] Building CXX object tests/CMakeFiles/test-quantize-perf.dir/test-quantize-perf.cpp.o
[ 10%] Building C object tests/CMakeFiles/test-mul-mat0.dir/test-mul-mat0.c.o
[ 11%] Building CXX object tests/CMakeFiles/test-opt.dir/test-opt.cpp.o
[ 12%] Building C object tests/CMakeFiles/test0.dir/test0.c.o
[ 13%] Building CXX object tests/CMakeFiles/test-quantize-fns.dir/test-quantize-fns.cpp.o
[ 14%] Building C object tests/CMakeFiles/test-mul-mat2.dir/test-mul-mat2.c.o
[ 15%] Building C object tests/CMakeFiles/test1.dir/test1.c.o
[ 16%] Building C object tests/CMakeFiles/test2.dir/test2.c.o
[ 17%] Linking C executable ../bin/test-vec0
[ 18%] Building C object tests/CMakeFiles/test-pool.dir/test-pool.c.o
[ 19%] Building C object tests/CMakeFiles/test3.dir/test3.c.o
[ 20%] Building CXX object tests/CMakeFiles/test-arange.dir/test-arange.cpp.o
[ 21%] Building CXX object tests/CMakeFiles/test-timestep_embedding.dir/test-timestep_embedding.cpp.o
[ 22%] Building C object tests/CMakeFiles/test-conv-transpose.dir/test-conv-transpose.c.o
[ 23%] Building C object tests/CMakeFiles/test-dup.dir/test-dup.c.o
[ 25%] Linking C executable ../bin/test-mul-mat0
[ 26%] Building C object tests/CMakeFiles/test-rel-pos.dir/test-rel-pos.c.o
[ 28%] Building CXX object tests/CMakeFiles/test-conv1d.dir/test-conv1d.cpp.o
[ 30%] Building C object tests/CMakeFiles/test-xpos.dir/test-xpos.c.o
[ 27%] Building C object tests/CMakeFiles/test-customop.dir/test-customop.c.o
[ 30%] Building CXX object tests/CMakeFiles/test-conv2d.dir/test-conv2d.cpp.o
[ 31%] Linking C executable ../bin/test0
[ 31%] Built target test-vec0
[ 32%] Building CXX object tests/CMakeFiles/test-mul-mat.dir/test-mul-mat.cpp.o
[ 33%] Building CXX object tests/CMakeFiles/test-backend-ops.dir/test-backend-ops.cpp.o
[ 34%] Building CXX object tests/CMakeFiles/test-backend-buffer.dir/test-backend-buffer.cpp.o
[ 35%] Building CXX object examples/CMakeFiles/common-ggml.dir/common-ggml.cpp.o
[ 36%] Building CXX object examples/whisper/CMakeFiles/whisper-cpp.dir/whisper.cpp.o
[ 37%] Linking C executable ../bin/test-dup
[ 38%] Linking CXX executable ../bin/test-opt
[ 39%] Building CXX object examples/mnist/CMakeFiles/mnist-cpu.dir/main-cpu.cpp.o
[ 39%] Built target test-mul-mat0
[ 40%] Building CXX object examples/simple/CMakeFiles/simple-backend.dir/simple-backend.cpp.o
[ 41%] Linking C executable ../bin/test-conv-transpose
[ 42%] Building CXX object examples/simple/CMakeFiles/simple-ctx.dir/simple-ctx.cpp.o
[ 43%] Linking C executable ../bin/test2
[ 44%] Linking CXX executable ../bin/test-arange
[ 45%] Linking C executable ../bin/test3
[ 46%] Linking C executable ../bin/test-rel-pos
[ 47%] Linking C executable ../bin/test-pool
[ 46%] Built target test0
[ 48%] Linking C executable ../bin/test1
[ 50%] Linking C executable ../bin/test-customop
[ 51%] Linking C executable ../bin/test-xpos
[ 52%] Linking CXX executable ../bin/test-backend-buffer
[ 52%] Built target test-dup
[ 52%] Built target test-conv-transpose
[ 52%] Built target test-opt
[ 52%] Built target test2
[ 52%] Built target test-rel-pos
[ 52%] Built target test3
[ 52%] Built target test-pool
[ 52%] Built target test1
[ 53%] Linking CXX executable ../bin/test-grad0
[ 53%] Built target test-xpos
[ 53%] Built target test-customop
[ 53%] Built target test-backend-buffer
[ 53%] Built target test-arange
[ 53%] Built target test-grad0
[ 54%] Linking CXX executable ../bin/test-timestep_embedding
[ 55%] Linking C executable ../bin/test-mul-mat2
[ 56%] Linking CXX executable ../bin/test-quantize-fns
/home/ggml/work/ggml/tests/test-conv1d.cpp:24:13: warning: ‘void ggml_log_callback_default(ggml_log_level, const char*, void*)’ defined but not used [-Wunused-function]
   24 | static void ggml_log_callback_default(ggml_log_level level, const char * text, void * user_data) {
      |             ^~~~~~~~~~~~~~~~~~~~~~~~~
[ 56%] Built target test-mul-mat2
[ 56%] Built target test-quantize-fns
[ 57%] Linking CXX executable ../bin/test-conv1d
[ 57%] Built target test-timestep_embedding
[ 57%] Built target test-conv1d
/home/ggml/work/ggml/tests/test-conv2d.cpp:24:13: warning: ‘void ggml_log_callback_default(ggml_log_level, const char*, void*)’ defined but not used [-Wunused-function]
   24 | static void ggml_log_callback_default(ggml_log_level level, const char * text, void * user_data) {
      |             ^~~~~~~~~~~~~~~~~~~~~~~~~
[ 58%] Linking CXX executable ../bin/test-mul-mat
[ 59%] Linking CXX executable ../../bin/simple-ctx
[ 60%] Linking CXX executable ../../bin/mnist-cpu
[ 61%] Linking CXX executable ../bin/test-conv2d
[ 62%] Linking CXX executable ../../bin/simple-backend
[ 62%] Built target test-mul-mat
[ 62%] Built target simple-ctx
[ 63%] Linking CXX executable ../bin/test-quantize-perf
[ 63%] Built target mnist-cpu
[ 63%] Built target simple-backend
[ 63%] Built target test-conv2d
[ 63%] Built target test-quantize-perf
[ 64%] Linking CXX executable ../bin/test-backend-ops
[ 64%] Built target test-backend-ops
[ 65%] Linking CXX static library libcommon.a
[ 65%] Built target common
[ 66%] Building CXX object examples/sam/CMakeFiles/sam.dir/main.cpp.o
[ 67%] Building CXX object examples/yolo/CMakeFiles/yolov3-tiny.dir/yolov3-tiny.cpp.o
[ 68%] Building CXX object examples/yolo/CMakeFiles/yolov3-tiny.dir/yolo-image.cpp.o
[ 69%] Building CXX object examples/mnist/CMakeFiles/mnist.dir/main.cpp.o
[ 70%] Building CXX object examples/mnist/CMakeFiles/mnist-cnn.dir/main-cnn.cpp.o
[ 71%] Linking CXX static library libcommon-ggml.a
[ 71%] Built target common-ggml
[ 72%] Building CXX object examples/gpt-2/CMakeFiles/gpt-2-alloc.dir/main-alloc.cpp.o
[ 73%] Building CXX object examples/gpt-2/CMakeFiles/gpt-2-sched.dir/main-sched.cpp.o
[ 75%] Building CXX object examples/gpt-2/CMakeFiles/gpt-2-backend.dir/main-backend.cpp.o
[ 76%] Building CXX object examples/gpt-2/CMakeFiles/gpt-2-ctx.dir/main-ctx.cpp.o
[ 77%] Building CXX object examples/gpt-j/CMakeFiles/gpt-j-quantize.dir/quantize.cpp.o
[ 78%] Building CXX object examples/gpt-2/CMakeFiles/gpt-2-quantize.dir/quantize.cpp.o
[ 79%] Building CXX object examples/gpt-j/CMakeFiles/gpt-j.dir/main.cpp.o
[ 80%] Building CXX object examples/gpt-2/CMakeFiles/gpt-2-batched.dir/main-batched.cpp.o
[ 81%] Building CXX object examples/whisper/CMakeFiles/whisper-quantize.dir/quantize.cpp.o
[ 82%] Building CXX object examples/magika/CMakeFiles/magika.dir/main.cpp.o
[ 83%] Linking CXX executable ../../bin/mnist-cnn
[ 84%] Linking CXX executable ../../bin/magika
[ 85%] Linking CXX executable ../../bin/mnist
[ 85%] Built target mnist-cnn
[ 85%] Built target mnist
[ 85%] Built target magika
[ 86%] Linking CXX executable ../../bin/yolov3-tiny
[ 87%] Linking CXX executable ../../bin/gpt-2-quantize
[ 88%] Linking CXX executable ../../bin/gpt-j-quantize
[ 88%] Built target yolov3-tiny
[ 89%] Linking CXX executable ../../bin/whisper-quantize
[ 89%] Built target gpt-2-quantize
[ 90%] Linking CXX executable ../../bin/gpt-j
[ 90%] Built target gpt-j-quantize
[ 91%] Linking CXX executable ../../bin/gpt-2-backend
[ 92%] Linking CXX executable ../../bin/gpt-2-ctx
[ 92%] Built target whisper-quantize
[ 93%] Linking CXX executable ../../bin/gpt-2-alloc
[ 93%] Built target gpt-j
[ 94%] Linking CXX executable ../../bin/gpt-2-batched
[ 94%] Built target gpt-2-ctx
[ 94%] Built target gpt-2-backend
[ 95%] Linking CXX executable ../../bin/gpt-2-sched
[ 95%] Built target gpt-2-alloc
[ 96%] Linking CXX executable ../../bin/sam
[ 96%] Built target gpt-2-batched
[ 96%] Built target sam
[ 96%] Built target gpt-2-sched
[ 97%] Linking CXX static library libwhisper-cpp.a
[ 97%] Built target whisper-cpp
[ 98%] Building CXX object examples/whisper/CMakeFiles/whisper.dir/main.cpp.o
/home/ggml/work/ggml/examples/whisper/main.cpp:4:10: fatal error: grammar-parser.h: No such file or directory
    4 | #include "grammar-parser.h"
      |          ^~~~~~~~~~~~~~~~~~
compilation terminated.
make[2]: *** [examples/whisper/CMakeFiles/whisper.dir/build.make:76: examples/whisper/CMakeFiles/whisper.dir/main.cpp.o] Error 1
make[1]: *** [CMakeFiles/Makefile2:1301: examples/whisper/CMakeFiles/whisper.dir/all] Error 2
make: *** [Makefile:146: all] Error 2

real	0m14.738s
user	0m40.910s
sys	0m6.166s
