rm: cannot remove '/home/ggml/results/ggml/30/490eb65f08fd2d43695911d8a9f06ee7bb2a05/ggml-0-x86-cpu-low-perf/*.log': No such file or directory
rm: cannot remove '/home/ggml/results/ggml/30/490eb65f08fd2d43695911d8a9f06ee7bb2a05/ggml-0-x86-cpu-low-perf/*.exit': No such file or directory
rm: cannot remove '/home/ggml/results/ggml/30/490eb65f08fd2d43695911d8a9f06ee7bb2a05/ggml-0-x86-cpu-low-perf/*.md': No such file or directory
Defaulting to user installation because normal site-packages is not writeable
Requirement already satisfied: accelerate==0.19.0 in /home/ggml/.local/lib/python3.10/site-packages (from -r /home/ggml/work/ggml/requirements.txt (line 1)) (0.19.0)
Requirement already satisfied: numpy>=1.24.4 in /home/ggml/.local/lib/python3.10/site-packages (from -r /home/ggml/work/ggml/requirements.txt (line 2)) (1.26.3)
Requirement already satisfied: sentencepiece~=0.1.98 in /home/ggml/.local/lib/python3.10/site-packages (from -r /home/ggml/work/ggml/requirements.txt (line 3)) (0.1.98)
Requirement already satisfied: torch==2.0.1 in /home/ggml/.local/lib/python3.10/site-packages (from -r /home/ggml/work/ggml/requirements.txt (line 4)) (2.0.1)
Requirement already satisfied: torchaudio==2.0.2 in /home/ggml/.local/lib/python3.10/site-packages (from -r /home/ggml/work/ggml/requirements.txt (line 5)) (2.0.2)
Requirement already satisfied: torchvision==0.15.2 in /home/ggml/.local/lib/python3.10/site-packages (from -r /home/ggml/work/ggml/requirements.txt (line 6)) (0.15.2)
Requirement already satisfied: transformers<5.0.0,>=4.35.2 in /home/ggml/.local/lib/python3.10/site-packages (from -r /home/ggml/work/ggml/requirements.txt (line 7)) (4.37.1)
Requirement already satisfied: gguf>=0.1.0 in /home/ggml/.local/lib/python3.10/site-packages (from -r /home/ggml/work/ggml/requirements.txt (line 8)) (0.4.5)
Requirement already satisfied: tensorflow==2.15.0 in /home/ggml/.local/lib/python3.10/site-packages (from -r /home/ggml/work/ggml/requirements.txt (line 9)) (2.15.0)
Requirement already satisfied: keras==2.15.0 in /home/ggml/.local/lib/python3.10/site-packages (from -r /home/ggml/work/ggml/requirements.txt (line 10)) (2.15.0)
Requirement already satisfied: packaging>=20.0 in /home/ggml/.local/lib/python3.10/site-packages (from accelerate==0.19.0->-r /home/ggml/work/ggml/requirements.txt (line 1)) (23.1)
Requirement already satisfied: psutil in /home/ggml/.local/lib/python3.10/site-packages (from accelerate==0.19.0->-r /home/ggml/work/ggml/requirements.txt (line 1)) (5.9.5)
Requirement already satisfied: pyyaml in /usr/lib/python3/dist-packages (from accelerate==0.19.0->-r /home/ggml/work/ggml/requirements.txt (line 1)) (5.4.1)
Requirement already satisfied: nvidia-nvtx-cu11==11.7.91 in /home/ggml/.local/lib/python3.10/site-packages (from torch==2.0.1->-r /home/ggml/work/ggml/requirements.txt (line 4)) (11.7.91)
Requirement already satisfied: nvidia-curand-cu11==10.2.10.91 in /home/ggml/.local/lib/python3.10/site-packages (from torch==2.0.1->-r /home/ggml/work/ggml/requirements.txt (line 4)) (10.2.10.91)
Requirement already satisfied: sympy in /home/ggml/.local/lib/python3.10/site-packages (from torch==2.0.1->-r /home/ggml/work/ggml/requirements.txt (line 4)) (1.12)
Requirement already satisfied: typing-extensions in /home/ggml/.local/lib/python3.10/site-packages (from torch==2.0.1->-r /home/ggml/work/ggml/requirements.txt (line 4)) (4.7.1)
Requirement already satisfied: nvidia-cusolver-cu11==11.4.0.1 in /home/ggml/.local/lib/python3.10/site-packages (from torch==2.0.1->-r /home/ggml/work/ggml/requirements.txt (line 4)) (11.4.0.1)
Requirement already satisfied: filelock in /home/ggml/.local/lib/python3.10/site-packages (from torch==2.0.1->-r /home/ggml/work/ggml/requirements.txt (line 4)) (3.12.2)
Requirement already satisfied: nvidia-cusparse-cu11==11.7.4.91 in /home/ggml/.local/lib/python3.10/site-packages (from torch==2.0.1->-r /home/ggml/work/ggml/requirements.txt (line 4)) (11.7.4.91)
Requirement already satisfied: nvidia-cuda-cupti-cu11==11.7.101 in /home/ggml/.local/lib/python3.10/site-packages (from torch==2.0.1->-r /home/ggml/work/ggml/requirements.txt (line 4)) (11.7.101)
Requirement already satisfied: networkx in /home/ggml/.local/lib/python3.10/site-packages (from torch==2.0.1->-r /home/ggml/work/ggml/requirements.txt (line 4)) (3.1)
Requirement already satisfied: nvidia-cudnn-cu11==8.5.0.96 in /home/ggml/.local/lib/python3.10/site-packages (from torch==2.0.1->-r /home/ggml/work/ggml/requirements.txt (line 4)) (8.5.0.96)
Requirement already satisfied: nvidia-cublas-cu11==11.10.3.66 in /home/ggml/.local/lib/python3.10/site-packages (from torch==2.0.1->-r /home/ggml/work/ggml/requirements.txt (line 4)) (11.10.3.66)
Requirement already satisfied: jinja2 in /usr/lib/python3/dist-packages (from torch==2.0.1->-r /home/ggml/work/ggml/requirements.txt (line 4)) (3.0.3)
Requirement already satisfied: nvidia-cuda-nvrtc-cu11==11.7.99 in /home/ggml/.local/lib/python3.10/site-packages (from torch==2.0.1->-r /home/ggml/work/ggml/requirements.txt (line 4)) (11.7.99)
Requirement already satisfied: nvidia-nccl-cu11==2.14.3 in /home/ggml/.local/lib/python3.10/site-packages (from torch==2.0.1->-r /home/ggml/work/ggml/requirements.txt (line 4)) (2.14.3)
Requirement already satisfied: nvidia-cuda-runtime-cu11==11.7.99 in /home/ggml/.local/lib/python3.10/site-packages (from torch==2.0.1->-r /home/ggml/work/ggml/requirements.txt (line 4)) (11.7.99)
Requirement already satisfied: nvidia-cufft-cu11==10.9.0.58 in /home/ggml/.local/lib/python3.10/site-packages (from torch==2.0.1->-r /home/ggml/work/ggml/requirements.txt (line 4)) (10.9.0.58)
Requirement already satisfied: triton==2.0.0 in /home/ggml/.local/lib/python3.10/site-packages (from torch==2.0.1->-r /home/ggml/work/ggml/requirements.txt (line 4)) (2.0.0)
Requirement already satisfied: requests in /usr/lib/python3/dist-packages (from torchvision==0.15.2->-r /home/ggml/work/ggml/requirements.txt (line 6)) (2.25.1)
Requirement already satisfied: pillow!=8.3.*,>=5.3.0 in /home/ggml/.local/lib/python3.10/site-packages (from torchvision==0.15.2->-r /home/ggml/work/ggml/requirements.txt (line 6)) (10.0.0)
Requirement already satisfied: h5py>=2.9.0 in /home/ggml/.local/lib/python3.10/site-packages (from tensorflow==2.15.0->-r /home/ggml/work/ggml/requirements.txt (line 9)) (3.10.0)
Requirement already satisfied: flatbuffers>=23.5.26 in /home/ggml/.local/lib/python3.10/site-packages (from tensorflow==2.15.0->-r /home/ggml/work/ggml/requirements.txt (line 9)) (23.5.26)
Requirement already satisfied: tensorflow-estimator<2.16,>=2.15.0 in /home/ggml/.local/lib/python3.10/site-packages (from tensorflow==2.15.0->-r /home/ggml/work/ggml/requirements.txt (line 9)) (2.15.0)
Requirement already satisfied: protobuf!=4.21.0,!=4.21.1,!=4.21.2,!=4.21.3,!=4.21.4,!=4.21.5,<5.0.0dev,>=3.20.3 in /home/ggml/.local/lib/python3.10/site-packages (from tensorflow==2.15.0->-r /home/ggml/work/ggml/requirements.txt (line 9)) (4.23.4)
Requirement already satisfied: setuptools in /usr/lib/python3/dist-packages (from tensorflow==2.15.0->-r /home/ggml/work/ggml/requirements.txt (line 9)) (59.6.0)
Requirement already satisfied: wrapt<1.15,>=1.11.0 in /home/ggml/.local/lib/python3.10/site-packages (from tensorflow==2.15.0->-r /home/ggml/work/ggml/requirements.txt (line 9)) (1.14.1)
Requirement already satisfied: absl-py>=1.0.0 in /home/ggml/.local/lib/python3.10/site-packages (from tensorflow==2.15.0->-r /home/ggml/work/ggml/requirements.txt (line 9)) (2.1.0)
Requirement already satisfied: grpcio<2.0,>=1.24.3 in /home/ggml/.local/lib/python3.10/site-packages (from tensorflow==2.15.0->-r /home/ggml/work/ggml/requirements.txt (line 9)) (1.60.0)
Requirement already satisfied: tensorflow-io-gcs-filesystem>=0.23.1 in /home/ggml/.local/lib/python3.10/site-packages (from tensorflow==2.15.0->-r /home/ggml/work/ggml/requirements.txt (line 9)) (0.35.0)
Requirement already satisfied: libclang>=13.0.0 in /home/ggml/.local/lib/python3.10/site-packages (from tensorflow==2.15.0->-r /home/ggml/work/ggml/requirements.txt (line 9)) (16.0.6)
Requirement already satisfied: google-pasta>=0.1.1 in /home/ggml/.local/lib/python3.10/site-packages (from tensorflow==2.15.0->-r /home/ggml/work/ggml/requirements.txt (line 9)) (0.2.0)
Requirement already satisfied: gast!=0.5.0,!=0.5.1,!=0.5.2,>=0.2.1 in /home/ggml/.local/lib/python3.10/site-packages (from tensorflow==2.15.0->-r /home/ggml/work/ggml/requirements.txt (line 9)) (0.5.4)
Requirement already satisfied: tensorboard<2.16,>=2.15 in /home/ggml/.local/lib/python3.10/site-packages (from tensorflow==2.15.0->-r /home/ggml/work/ggml/requirements.txt (line 9)) (2.15.1)
Requirement already satisfied: six>=1.12.0 in /usr/lib/python3/dist-packages (from tensorflow==2.15.0->-r /home/ggml/work/ggml/requirements.txt (line 9)) (1.16.0)
Requirement already satisfied: astunparse>=1.6.0 in /home/ggml/.local/lib/python3.10/site-packages (from tensorflow==2.15.0->-r /home/ggml/work/ggml/requirements.txt (line 9)) (1.6.3)
Requirement already satisfied: ml-dtypes~=0.2.0 in /home/ggml/.local/lib/python3.10/site-packages (from tensorflow==2.15.0->-r /home/ggml/work/ggml/requirements.txt (line 9)) (0.2.0)
Requirement already satisfied: opt-einsum>=2.3.2 in /home/ggml/.local/lib/python3.10/site-packages (from tensorflow==2.15.0->-r /home/ggml/work/ggml/requirements.txt (line 9)) (3.3.0)
Requirement already satisfied: termcolor>=1.1.0 in /home/ggml/.local/lib/python3.10/site-packages (from tensorflow==2.15.0->-r /home/ggml/work/ggml/requirements.txt (line 9)) (2.4.0)
Requirement already satisfied: wheel in /usr/lib/python3/dist-packages (from nvidia-cublas-cu11==11.10.3.66->torch==2.0.1->-r /home/ggml/work/ggml/requirements.txt (line 4)) (0.37.1)
Requirement already satisfied: lit in /home/ggml/.local/lib/python3.10/site-packages (from triton==2.0.0->torch==2.0.1->-r /home/ggml/work/ggml/requirements.txt (line 4)) (16.0.6)
Requirement already satisfied: cmake in /home/ggml/.local/lib/python3.10/site-packages (from triton==2.0.0->torch==2.0.1->-r /home/ggml/work/ggml/requirements.txt (line 4)) (3.27.0)
Requirement already satisfied: safetensors>=0.3.1 in /home/ggml/.local/lib/python3.10/site-packages (from transformers<5.0.0,>=4.35.2->-r /home/ggml/work/ggml/requirements.txt (line 7)) (0.4.2)
Requirement already satisfied: tokenizers<0.19,>=0.14 in /home/ggml/.local/lib/python3.10/site-packages (from transformers<5.0.0,>=4.35.2->-r /home/ggml/work/ggml/requirements.txt (line 7)) (0.15.1)
Requirement already satisfied: huggingface-hub<1.0,>=0.19.3 in /home/ggml/.local/lib/python3.10/site-packages (from transformers<5.0.0,>=4.35.2->-r /home/ggml/work/ggml/requirements.txt (line 7)) (0.20.3)
Requirement already satisfied: tqdm>=4.27 in /home/ggml/.local/lib/python3.10/site-packages (from transformers<5.0.0,>=4.35.2->-r /home/ggml/work/ggml/requirements.txt (line 7)) (4.65.0)
Requirement already satisfied: regex!=2019.12.17 in /home/ggml/.local/lib/python3.10/site-packages (from transformers<5.0.0,>=4.35.2->-r /home/ggml/work/ggml/requirements.txt (line 7)) (2023.6.3)
Requirement already satisfied: fsspec>=2023.5.0 in /home/ggml/.local/lib/python3.10/site-packages (from huggingface-hub<1.0,>=0.19.3->transformers<5.0.0,>=4.35.2->-r /home/ggml/work/ggml/requirements.txt (line 7)) (2023.6.0)
Requirement already satisfied: werkzeug>=1.0.1 in /home/ggml/.local/lib/python3.10/site-packages (from tensorboard<2.16,>=2.15->tensorflow==2.15.0->-r /home/ggml/work/ggml/requirements.txt (line 9)) (3.0.1)
Requirement already satisfied: google-auth-oauthlib<2,>=0.5 in /home/ggml/.local/lib/python3.10/site-packages (from tensorboard<2.16,>=2.15->tensorflow==2.15.0->-r /home/ggml/work/ggml/requirements.txt (line 9)) (1.2.0)
Requirement already satisfied: tensorboard-data-server<0.8.0,>=0.7.0 in /home/ggml/.local/lib/python3.10/site-packages (from tensorboard<2.16,>=2.15->tensorflow==2.15.0->-r /home/ggml/work/ggml/requirements.txt (line 9)) (0.7.2)
Requirement already satisfied: google-auth<3,>=1.6.3 in /home/ggml/.local/lib/python3.10/site-packages (from tensorboard<2.16,>=2.15->tensorflow==2.15.0->-r /home/ggml/work/ggml/requirements.txt (line 9)) (2.26.2)
Requirement already satisfied: markdown>=2.6.8 in /home/ggml/.local/lib/python3.10/site-packages (from tensorboard<2.16,>=2.15->tensorflow==2.15.0->-r /home/ggml/work/ggml/requirements.txt (line 9)) (3.5.2)
Requirement already satisfied: mpmath>=0.19 in /home/ggml/.local/lib/python3.10/site-packages (from sympy->torch==2.0.1->-r /home/ggml/work/ggml/requirements.txt (line 4)) (1.3.0)
Requirement already satisfied: pyasn1-modules>=0.2.1 in /usr/lib/python3/dist-packages (from google-auth<3,>=1.6.3->tensorboard<2.16,>=2.15->tensorflow==2.15.0->-r /home/ggml/work/ggml/requirements.txt (line 9)) (0.2.1)
Requirement already satisfied: rsa<5,>=3.1.4 in /home/ggml/.local/lib/python3.10/site-packages (from google-auth<3,>=1.6.3->tensorboard<2.16,>=2.15->tensorflow==2.15.0->-r /home/ggml/work/ggml/requirements.txt (line 9)) (4.9)
Requirement already satisfied: cachetools<6.0,>=2.0.0 in /home/ggml/.local/lib/python3.10/site-packages (from google-auth<3,>=1.6.3->tensorboard<2.16,>=2.15->tensorflow==2.15.0->-r /home/ggml/work/ggml/requirements.txt (line 9)) (5.3.2)
Requirement already satisfied: requests-oauthlib>=0.7.0 in /home/ggml/.local/lib/python3.10/site-packages (from google-auth-oauthlib<2,>=0.5->tensorboard<2.16,>=2.15->tensorflow==2.15.0->-r /home/ggml/work/ggml/requirements.txt (line 9)) (1.3.1)
Requirement already satisfied: MarkupSafe>=2.1.1 in /home/ggml/.local/lib/python3.10/site-packages (from werkzeug>=1.0.1->tensorboard<2.16,>=2.15->tensorflow==2.15.0->-r /home/ggml/work/ggml/requirements.txt (line 9)) (2.1.4)
Requirement already satisfied: oauthlib>=3.0.0 in /usr/lib/python3/dist-packages (from requests-oauthlib>=0.7.0->google-auth-oauthlib<2,>=0.5->tensorboard<2.16,>=2.15->tensorflow==2.15.0->-r /home/ggml/work/ggml/requirements.txt (line 9)) (3.2.0)
Requirement already satisfied: pyasn1>=0.1.3 in /usr/lib/python3/dist-packages (from rsa<5,>=3.1.4->google-auth<3,>=1.6.3->tensorboard<2.16,>=2.15->tensorflow==2.15.0->-r /home/ggml/work/ggml/requirements.txt (line 9)) (0.4.8)
+ tee /home/ggml/results/ggml/30/490eb65f08fd2d43695911d8a9f06ee7bb2a05/ggml-0-x86-cpu-low-perf/ctest_debug.log
+ gg_run_ctest_debug
+ cd /home/ggml/work/ggml
+ rm -rf build-ci-debug
+ mkdir build-ci-debug
+ cd build-ci-debug
+ set -e
+ tee -a /home/ggml/results/ggml/30/490eb65f08fd2d43695911d8a9f06ee7bb2a05/ggml-0-x86-cpu-low-perf/ctest_debug-cmake.log
+ cmake -DCMAKE_BUILD_TYPE=Debug ..
-- The C compiler identification is GNU 11.4.0
-- The CXX compiler identification is GNU 11.4.0
-- Detecting C compiler ABI info
-- Detecting C compiler ABI info - done
-- Check for working C compiler: /usr/bin/cc - skipped
-- Detecting C compile features
-- Detecting C compile features - done
-- Detecting CXX compiler ABI info
-- Detecting CXX compiler ABI info - done
-- Check for working CXX compiler: /usr/bin/c++ - skipped
-- Detecting CXX compile features
-- Detecting CXX compile features - done
-- Found Git: /usr/bin/git (found version "2.34.1") 
-- Performing Test CMAKE_HAVE_LIBC_PTHREAD
-- Performing Test CMAKE_HAVE_LIBC_PTHREAD - Success
-- Found Threads: TRUE  
-- CMAKE_SYSTEM_PROCESSOR: x86_64
GNU ld (GNU Binutils for Ubuntu) 2.38
-- x86 detected
-- Linux detected
-- x86 detected
-- Linux detected
-- Configuring done (0.3s)
-- Generating done (0.0s)
-- Build files have been written to: /home/ggml/work/ggml/build-ci-debug

real	0m0.402s
user	0m0.323s
sys	0m0.079s
+ tee -a /home/ggml/results/ggml/30/490eb65f08fd2d43695911d8a9f06ee7bb2a05/ggml-0-x86-cpu-low-perf/ctest_debug-make.log
+ make -j
[  2%] Building C object src/CMakeFiles/ggml.dir/ggml.c.o
[  2%] Building CXX object examples/CMakeFiles/common.dir/common.cpp.o
[  3%] Building C object src/CMakeFiles/ggml.dir/ggml-backend.c.o
[  4%] Building C object src/CMakeFiles/ggml.dir/ggml-quants.c.o
[  5%] Building C object src/CMakeFiles/ggml.dir/ggml-alloc.c.o
[  6%] Linking C shared library libggml.so
[  6%] Built target ggml
[  7%] Building C object tests/CMakeFiles/test-vec1.dir/test-vec1.c.o
[  8%] Building CXX object tests/CMakeFiles/test-grad0.dir/test-grad0.cpp.o
[  9%] Building CXX object tests/CMakeFiles/test-quantize-fns.dir/test-quantize-fns.cpp.o
[ 10%] Building C object tests/CMakeFiles/test-vec0.dir/test-vec0.c.o
[ 11%] Building CXX object tests/CMakeFiles/test-quantize-perf.dir/test-quantize-perf.cpp.o
[ 12%] Building CXX object tests/CMakeFiles/test-opt.dir/test-opt.cpp.o
[ 13%] Building C object tests/CMakeFiles/test-mul-mat2.dir/test-mul-mat2.c.o
[ 14%] Building C object tests/CMakeFiles/test-mul-mat0.dir/test-mul-mat0.c.o
[ 15%] Building C object tests/CMakeFiles/test0.dir/test0.c.o
[ 16%] Building C object tests/CMakeFiles/test1.dir/test1.c.o
[ 17%] Linking C executable ../bin/test-vec0
[ 18%] Building C object tests/CMakeFiles/test3.dir/test3.c.o
[ 19%] Building C object tests/CMakeFiles/test2.dir/test2.c.o
[ 20%] Building C object tests/CMakeFiles/test-pool.dir/test-pool.c.o
[ 21%] Building CXX object tests/CMakeFiles/test-arange.dir/test-arange.cpp.o
[ 22%] Building CXX object tests/CMakeFiles/test-timestep_embedding.dir/test-timestep_embedding.cpp.o
[ 23%] Building C object tests/CMakeFiles/test-dup.dir/test-dup.c.o
[ 24%] Building C object tests/CMakeFiles/test-rel-pos.dir/test-rel-pos.c.o
[ 25%] Building C object tests/CMakeFiles/test-conv-transpose.dir/test-conv-transpose.c.o
[ 26%] Linking C executable ../bin/test0
[ 26%] Built target test-vec0
[ 27%] Building C object tests/CMakeFiles/test-customop.dir/test-customop.c.o
[ 28%] Building C object tests/CMakeFiles/test-xpos.dir/test-xpos.c.o
[ 29%] Building CXX object tests/CMakeFiles/test-conv1d.dir/test-conv1d.cpp.o
[ 30%] Building CXX object tests/CMakeFiles/test-conv2d.dir/test-conv2d.cpp.o
[ 31%] Building CXX object tests/CMakeFiles/test-mul-mat.dir/test-mul-mat.cpp.o
[ 32%] Linking CXX executable ../bin/test-opt
[ 33%] Linking CXX executable ../bin/test-arange
[ 34%] Building CXX object tests/CMakeFiles/test-backend-ops.dir/test-backend-ops.cpp.o
[ 35%] Building CXX object tests/CMakeFiles/test-backend-buffer.dir/test-backend-buffer.cpp.o
[ 36%] Building CXX object examples/CMakeFiles/common-ggml.dir/common-ggml.cpp.o
[ 37%] Linking C executable ../bin/test-mul-mat0
[ 38%] Building CXX object examples/whisper/CMakeFiles/whisper-cpp.dir/whisper.cpp.o
[ 39%] Linking C executable ../bin/test1
[ 40%] Linking C executable ../bin/test-pool
[ 41%] Linking C executable ../bin/test-rel-pos
[ 41%] Built target test0
[ 42%] Building CXX object examples/mnist/CMakeFiles/mnist-cpu.dir/main-cpu.cpp.o
[ 43%] Building CXX object examples/simple/CMakeFiles/simple-ctx.dir/simple-ctx.cpp.o
[ 44%] Building CXX object examples/simple/CMakeFiles/simple-backend.dir/simple-backend.cpp.o
[ 45%] Linking C executable ../bin/test-dup
[ 46%] Linking C executable ../bin/test3
[ 47%] Linking C executable ../bin/test-conv-transpose
[ 48%] Linking C executable ../bin/test2
/home/ggml/work/ggml/tests/test-xpos.c: In function ‘main’:
[ 49%] Linking CXX executable ../bin/test-grad0
/home/ggml/work/ggml/tests/test-xpos.c:39:31: warning: implicit declaration of function ‘ggml_rope_xpos_inplace’; did you mean ‘ggml_rope_ext_inplace’? [-Wimplicit-function-declaration]
   39 |     struct ggml_tensor * Qx = ggml_rope_xpos_inplace(ctx, Q, KQ_pos, n_embd_head, 512.0f, false);
      |                               ^~~~~~~~~~~~~~~~~~~~~~
      |                               ggml_rope_ext_inplace
/home/ggml/work/ggml/tests/test-xpos.c:39:31: warning: initialization of ‘struct ggml_tensor *’ from ‘int’ makes pointer from integer without a cast [-Wint-conversion]
/home/ggml/work/ggml/tests/test-xpos.c:40:31: warning: initialization of ‘struct ggml_tensor *’ from ‘int’ makes pointer from integer without a cast [-Wint-conversion]
   40 |     struct ggml_tensor * Kx = ggml_rope_xpos_inplace(ctx, K, KQ_pos, n_embd_head, 512.0f, true);
      |                               ^~~~~~~~~~~~~~~~~~~~~~
[ 50%] Linking C executable ../bin/test-customop
[ 50%] Built target test-mul-mat0
[ 50%] Built target test-pool
[ 50%] Built target test1
[ 50%] Built target test-rel-pos
[ 50%] Built target test-opt
[ 51%] Linking C executable ../bin/test-xpos
[ 51%] Built target test-dup
[ 51%] Built target test3
[ 52%] Linking CXX executable ../bin/test-backend-buffer
[ 52%] Built target test-conv-transpose
[ 52%] Built target test2
[ 52%] Built target test-customop
[ 52%] Built target test-grad0
/usr/bin/ld[ 52%] Built target test-arange
: CMakeFiles/test-xpos.dir/test-xpos.c.o: in function `main':
/home/ggml/work/ggml/tests/test-xpos.c:39: undefined reference to `ggml_rope_xpos_inplace'
/usr/bin/ld: /home/ggml/work/ggml/tests/test-xpos.c:40: undefined reference to `ggml_rope_xpos_inplace'
collect2: error: ld returned 1 exit status
make[2]: *** [tests/CMakeFiles/test-xpos.dir/build.make:99: bin/test-xpos] Error 1
make[1]: *** [CMakeFiles/Makefile2:869: tests/CMakeFiles/test-xpos.dir/all] Error 2
make[1]: *** Waiting for unfinished jobs....
[ 52%] Built target test-backend-buffer
[ 53%] Linking C executable ../bin/test-vec1
[ 54%] Linking CXX executable ../bin/test-timestep_embedding
[ 55%] Linking CXX executable ../bin/test-quantize-fns
[ 55%] Built target test-vec1
[ 56%] Linking C executable ../bin/test-mul-mat2
[ 56%] Built target test-quantize-fns
[ 56%] Built target test-mul-mat2
[ 56%] Built target test-timestep_embedding
/home/ggml/work/ggml/tests/test-conv1d.cpp:24:13: warning: ‘void ggml_log_callback_default(ggml_log_level, const char*, void*)’ defined but not used [-Wunused-function]
   24 | static void ggml_log_callback_default(ggml_log_level level, const char * text, void * user_data) {
      |             ^~~~~~~~~~~~~~~~~~~~~~~~~
/home/ggml/work/ggml/tests/test-conv2d.cpp:24:13: warning: ‘void ggml_log_callback_default(ggml_log_level, const char*, void*)’ defined but not used [-Wunused-function]
   24 | static void ggml_log_callback_default(ggml_log_level level, const char * text, void * user_data) {
      |             ^~~~~~~~~~~~~~~~~~~~~~~~~
[ 57%] Linking CXX executable ../../bin/simple-ctx
[ 58%] Linking CXX executable ../bin/test-conv1d
[ 59%] Linking CXX executable ../bin/test-conv2d
[ 60%] Linking CXX executable ../bin/test-mul-mat
[ 61%] Linking CXX executable ../../bin/mnist-cpu
[ 62%] Linking CXX executable ../../bin/simple-backend
[ 62%] Built target simple-ctx
[ 62%] Built target mnist-cpu
[ 62%] Built target test-mul-mat
[ 62%] Built target test-conv1d
[ 62%] Built target simple-backend
[ 62%] Built target test-conv2d
[ 63%] Linking CXX executable ../bin/test-quantize-perf
[ 63%] Built target test-quantize-perf
[ 64%] Linking CXX executable ../bin/test-backend-ops
[ 64%] Built target test-backend-ops
[ 65%] Linking CXX static library libcommon.a
[ 65%] Built target common
[ 66%] Linking CXX static library libcommon-ggml.a
[ 66%] Built target common-ggml
[ 67%] Linking CXX static library libwhisper-cpp.a
[ 67%] Built target whisper-cpp
make: *** [Makefile:146: all] Error 2

real	0m9.841s
user	0m25.496s
sys	0m2.118s
+ cur=2
+ echo 2
+ set +x
cat: /home/ggml/results/ggml/30/490eb65f08fd2d43695911d8a9f06ee7bb2a05/ggml-0-x86-cpu-low-perf/ctest_debug-ctest.log: No such file or directory
