+ cmake -DCMAKE_BUILD_TYPE=Debug -DGGML_CUBLAS=ON ..
CMake Deprecation Warning at CMakeLists.txt:1 (cmake_minimum_required):
  Compatibility with CMake < 3.5 will be removed from a future version of
  CMake.

  Update the VERSION argument <min> value or use a ...<max> suffix to tell
  CMake that the project does not need compatibility with older versions.


-- The C compiler identification is GNU 11.4.0
-- The CXX compiler identification is GNU 11.4.0
-- Detecting C compiler ABI info
-- Detecting C compiler ABI info - done
-- Check for working C compiler: /usr/bin/cc - skipped
-- Detecting C compile features
-- Detecting C compile features - done
-- Detecting CXX compiler ABI info
-- Detecting CXX compiler ABI info - done
-- Check for working CXX compiler: /usr/bin/c++ - skipped
-- Detecting CXX compile features
-- Detecting CXX compile features - done
-- Found Git: /usr/bin/git (found version "2.34.1") 
-- Performing Test CMAKE_HAVE_LIBC_PTHREAD
-- Performing Test CMAKE_HAVE_LIBC_PTHREAD - Success
-- Found Threads: TRUE  
-- CMAKE_SYSTEM_PROCESSOR: x86_64
GNU ld (GNU Binutils for Ubuntu) 2.38
-- x86 detected
-- Linux detected
-- Found CUDAToolkit: /usr/local/cuda-12.2/include (found version "12.2.140") 
-- cuBLAS found
-- The CUDA compiler identification is NVIDIA 12.2.140
-- Detecting CUDA compiler ABI info
-- Detecting CUDA compiler ABI info - done
-- Check for working CUDA compiler: /usr/local/cuda-12.2/bin/nvcc - skipped
-- Detecting CUDA compile features
-- Detecting CUDA compile features - done
-- GGML CUDA sources found
-- GGML Configuring CUDA architectures 52;61;70
-- x86 detected
-- Linux detected
-- Configuring done (3.1s)
-- Generating done (0.1s)
-- Build files have been written to: /home/ggml/work/ggml/build-ci-debug

real	0m3.235s
user	0m2.384s
sys	0m0.824s
+ make -j
[  1%] Building C object src/CMakeFiles/ggml.dir/ggml.c.o
[  2%] Building C object src/CMakeFiles/ggml.dir/ggml-backend.c.o
[  2%] Building C object src/CMakeFiles/ggml.dir/ggml-alloc.c.o
[  3%] Building C object src/CMakeFiles/ggml.dir/ggml-quants.c.o
[  4%] Building CUDA object src/CMakeFiles/ggml.dir/ggml-cuda.cu.o
[  4%] Building CXX object examples/CMakeFiles/common.dir/common.cpp.o
/home/ggml/work/ggml/src/ggml-cuda.cu(607): warning #177-D: function "warp_reduce_sum(half2)" was declared but never referenced
                                   half2 warp_reduce_sum(half2 a) {
                                         ^

Remark: The warnings can be suppressed with "-diag-suppress <warning-number>"

/home/ggml/work/ggml/src/ggml-cuda.cu(628): warning #177-D: function "warp_reduce_max(half2)" was declared but never referenced
                                   half2 warp_reduce_max(half2 x) {
                                         ^

[  5%] Linking CXX static library libcommon.a
[  5%] Built target common
[  6%] Linking CUDA shared library libggml.so
[  6%] Built target ggml
[  7%] Building C object tests/CMakeFiles/test-vec0.dir/test-vec0.c.o
[  7%] Building C object tests/CMakeFiles/test-vec1.dir/test-vec1.c.o
[  7%] Building CXX object tests/CMakeFiles/test-grad0.dir/test-grad0.cpp.o
[  8%] Building CXX object tests/CMakeFiles/test-opt.dir/test-opt.cpp.o
[  9%] Building CXX object tests/CMakeFiles/test-quantize-perf.dir/test-quantize-perf.cpp.o
[ 10%] Building CXX object tests/CMakeFiles/test-quantize-fns.dir/test-quantize-fns.cpp.o
[ 11%] Building C object tests/CMakeFiles/test-mul-mat0.dir/test-mul-mat0.c.o
[ 12%] Building C object tests/CMakeFiles/test-mul-mat2.dir/test-mul-mat2.c.o
[ 13%] Building C object tests/CMakeFiles/test0.dir/test0.c.o
[ 14%] Linking C executable ../bin/test-vec0
[ 14%] Building C object tests/CMakeFiles/test-conv-transpose.dir/test-conv-transpose.c.o
[ 15%] Building C object tests/CMakeFiles/test1.dir/test1.c.o
[ 16%] Linking C executable ../bin/test0
[ 16%] Building C object tests/CMakeFiles/test-pool.dir/test-pool.c.o
[ 17%] Building C object tests/CMakeFiles/test2.dir/test2.c.o
[ 17%] Building C object tests/CMakeFiles/test3.dir/test3.c.o
[ 18%] Building C object tests/CMakeFiles/test-dup.dir/test-dup.c.o
[ 18%] Built target test-vec0
[ 19%] Building C object tests/CMakeFiles/test-rel-pos.dir/test-rel-pos.c.o
[ 20%] Building C object tests/CMakeFiles/test-customop.dir/test-customop.c.o
[ 21%] Building CXX object tests/CMakeFiles/test-conv1d.dir/test-conv1d.cpp.o
[ 22%] Building C object tests/CMakeFiles/test-xpos.dir/test-xpos.c.o
[ 23%] Building CXX object tests/CMakeFiles/test-conv2d.dir/test-conv2d.cpp.o
[ 24%] Linking C executable ../bin/test-dup
[ 25%] Linking C executable ../bin/test-conv-transpose
[ 26%] Linking C executable ../bin/test2
[ 27%] Building CXX object tests/CMakeFiles/test-mul-mat.dir/test-mul-mat.cpp.o
[ 28%] Building CXX object tests/CMakeFiles/test-backend-buffer.dir/test-backend-buffer.cpp.o
[ 29%] Linking C executable ../bin/test-pool
[ 30%] Building CXX object tests/CMakeFiles/test-backend-ops.dir/test-backend-ops.cpp.o
[ 31%] Building CXX object examples/CMakeFiles/common-ggml.dir/common-ggml.cpp.o
[ 33%] Linking C executable ../bin/test-mul-mat0
[ 32%] Linking CXX executable ../bin/test-opt
[ 34%] Linking C executable ../bin/test3
[ 35%] Building CXX object examples/whisper/CMakeFiles/whisper-cpp.dir/whisper.cpp.o
[ 36%] Linking C executable ../bin/test-customop
[ 37%] Building CXX object examples/mnist/CMakeFiles/mnist-cnn.dir/main-cnn.cpp.o
[ 38%] Building CXX object examples/mnist/CMakeFiles/mnist.dir/main.cpp.o
[ 39%] Building CXX object examples/mnist/CMakeFiles/mnist-cpu.dir/main-cpu.cpp.o
[ 40%] Linking C executable ../bin/test1
[ 41%] Building CXX object examples/sam/CMakeFiles/sam.dir/main.cpp.o
[ 42%] Linking C executable ../bin/test-rel-pos
[ 43%] Building CXX object examples/yolo/CMakeFiles/yolov3-tiny.dir/yolov3-tiny.cpp.o
[ 44%] Building CXX object examples/yolo/CMakeFiles/yolov3-tiny.dir/yolo-image.cpp.o
[ 44%] Built target test0
[ 45%] Linking CXX executable ../bin/test-backend-buffer
[ 46%] Linking C executable ../bin/test-xpos
[ 47%] Linking CXX executable ../bin/test-grad0
[ 47%] Built target test2
[ 47%] Built target test-dup
[ 47%] Built target test-pool
[ 47%] Built target test-conv-transpose
[ 47%] Built target test-opt
[ 47%] Built target test-rel-pos
[ 47%] Built target test-customop
[ 47%] Built target test3
[ 47%] Built target test-xpos
[ 47%] Built target test-backend-buffer
[ 47%] Built target test-mul-mat0
[ 48%] Linking C executable ../bin/test-mul-mat2
[ 48%] Built target test1
[ 48%] Built target test-grad0
[ 49%] Linking C executable ../bin/test-vec1
[ 49%] Built target test-mul-mat2
[ 50%] Linking CXX executable ../bin/test-quantize-fns
[ 50%] Built target test-vec1
[ 50%] Built target test-quantize-fns
/home/ggml/work/ggml/tests/test-conv2d.cpp:24:13: warning: ‘void ggml_log_callback_default(ggml_log_level, const char*, void*)’ defined but not used [-Wunused-function]
   24 | static void ggml_log_callback_default(ggml_log_level level, const char * text, void * user_data) {
      |             ^~~~~~~~~~~~~~~~~~~~~~~~~
/home/ggml/work/ggml/tests/test-conv1d.cpp:24:13: warning: ‘void ggml_log_callback_default(ggml_log_level, const char*, void*)’ defined but not used [-Wunused-function]
   24 | static void ggml_log_callback_default(ggml_log_level level, const char * text, void * user_data) {
      |             ^~~~~~~~~~~~~~~~~~~~~~~~~
/home/ggml/work/ggml/tests/test-mul-mat.cpp:24:13: warning: ‘void ggml_log_callback_default(ggml_log_level, const char*, void*)’ defined but not used [-Wunused-function]
   24 | static void ggml_log_callback_default(ggml_log_level level, const char * text, void * user_data) {
      |             ^~~~~~~~~~~~~~~~~~~~~~~~~
[ 51%] Linking CXX executable ../bin/test-conv2d
[ 52%] Linking CXX executable ../bin/test-mul-mat
[ 53%] Linking CXX executable ../bin/test-conv1d
[ 54%] Linking CXX executable ../../bin/mnist-cpu
[ 54%] Built target test-conv2d
[ 55%] Linking CXX executable ../../bin/mnist-cnn
[ 55%] Built target test-conv1d
[ 55%] Built target mnist-cnn
[ 55%] Built target test-mul-mat
[ 55%] Built target mnist-cpu
[ 56%] Linking CXX executable ../../bin/mnist
[ 56%] Built target mnist
[ 57%] Linking CXX executable ../bin/test-quantize-perf
[ 58%] Linking CXX executable ../../bin/yolov3-tiny
[ 58%] Built target test-quantize-perf
[ 58%] Built target yolov3-tiny
[ 59%] Linking CXX executable ../bin/test-backend-ops
[ 59%] Built target test-backend-ops
[ 60%] Linking CXX executable ../../bin/sam
[ 60%] Built target sam
[ 61%] Linking CXX static library libcommon-ggml.a
[ 61%] Built target common-ggml
[ 62%] Building CXX object examples/gpt-2/CMakeFiles/gpt-2-ctx.dir/main-ctx.cpp.o
[ 63%] Building CXX object examples/gpt-2/CMakeFiles/gpt-2-alloc.dir/main-alloc.cpp.o
[ 64%] Building CXX object examples/gpt-2/CMakeFiles/gpt-2-backend.dir/main-backend.cpp.o
[ 65%] Building CXX object examples/gpt-2/CMakeFiles/gpt-2-backend2.dir/main.cpp.o
[ 66%] Building CXX object examples/gpt-2/CMakeFiles/gpt-2-quantize.dir/quantize.cpp.o
[ 66%] Building CXX object examples/gpt-2/CMakeFiles/gpt-2-batched.dir/main-batched.cpp.o
[ 67%] Building CXX object examples/gpt-j/CMakeFiles/gpt-j-quantize.dir/quantize.cpp.o
[ 68%] Building CXX object examples/gpt-j/CMakeFiles/gpt-j.dir/main.cpp.o
[ 68%] Building CXX object examples/gpt-neox/CMakeFiles/gpt-neox.dir/main.cpp.o
[ 69%] Building CXX object examples/gpt-neox/CMakeFiles/gpt-neox-quantize.dir/quantize.cpp.o
[ 70%] Building CXX object examples/whisper/CMakeFiles/whisper-quantize.dir/quantize.cpp.o
[ 71%] Building CXX object examples/dolly-v2/CMakeFiles/dollyv2.dir/main.cpp.o
[ 72%] Building CXX object examples/replit/CMakeFiles/replit.dir/main.cpp.o
[ 73%] Building CXX object examples/dolly-v2/CMakeFiles/dollyv2-quantize.dir/quantize.cpp.o
[ 73%] Building CXX object examples/mpt/CMakeFiles/mpt.dir/main.cpp.o
[ 74%] Building CXX object examples/replit/CMakeFiles/replit-quantize.dir/quantize.cpp.o
[ 75%] Building CXX object examples/mpt/CMakeFiles/mpt-quantize.dir/quantize.cpp.o
[ 75%] Building CXX object examples/starcoder/CMakeFiles/starcoder.dir/main.cpp.o
[ 76%] Building CXX object examples/starcoder/CMakeFiles/starcoder-mmap.dir/starcoder-mmap.cpp.o
[ 77%] Building CXX object examples/starcoder/CMakeFiles/starcoder-quantize.dir/quantize.cpp.o
/home/ggml/work/ggml/examples/gpt-2/main.cpp: In function ‘int main(int, char**)’:
/home/ggml/work/ggml/examples/gpt-2/main.cpp:950:82: error: invalid conversion from ‘std::vector<ggml_backend*>::size_type’ {aka ‘long unsigned int’} to ‘ggml_backend_buffer_type**’ [-fpermissive]
  950 |         sched = ggml_backend_sched_new(model.backends.data(), model.backends.size());
      |                                                               ~~~~~~~~~~~~~~~~~~~^~
      |                                                                                  |
      |                                                                                  std::vector<ggml_backend*>::size_type {aka long unsigned int}
/home/ggml/work/ggml/examples/gpt-2/main.cpp:950:39: error: too few arguments to function ‘ggml_backend_sched* ggml_backend_sched_new(ggml_backend**, ggml_backend_buffer_type**, int, size_t)’
  950 |         sched = ggml_backend_sched_new(model.backends.data(), model.backends.size());
      |                 ~~~~~~~~~~~~~~~~~~~~~~^~~~~~~~~~~~~~~~~~~~~~~~~~~~~~~~~~~~~~~~~~~~~~
In file included from /home/ggml/work/ggml/examples/gpt-2/main.cpp:3:
/home/ggml/work/ggml/src/../include/ggml/ggml-backend.h:152:36: note: declared here
  152 |     GGML_API ggml_backend_sched_t  ggml_backend_sched_new(ggml_backend_t * backends, ggml_backend_buffer_type_t * bufts, int n_backends, size_t graph_size);
      |                                    ^~~~~~~~~~~~~~~~~~~~~~
/home/ggml/work/ggml/examples/starcoder/starcoder-mmap.cpp: In function ‘bool starcoder_model_load(const string&, starcoder_model&, gpt_vocab&, int32_t)’:
/home/ggml/work/ggml/examples/starcoder/starcoder-mmap.cpp:569:13: error: ‘ggml_cuda_transform_tensor’ was not declared in this scope
  569 |             ggml_cuda_transform_tensor((uint8_t *)layer.c_attn_attn_w->data, layer.c_attn_attn_w); vram_total += ggml_nbytes(layer.c_attn_attn_w);
      |             ^~~~~~~~~~~~~~~~~~~~~~~~~~
/home/ggml/work/ggml/examples/starcoder/starcoder-mmap.cpp:581:9: error: ‘ggml_cuda_set_scratch_size’ was not declared in this scope
  581 |         ggml_cuda_set_scratch_size(0); // disable scratch
      |         ^~~~~~~~~~~~~~~~~~~~~~~~~~
make[2]: *** [examples/gpt-2/CMakeFiles/gpt-2-backend2.dir/build.make:76: examples/gpt-2/CMakeFiles/gpt-2-backend2.dir/main.cpp.o] Error 1
make[1]: *** [CMakeFiles/Makefile2:1171: examples/gpt-2/CMakeFiles/gpt-2-backend2.dir/all] Error 2
make[1]: *** Waiting for unfinished jobs....
make[2]: *** [examples/starcoder/CMakeFiles/starcoder-mmap.dir/build.make:76: examples/starcoder/CMakeFiles/starcoder-mmap.dir/starcoder-mmap.cpp.o] Error 1
make[1]: *** [CMakeFiles/Makefile2:1725: examples/starcoder/CMakeFiles/starcoder-mmap.dir/all] Error 2
[ 78%] Linking CXX executable ../../bin/replit-quantize
[ 79%] Linking CXX executable ../../bin/mpt-quantize
[ 80%] Linking CXX executable ../../bin/dollyv2-quantize
[ 80%] Built target replit-quantize
[ 81%] Linking CXX executable ../../bin/gpt-2-quantize
[ 82%] Linking CXX executable ../../bin/gpt-j-quantize
[ 82%] Built target mpt-quantize
[ 83%] Linking CXX executable ../../bin/whisper-quantize
[ 84%] Linking CXX executable ../../bin/gpt-neox-quantize
[ 85%] Linking CXX executable ../../bin/gpt-2-ctx
[ 85%] Built target dollyv2-quantize
[ 86%] Linking CXX executable ../../bin/gpt-j
[ 86%] Built target gpt-2-quantize
[ 87%] Linking CXX executable ../../bin/starcoder-quantize
[ 88%] Linking CXX executable ../../bin/dollyv2
[ 88%] Built target gpt-j-quantize
[ 89%] Linking CXX executable ../../bin/mpt
[ 90%] Linking CXX executable ../../bin/gpt-2-alloc
[ 91%] Linking CXX executable ../../bin/starcoder
[ 91%] Built target whisper-quantize
[ 91%] Built target gpt-neox-quantize
[ 92%] Linking CXX executable ../../bin/gpt-neox
[ 93%] Linking CXX executable ../../bin/gpt-2-batched
[ 94%] Linking CXX executable ../../bin/gpt-2-backend
[ 94%] Built target gpt-2-ctx
[ 94%] Built target dollyv2
[ 94%] Built target mpt
[ 94%] Built target gpt-neox
[ 94%] Built target starcoder-quantize
[ 94%] Built target gpt-j
[ 94%] Built target starcoder
[ 95%] Linking CXX executable ../../bin/replit
[ 95%] Built target gpt-2-alloc
[ 95%] Built target gpt-2-batched
[ 95%] Built target gpt-2-backend
[ 95%] Built target replit
[ 96%] Linking CXX static library libwhisper-cpp.a
[ 96%] Built target whisper-cpp
make: *** [Makefile:146: all] Error 2

real	0m44.140s
user	1m25.515s
sys	0m7.592s
