+ cmake -DCMAKE_BUILD_TYPE=Debug -DGGML_METAL=ON ..
-- The C compiler identification is AppleClang 15.0.0.15000100
-- The CXX compiler identification is AppleClang 15.0.0.15000100
-- Detecting C compiler ABI info
-- Detecting C compiler ABI info - done
-- Check for working C compiler: /Applications/Xcode.app/Contents/Developer/Toolchains/XcodeDefault.xctoolchain/usr/bin/cc - skipped
-- Detecting C compile features
-- Detecting C compile features - done
-- Detecting CXX compiler ABI info
-- Detecting CXX compiler ABI info - done
-- Check for working CXX compiler: /Applications/Xcode.app/Contents/Developer/Toolchains/XcodeDefault.xctoolchain/usr/bin/c++ - skipped
-- Detecting CXX compile features
-- Detecting CXX compile features - done
-- Found Git: /usr/bin/git (found version "2.39.3 (Apple Git-145)") 
-- Performing Test CMAKE_HAVE_LIBC_PTHREAD
-- Performing Test CMAKE_HAVE_LIBC_PTHREAD - Success
-- Found Threads: TRUE  
-- CMAKE_SYSTEM_PROCESSOR: arm64
-- ARM detected
-- Accelerate framework found
CMake Warning (dev) at src/CMakeLists.txt:493 (install):
  Target ggml has RESOURCE files but no RESOURCE DESTINATION.
This warning is for project developers.  Use -Wno-dev to suppress it.

-- ARM detected
-- Accelerate framework found
-- Configuring done (5.6s)
-- Generating done (0.1s)
-- Build files have been written to: /Users/ggml/work/ggml/build-ci-debug

real	0m5.790s
user	0m0.394s
sys	0m0.445s
+ make -j
[  0%] Building CXX object examples/CMakeFiles/common.dir/common.cpp.o
[  2%] Compiling Metal kernels
[  2%] Building C object src/CMakeFiles/ggml.dir/ggml-alloc.c.o
[  3%] Building C object src/CMakeFiles/ggml.dir/ggml-quants.c.o
[  4%] Building C object src/CMakeFiles/ggml.dir/ggml-backend.c.o
[  5%] Building C object src/CMakeFiles/ggml.dir/ggml-metal.m.o
[  6%] Building C object src/CMakeFiles/ggml.dir/ggml.c.o
[  7%] Linking C shared library libggml.dylib
[  7%] Built target ggml
[  9%] Building CXX object tests/CMakeFiles/test-opt.dir/test-opt.cpp.o
[  9%] Building CXX object tests/CMakeFiles/test-grad0.dir/test-grad0.cpp.o
[  9%] Building CXX object tests/CMakeFiles/test-quantize-fns.dir/test-quantize-fns.cpp.o
[ 11%] Building CXX object tests/CMakeFiles/test-quantize-perf.dir/test-quantize-perf.cpp.o
[ 11%] Building C object tests/CMakeFiles/test-vec2.dir/test-vec2.c.o
[ 12%] Building C object tests/CMakeFiles/test-mul-mat1.dir/test-mul-mat1.c.o
[ 13%] Building C object tests/CMakeFiles/test-mul-mat2.dir/test-mul-mat2.c.o
[ 14%] Building C object tests/CMakeFiles/test-mul-mat0.dir/test-mul-mat0.c.o
[ 15%] Building C object tests/CMakeFiles/test1.dir/test1.c.o
[ 16%] Building C object tests/CMakeFiles/test3.dir/test3.c.o
[ 17%] Building C object tests/CMakeFiles/test-rel-pos.dir/test-rel-pos.c.o
[ 19%] Building C object tests/CMakeFiles/test-blas0.dir/test-blas0.c.o
[ 20%] Building C object tests/CMakeFiles/test-pool.dir/test-pool.c.o
[ 20%] Building C object tests/CMakeFiles/test0.dir/test0.c.o
[ 21%] Building C object tests/CMakeFiles/test-conv-transpose.dir/test-conv-transpose.c.o
[ 22%] Building C object tests/CMakeFiles/test2.dir/test2.c.o
[ 23%] Building CXX object tests/CMakeFiles/test-conv1d.dir/test-conv1d.cpp.o
[ 24%] Building C object tests/CMakeFiles/test-dup.dir/test-dup.c.o
[ 25%] Building CXX object tests/CMakeFiles/test-arange.dir/test-arange.cpp.o
[ 26%] Building CXX object tests/CMakeFiles/test-conv2d.dir/test-conv2d.cpp.o
[ 27%] Building CXX object tests/CMakeFiles/test-timestep_embedding.dir/test-timestep_embedding.cpp.o
[ 28%] Building C object tests/CMakeFiles/test-xpos.dir/test-xpos.c.o
[ 29%] Building C object tests/CMakeFiles/test-customop.dir/test-customop.c.o
[ 30%] Building C object tests/CMakeFiles/test-vec0.dir/test-vec0.c.o
[ 31%] Building CXX object tests/CMakeFiles/test-backend-ops.dir/test-backend-ops.cpp.o
[ 32%] Building CXX object examples/mnist/CMakeFiles/mnist-cpu.dir/main-cpu.cpp.o
[ 33%] Building CXX object examples/mnist/CMakeFiles/mnist-mtl.dir/main-mtl.cpp.o
[ 34%] Building CXX object tests/CMakeFiles/test-backend-buffer.dir/test-backend-buffer.cpp.o
[ 35%] Linking C executable ../bin/test0
[ 36%] Building C object examples/mnist/CMakeFiles/mnist-mtl.dir/main-mtl.m.o
[ 36%] Building CXX object examples/simple/CMakeFiles/simple-backend.dir/simple-backend.cpp.o
[ 38%] Linking C executable ../bin/test-conv-transpose
[ 37%] Building CXX object examples/simple/CMakeFiles/simple-ctx.dir/simple-ctx.cpp.o
[ 39%] Linking C executable ../bin/test2
[ 40%] Building CXX object examples/CMakeFiles/common-ggml.dir/common-ggml.cpp.o
[ 41%] Linking C executable ../bin/test-rel-pos
[ 42%] Building CXX object examples/whisper/CMakeFiles/whisper-cpp.dir/whisper.cpp.o
[ 43%] Linking CXX executable ../bin/test-arange
[ 43%] Building CXX object tests/CMakeFiles/test-mul-mat.dir/test-mul-mat.cpp.o
[ 44%] Linking C executable ../bin/test3
[ 45%] Linking C executable ../bin/test-pool
[ 46%] Linking C executable ../bin/test1
[ 47%] Linking CXX executable ../bin/test-opt
[ 49%] Linking C executable ../bin/test-xpos
[ 49%] Linking C executable ../bin/test-vec0
[ 50%] Linking C executable ../bin/test-customop
[ 51%] Linking CXX executable ../bin/test-backend-buffer
[ 51%] Linking C executable ../bin/test-dup
[ 52%] Linking C executable ../bin/test-mul-mat0
[ 53%] Linking C executable ../bin/test-vec2
[ 53%] Built target test2
[ 54%] Linking CXX executable ../bin/test-grad0
[ 54%] Built target test0
[ 54%] Built target test-vec0
[ 54%] Built target test-pool
[ 54%] Built target test1
[ 54%] Built target test-rel-pos
[ 54%] Built target test-opt
[ 54%] Built target test-backend-buffer
[ 54%] Built target test-dup
[ 54%] Built target test-conv-transpose
[ 54%] Built target test3
[ 54%] Built target test-mul-mat0
[ 54%] Built target test-arange
[ 54%] Built target test-customop
[ 55%] Linking C executable ../bin/test-mul-mat2
[ 55%] Built target test-xpos
[ 55%] Built target test-grad0
[ 55%] Built target test-vec2
[ 55%] Built target test-mul-mat2
[ 56%] Linking CXX executable ../bin/test-quantize-fns
[ 57%] Linking CXX executable ../bin/test-timestep_embedding
[ 57%] Built target test-quantize-fns
[ 57%] Built target test-timestep_embedding
[ 58%] Linking C executable ../bin/test-blas0
[ 59%] Linking CXX executable ../bin/test-mul-mat
[ 60%] Linking C executable ../bin/test-mul-mat1
[ 61%] Linking CXX executable ../../bin/mnist-cpu
[ 62%] Linking CXX executable ../bin/test-conv1d
[ 63%] Linking CXX executable ../bin/test-conv2d
[ 64%] Linking CXX executable ../../bin/simple-ctx
[ 65%] Linking CXX executable ../../bin/simple-backend
[ 65%] Built target test-mul-mat
[ 65%] Built target test-mul-mat1
[ 65%] Built target test-blas0
[ 65%] Built target test-conv1d
[ 65%] Built target test-conv2d
[ 65%] Built target mnist-cpu
[ 66%] Linking CXX static library libcommon.a
[ 66%] Built target simple-ctx
[ 67%] Linking CXX executable ../../bin/mnist-mtl
[ 68%] Linking CXX executable ../bin/test-quantize-perf
[ 68%] Built target simple-backend
[ 68%] Built target common
[ 69%] Building CXX object examples/yolo/CMakeFiles/yolov3-tiny.dir/yolov3-tiny.cpp.o
[ 69%] Built target test-quantize-perf
[ 70%] Building CXX object examples/mnist/CMakeFiles/mnist-cnn.dir/main-cnn.cpp.o
[ 71%] Building CXX object examples/yolo/CMakeFiles/yolov3-tiny.dir/yolo-image.cpp.o
[ 72%] Building CXX object examples/mnist/CMakeFiles/mnist.dir/main.cpp.o
[ 73%] Building CXX object examples/sam/CMakeFiles/sam.dir/main.cpp.o
[ 73%] Built target mnist-mtl
[ 74%] Linking CXX executable ../bin/test-backend-ops
[ 74%] Built target test-backend-ops
[ 75%] Linking CXX static library libcommon-ggml.a
[ 75%] Built target common-ggml
[ 75%] Linking CXX executable ../../bin/mnist
[ 77%] Building CXX object examples/gpt-2/CMakeFiles/gpt-2-alloc.dir/main-alloc.cpp.o
[ 77%] Building CXX object examples/gpt-2/CMakeFiles/gpt-2-batched.dir/main-batched.cpp.o
[ 77%] Building CXX object examples/gpt-2/CMakeFiles/gpt-2-sched.dir/main-sched.cpp.o
[ 78%] Linking CXX executable ../../bin/mnist-cnn
[ 80%] Building CXX object examples/gpt-2/CMakeFiles/gpt-2-ctx.dir/main-ctx.cpp.o
[ 80%] Building CXX object examples/gpt-2/CMakeFiles/gpt-2-backend.dir/main-backend.cpp.o
[ 81%] Building CXX object examples/gpt-2/CMakeFiles/gpt-2-quantize.dir/quantize.cpp.o
[ 82%] Building CXX object examples/gpt-j/CMakeFiles/gpt-j.dir/main.cpp.o
[ 83%] Building CXX object examples/gpt-j/CMakeFiles/gpt-j-quantize.dir/quantize.cpp.o
[ 84%] Building CXX object examples/magika/CMakeFiles/magika.dir/main.cpp.o
[ 85%] Building CXX object examples/whisper/CMakeFiles/whisper-quantize.dir/quantize.cpp.o
[ 85%] Built target mnist
[ 85%] Built target mnist-cnn
[ 86%] Linking CXX executable ../../bin/yolov3-tiny
[ 86%] Built target yolov3-tiny
[ 87%] Linking CXX executable ../../bin/magika
[ 87%] Built target magika
[ 88%] Linking CXX executable ../../bin/sam
[ 88%] Built target sam
[ 89%] Linking CXX executable ../../bin/gpt-j-quantize
[ 90%] Linking CXX executable ../../bin/gpt-2-quantize
[ 91%] Linking CXX executable ../../bin/whisper-quantize
[ 91%] Built target gpt-j-quantize
[ 91%] Built target gpt-2-quantize
[ 91%] Built target whisper-quantize
[ 92%] Linking CXX executable ../../bin/gpt-2-alloc
[ 93%] Linking CXX executable ../../bin/gpt-2-ctx
[ 94%] Linking CXX executable ../../bin/gpt-j
[ 95%] Linking CXX executable ../../bin/gpt-2-backend
[ 96%] Linking CXX executable ../../bin/gpt-2-batched
[ 96%] Built target ggml-metal
[ 96%] Built target gpt-j
[ 96%] Built target gpt-2-backend
[ 96%] Built target gpt-2-ctx
[ 96%] Built target gpt-2-batched
[ 96%] Built target gpt-2-alloc
[ 97%] Linking CXX executable ../../bin/gpt-2-sched
[ 97%] Built target gpt-2-sched
[ 98%] Linking CXX static library libwhisper-cpp.a
[ 98%] Built target whisper-cpp
[ 99%] Building CXX object examples/whisper/CMakeFiles/whisper.dir/main.cpp.o
[100%] Linking CXX executable ../../bin/whisper
[100%] Built target whisper

real	0m7.269s
user	0m36.601s
sys	0m5.192s
+ ctest --output-on-failure -E test-opt
Test project /Users/ggml/work/ggml/build-ci-debug
      Start  1: test-grad0
 1/23 Test  #1: test-grad0 .......................   Passed    1.14 sec
      Start  2: test-quantize-fns
 2/23 Test  #2: test-quantize-fns ................   Passed   34.86 sec
      Start  3: test-quantize-perf
 3/23 Test  #3: test-quantize-perf ...............   Passed   10.24 sec
      Start  4: test-mul-mat0
 4/23 Test  #4: test-mul-mat0 ....................   Passed    0.39 sec
      Start  5: test-blas0
 5/23 Test  #5: test-blas0 .......................   Passed    0.21 sec
      Start  6: test-mul-mat2
 6/23 Test  #6: test-mul-mat2 ....................   Passed    8.87 sec
      Start  7: test0
 7/23 Test  #7: test0 ............................   Passed    0.19 sec
      Start  8: test1
 8/23 Test  #8: test1 ............................   Passed    0.19 sec
      Start  9: test2
 9/23 Test  #9: test2 ............................   Passed    0.25 sec
      Start 10: test3
10/23 Test #10: test3 ............................   Passed    0.23 sec
      Start 11: test-pool
11/23 Test #11: test-pool ........................   Passed    0.19 sec
      Start 12: test-arange
12/23 Test #12: test-arange ......................   Passed    0.24 sec
      Start 13: test-timestep_embedding
13/23 Test #13: test-timestep_embedding ..........   Passed    0.24 sec
      Start 14: test-conv-transpose
14/23 Test #14: test-conv-transpose ..............   Passed    0.19 sec
      Start 15: test-dup
15/23 Test #15: test-dup .........................   Passed    0.22 sec
      Start 16: test-rel-pos
16/23 Test #16: test-rel-pos .....................   Passed    0.19 sec
      Start 17: test-customop
17/23 Test #17: test-customop ....................   Passed    0.19 sec
      Start 18: test-xpos
18/23 Test #18: test-xpos ........................   Passed    0.19 sec
      Start 19: test-conv1d
19/23 Test #19: test-conv1d ......................   Passed    0.26 sec
      Start 20: test-conv2d
20/23 Test #20: test-conv2d ......................   Passed    0.26 sec
      Start 21: test-mul-mat
21/23 Test #21: test-mul-mat .....................   Passed    0.26 sec
      Start 22: test-backend-buffer
22/23 Test #22: test-backend-buffer ..............Subprocess aborted***Exception:   0.24 sec
ggml_backend_register: registered backend CPU
ggml_backend_register: registered backend Metal
ggml_metal_init: allocating
ggml_metal_init: found device: Apple M1
ggml_metal_init: picking default device: Apple M1
ggml_metal_init: default.metallib not found, loading from source
ggml_metal_init: GGML_METAL_PATH_RESOURCES = /Users/ggml/work/ggml/build-ci-debug/bin
ggml_metal_init: loading '/Users/ggml/work/ggml/build-ci-debug/bin/ggml-metal.metal'
ggml_metal_init: error: Error Domain=NSCocoaErrorDomain Code=260 "The file “ggml-metal.metal” couldn’t be opened because there is no such file." UserInfo={NSFilePath=/Users/ggml/work/ggml/build-ci-debug/bin/ggml-metal.metal, NSUnderlyingError=0x60000135ce40 {Error Domain=NSPOSIXErrorDomain Code=2 "No such file or directory"}}
Testing 2 backends

Backend 1/2 (CPU)
  Backend name: CPU
  OK

Backend 2/2 (Metal)
GGML_ASSERT: /Users/ggml/work/ggml/tests/test-backend-buffer.cpp:74: backend != NULL

      Start 23: test-backend-ops
23/23 Test #23: test-backend-ops .................Subprocess aborted***Exception:   0.23 sec
ggml_backend_register: registered backend CPU
ggml_backend_register: registered backend Metal
ggml_metal_init: allocating
ggml_metal_init: found device: Apple M1
ggml_metal_init: picking default device: Apple M1
ggml_metal_init: default.metallib not found, loading from source
ggml_metal_init: GGML_METAL_PATH_RESOURCES = /Users/ggml/work/ggml/build-ci-debug/bin
ggml_metal_init: loading '/Users/ggml/work/ggml/build-ci-debug/bin/ggml-metal.metal'
ggml_metal_init: error: Error Domain=NSCocoaErrorDomain Code=260 "The file “ggml-metal.metal” couldn’t be opened because there is no such file." UserInfo={NSFilePath=/Users/ggml/work/ggml/build-ci-debug/bin/ggml-metal.metal, NSUnderlyingError=0x600003ac0720 {Error Domain=NSPOSIXErrorDomain Code=2 "No such file or directory"}}
Testing 2 backends

Backend 1/2 (CPU)
  Skipping CPU backend
Backend 2/2 (Metal)
GGML_ASSERT: /Users/ggml/work/ggml/tests/test-backend-ops.cpp:2275: backend != NULL


91% tests passed, 2 tests failed out of 23

Total Test time (real) =  59.48 sec

The following tests FAILED:
	 22 - test-backend-buffer (Subprocess aborted)
	 23 - test-backend-ops (Subprocess aborted)
Errors while running CTest
