rm: cannot remove '/home/ggml/results/ggml/87/2e0741493a13e1d2a41e527465c8e1a5b9cb29/ggml-4-x86-cuda-v100/*.log': No such file or directory
rm: cannot remove '/home/ggml/results/ggml/87/2e0741493a13e1d2a41e527465c8e1a5b9cb29/ggml-4-x86-cuda-v100/*.exit': No such file or directory
rm: cannot remove '/home/ggml/results/ggml/87/2e0741493a13e1d2a41e527465c8e1a5b9cb29/ggml-4-x86-cuda-v100/*.md': No such file or directory
Defaulting to user installation because normal site-packages is not writeable
Requirement already satisfied: accelerate==0.19.0 in /home/ggml/.local/lib/python3.10/site-packages (from -r /home/ggml/work/ggml/requirements.txt (line 1)) (0.19.0)
Requirement already satisfied: numpy>=1.24.4 in /home/ggml/.local/lib/python3.10/site-packages (from -r /home/ggml/work/ggml/requirements.txt (line 2)) (1.24.4)
Requirement already satisfied: sentencepiece~=0.1.98 in /home/ggml/.local/lib/python3.10/site-packages (from -r /home/ggml/work/ggml/requirements.txt (line 3)) (0.1.98)
Requirement already satisfied: torch==2.0.1 in /home/ggml/.local/lib/python3.10/site-packages (from -r /home/ggml/work/ggml/requirements.txt (line 4)) (2.0.1)
Requirement already satisfied: torchaudio==2.0.2 in /home/ggml/.local/lib/python3.10/site-packages (from -r /home/ggml/work/ggml/requirements.txt (line 5)) (2.0.2)
Requirement already satisfied: torchvision==0.15.2 in /home/ggml/.local/lib/python3.10/site-packages (from -r /home/ggml/work/ggml/requirements.txt (line 6)) (0.15.2)
Requirement already satisfied: transformers<5.0.0,>=4.35.2 in /home/ggml/.local/lib/python3.10/site-packages (from -r /home/ggml/work/ggml/requirements.txt (line 7)) (4.37.1)
Requirement already satisfied: gguf>=0.1.0 in /home/ggml/.local/lib/python3.10/site-packages (from -r /home/ggml/work/ggml/requirements.txt (line 8)) (0.7.0)
Requirement already satisfied: tensorflow==2.15.0 in /home/ggml/.local/lib/python3.10/site-packages (from -r /home/ggml/work/ggml/requirements.txt (line 9)) (2.15.0)
Requirement already satisfied: keras==2.15.0 in /home/ggml/.local/lib/python3.10/site-packages (from -r /home/ggml/work/ggml/requirements.txt (line 10)) (2.15.0)
Requirement already satisfied: pyyaml in /usr/lib/python3/dist-packages (from accelerate==0.19.0->-r /home/ggml/work/ggml/requirements.txt (line 1)) (5.4.1)
Requirement already satisfied: packaging>=20.0 in /home/ggml/.local/lib/python3.10/site-packages (from accelerate==0.19.0->-r /home/ggml/work/ggml/requirements.txt (line 1)) (23.1)
Requirement already satisfied: psutil in /home/ggml/.local/lib/python3.10/site-packages (from accelerate==0.19.0->-r /home/ggml/work/ggml/requirements.txt (line 1)) (5.9.5)
Requirement already satisfied: jinja2 in /usr/lib/python3/dist-packages (from torch==2.0.1->-r /home/ggml/work/ggml/requirements.txt (line 4)) (3.0.3)
Requirement already satisfied: networkx in /home/ggml/.local/lib/python3.10/site-packages (from torch==2.0.1->-r /home/ggml/work/ggml/requirements.txt (line 4)) (3.1)
Requirement already satisfied: typing-extensions in /home/ggml/.local/lib/python3.10/site-packages (from torch==2.0.1->-r /home/ggml/work/ggml/requirements.txt (line 4)) (4.7.1)
Requirement already satisfied: nvidia-cuda-nvrtc-cu11==11.7.99 in /home/ggml/.local/lib/python3.10/site-packages (from torch==2.0.1->-r /home/ggml/work/ggml/requirements.txt (line 4)) (11.7.99)
Requirement already satisfied: nvidia-cufft-cu11==10.9.0.58 in /home/ggml/.local/lib/python3.10/site-packages (from torch==2.0.1->-r /home/ggml/work/ggml/requirements.txt (line 4)) (10.9.0.58)
Requirement already satisfied: nvidia-cuda-runtime-cu11==11.7.99 in /home/ggml/.local/lib/python3.10/site-packages (from torch==2.0.1->-r /home/ggml/work/ggml/requirements.txt (line 4)) (11.7.99)
Requirement already satisfied: nvidia-cusolver-cu11==11.4.0.1 in /home/ggml/.local/lib/python3.10/site-packages (from torch==2.0.1->-r /home/ggml/work/ggml/requirements.txt (line 4)) (11.4.0.1)
Requirement already satisfied: nvidia-cublas-cu11==11.10.3.66 in /home/ggml/.local/lib/python3.10/site-packages (from torch==2.0.1->-r /home/ggml/work/ggml/requirements.txt (line 4)) (11.10.3.66)
Requirement already satisfied: nvidia-cuda-cupti-cu11==11.7.101 in /home/ggml/.local/lib/python3.10/site-packages (from torch==2.0.1->-r /home/ggml/work/ggml/requirements.txt (line 4)) (11.7.101)
Requirement already satisfied: nvidia-cudnn-cu11==8.5.0.96 in /home/ggml/.local/lib/python3.10/site-packages (from torch==2.0.1->-r /home/ggml/work/ggml/requirements.txt (line 4)) (8.5.0.96)
Requirement already satisfied: nvidia-curand-cu11==10.2.10.91 in /home/ggml/.local/lib/python3.10/site-packages (from torch==2.0.1->-r /home/ggml/work/ggml/requirements.txt (line 4)) (10.2.10.91)
Requirement already satisfied: nvidia-nvtx-cu11==11.7.91 in /home/ggml/.local/lib/python3.10/site-packages (from torch==2.0.1->-r /home/ggml/work/ggml/requirements.txt (line 4)) (11.7.91)
Requirement already satisfied: triton==2.0.0 in /home/ggml/.local/lib/python3.10/site-packages (from torch==2.0.1->-r /home/ggml/work/ggml/requirements.txt (line 4)) (2.0.0)
Requirement already satisfied: sympy in /home/ggml/.local/lib/python3.10/site-packages (from torch==2.0.1->-r /home/ggml/work/ggml/requirements.txt (line 4)) (1.12)
Requirement already satisfied: nvidia-cusparse-cu11==11.7.4.91 in /home/ggml/.local/lib/python3.10/site-packages (from torch==2.0.1->-r /home/ggml/work/ggml/requirements.txt (line 4)) (11.7.4.91)
Requirement already satisfied: filelock in /home/ggml/.local/lib/python3.10/site-packages (from torch==2.0.1->-r /home/ggml/work/ggml/requirements.txt (line 4)) (3.12.2)
Requirement already satisfied: nvidia-nccl-cu11==2.14.3 in /home/ggml/.local/lib/python3.10/site-packages (from torch==2.0.1->-r /home/ggml/work/ggml/requirements.txt (line 4)) (2.14.3)
Requirement already satisfied: pillow!=8.3.*,>=5.3.0 in /home/ggml/.local/lib/python3.10/site-packages (from torchvision==0.15.2->-r /home/ggml/work/ggml/requirements.txt (line 6)) (10.0.0)
Requirement already satisfied: requests in /home/ggml/.local/lib/python3.10/site-packages (from torchvision==0.15.2->-r /home/ggml/work/ggml/requirements.txt (line 6)) (2.31.0)
Requirement already satisfied: libclang>=13.0.0 in /home/ggml/.local/lib/python3.10/site-packages (from tensorflow==2.15.0->-r /home/ggml/work/ggml/requirements.txt (line 9)) (16.0.6)
Requirement already satisfied: wrapt<1.15,>=1.11.0 in /home/ggml/.local/lib/python3.10/site-packages (from tensorflow==2.15.0->-r /home/ggml/work/ggml/requirements.txt (line 9)) (1.14.1)
Requirement already satisfied: opt-einsum>=2.3.2 in /home/ggml/.local/lib/python3.10/site-packages (from tensorflow==2.15.0->-r /home/ggml/work/ggml/requirements.txt (line 9)) (3.3.0)
Requirement already satisfied: h5py>=2.9.0 in /home/ggml/.local/lib/python3.10/site-packages (from tensorflow==2.15.0->-r /home/ggml/work/ggml/requirements.txt (line 9)) (3.10.0)
Requirement already satisfied: tensorboard<2.16,>=2.15 in /home/ggml/.local/lib/python3.10/site-packages (from tensorflow==2.15.0->-r /home/ggml/work/ggml/requirements.txt (line 9)) (2.15.1)
Requirement already satisfied: flatbuffers>=23.5.26 in /home/ggml/.local/lib/python3.10/site-packages (from tensorflow==2.15.0->-r /home/ggml/work/ggml/requirements.txt (line 9)) (23.5.26)
Requirement already satisfied: tensorflow-estimator<2.16,>=2.15.0 in /home/ggml/.local/lib/python3.10/site-packages (from tensorflow==2.15.0->-r /home/ggml/work/ggml/requirements.txt (line 9)) (2.15.0)
Requirement already satisfied: tensorflow-io-gcs-filesystem>=0.23.1 in /home/ggml/.local/lib/python3.10/site-packages (from tensorflow==2.15.0->-r /home/ggml/work/ggml/requirements.txt (line 9)) (0.35.0)
Requirement already satisfied: gast!=0.5.0,!=0.5.1,!=0.5.2,>=0.2.1 in /home/ggml/.local/lib/python3.10/site-packages (from tensorflow==2.15.0->-r /home/ggml/work/ggml/requirements.txt (line 9)) (0.5.4)
Requirement already satisfied: setuptools in /usr/lib/python3/dist-packages (from tensorflow==2.15.0->-r /home/ggml/work/ggml/requirements.txt (line 9)) (59.6.0)
Requirement already satisfied: six>=1.12.0 in /usr/lib/python3/dist-packages (from tensorflow==2.15.0->-r /home/ggml/work/ggml/requirements.txt (line 9)) (1.16.0)
Requirement already satisfied: protobuf!=4.21.0,!=4.21.1,!=4.21.2,!=4.21.3,!=4.21.4,!=4.21.5,<5.0.0dev,>=3.20.3 in /home/ggml/.local/lib/python3.10/site-packages (from tensorflow==2.15.0->-r /home/ggml/work/ggml/requirements.txt (line 9)) (4.23.4)
Requirement already satisfied: grpcio<2.0,>=1.24.3 in /home/ggml/.local/lib/python3.10/site-packages (from tensorflow==2.15.0->-r /home/ggml/work/ggml/requirements.txt (line 9)) (1.60.0)
Requirement already satisfied: termcolor>=1.1.0 in /home/ggml/.local/lib/python3.10/site-packages (from tensorflow==2.15.0->-r /home/ggml/work/ggml/requirements.txt (line 9)) (2.4.0)
Requirement already satisfied: absl-py>=1.0.0 in /home/ggml/.local/lib/python3.10/site-packages (from tensorflow==2.15.0->-r /home/ggml/work/ggml/requirements.txt (line 9)) (2.1.0)
Requirement already satisfied: google-pasta>=0.1.1 in /home/ggml/.local/lib/python3.10/site-packages (from tensorflow==2.15.0->-r /home/ggml/work/ggml/requirements.txt (line 9)) (0.2.0)
Requirement already satisfied: astunparse>=1.6.0 in /home/ggml/.local/lib/python3.10/site-packages (from tensorflow==2.15.0->-r /home/ggml/work/ggml/requirements.txt (line 9)) (1.6.3)
Requirement already satisfied: ml-dtypes~=0.2.0 in /home/ggml/.local/lib/python3.10/site-packages (from tensorflow==2.15.0->-r /home/ggml/work/ggml/requirements.txt (line 9)) (0.2.0)
Requirement already satisfied: wheel in /usr/lib/python3/dist-packages (from nvidia-cublas-cu11==11.10.3.66->torch==2.0.1->-r /home/ggml/work/ggml/requirements.txt (line 4)) (0.37.1)
Requirement already satisfied: cmake in /home/ggml/.local/lib/python3.10/site-packages (from triton==2.0.0->torch==2.0.1->-r /home/ggml/work/ggml/requirements.txt (line 4)) (3.27.0)
Requirement already satisfied: lit in /home/ggml/.local/lib/python3.10/site-packages (from triton==2.0.0->torch==2.0.1->-r /home/ggml/work/ggml/requirements.txt (line 4)) (16.0.6)
Requirement already satisfied: tokenizers<0.19,>=0.14 in /home/ggml/.local/lib/python3.10/site-packages (from transformers<5.0.0,>=4.35.2->-r /home/ggml/work/ggml/requirements.txt (line 7)) (0.15.1)
Requirement already satisfied: regex!=2019.12.17 in /home/ggml/.local/lib/python3.10/site-packages (from transformers<5.0.0,>=4.35.2->-r /home/ggml/work/ggml/requirements.txt (line 7)) (2023.6.3)
Requirement already satisfied: tqdm>=4.27 in /home/ggml/.local/lib/python3.10/site-packages (from transformers<5.0.0,>=4.35.2->-r /home/ggml/work/ggml/requirements.txt (line 7)) (4.65.0)
Requirement already satisfied: huggingface-hub<1.0,>=0.19.3 in /home/ggml/.local/lib/python3.10/site-packages (from transformers<5.0.0,>=4.35.2->-r /home/ggml/work/ggml/requirements.txt (line 7)) (0.20.3)
Requirement already satisfied: safetensors>=0.3.1 in /home/ggml/.local/lib/python3.10/site-packages (from transformers<5.0.0,>=4.35.2->-r /home/ggml/work/ggml/requirements.txt (line 7)) (0.4.1)
Requirement already satisfied: fsspec>=2023.5.0 in /home/ggml/.local/lib/python3.10/site-packages (from huggingface-hub<1.0,>=0.19.3->transformers<5.0.0,>=4.35.2->-r /home/ggml/work/ggml/requirements.txt (line 7)) (2023.6.0)
Requirement already satisfied: google-auth-oauthlib<2,>=0.5 in /home/ggml/.local/lib/python3.10/site-packages (from tensorboard<2.16,>=2.15->tensorflow==2.15.0->-r /home/ggml/work/ggml/requirements.txt (line 9)) (1.2.0)
Requirement already satisfied: werkzeug>=1.0.1 in /home/ggml/.local/lib/python3.10/site-packages (from tensorboard<2.16,>=2.15->tensorflow==2.15.0->-r /home/ggml/work/ggml/requirements.txt (line 9)) (3.0.1)
Requirement already satisfied: tensorboard-data-server<0.8.0,>=0.7.0 in /home/ggml/.local/lib/python3.10/site-packages (from tensorboard<2.16,>=2.15->tensorflow==2.15.0->-r /home/ggml/work/ggml/requirements.txt (line 9)) (0.7.2)
Requirement already satisfied: markdown>=2.6.8 in /home/ggml/.local/lib/python3.10/site-packages (from tensorboard<2.16,>=2.15->tensorflow==2.15.0->-r /home/ggml/work/ggml/requirements.txt (line 9)) (3.5.2)
Requirement already satisfied: google-auth<3,>=1.6.3 in /home/ggml/.local/lib/python3.10/site-packages (from tensorboard<2.16,>=2.15->tensorflow==2.15.0->-r /home/ggml/work/ggml/requirements.txt (line 9)) (2.26.2)
Requirement already satisfied: idna<4,>=2.5 in /usr/lib/python3/dist-packages (from requests->torchvision==0.15.2->-r /home/ggml/work/ggml/requirements.txt (line 6)) (3.3)
Requirement already satisfied: certifi>=2017.4.17 in /usr/lib/python3/dist-packages (from requests->torchvision==0.15.2->-r /home/ggml/work/ggml/requirements.txt (line 6)) (2020.6.20)
Requirement already satisfied: charset-normalizer<4,>=2 in /home/ggml/.local/lib/python3.10/site-packages (from requests->torchvision==0.15.2->-r /home/ggml/work/ggml/requirements.txt (line 6)) (3.3.2)
Requirement already satisfied: urllib3<3,>=1.21.1 in /home/ggml/.local/lib/python3.10/site-packages (from requests->torchvision==0.15.2->-r /home/ggml/work/ggml/requirements.txt (line 6)) (2.1.0)
Requirement already satisfied: mpmath>=0.19 in /home/ggml/.local/lib/python3.10/site-packages (from sympy->torch==2.0.1->-r /home/ggml/work/ggml/requirements.txt (line 4)) (1.3.0)
Requirement already satisfied: pyasn1-modules>=0.2.1 in /usr/lib/python3/dist-packages (from google-auth<3,>=1.6.3->tensorboard<2.16,>=2.15->tensorflow==2.15.0->-r /home/ggml/work/ggml/requirements.txt (line 9)) (0.2.1)
Requirement already satisfied: cachetools<6.0,>=2.0.0 in /home/ggml/.local/lib/python3.10/site-packages (from google-auth<3,>=1.6.3->tensorboard<2.16,>=2.15->tensorflow==2.15.0->-r /home/ggml/work/ggml/requirements.txt (line 9)) (5.3.2)
Requirement already satisfied: rsa<5,>=3.1.4 in /home/ggml/.local/lib/python3.10/site-packages (from google-auth<3,>=1.6.3->tensorboard<2.16,>=2.15->tensorflow==2.15.0->-r /home/ggml/work/ggml/requirements.txt (line 9)) (4.9)
Requirement already satisfied: requests-oauthlib>=0.7.0 in /home/ggml/.local/lib/python3.10/site-packages (from google-auth-oauthlib<2,>=0.5->tensorboard<2.16,>=2.15->tensorflow==2.15.0->-r /home/ggml/work/ggml/requirements.txt (line 9)) (1.3.1)
Requirement already satisfied: MarkupSafe>=2.1.1 in /home/ggml/.local/lib/python3.10/site-packages (from werkzeug>=1.0.1->tensorboard<2.16,>=2.15->tensorflow==2.15.0->-r /home/ggml/work/ggml/requirements.txt (line 9)) (2.1.4)
Requirement already satisfied: oauthlib>=3.0.0 in /usr/lib/python3/dist-packages (from requests-oauthlib>=0.7.0->google-auth-oauthlib<2,>=0.5->tensorboard<2.16,>=2.15->tensorflow==2.15.0->-r /home/ggml/work/ggml/requirements.txt (line 9)) (3.2.0)
Requirement already satisfied: pyasn1>=0.1.3 in /usr/lib/python3/dist-packages (from rsa<5,>=3.1.4->google-auth<3,>=1.6.3->tensorboard<2.16,>=2.15->tensorflow==2.15.0->-r /home/ggml/work/ggml/requirements.txt (line 9)) (0.4.8)
+ gg_run_ctest_debug
+ cd /home/ggml/work/ggml
+ rm -rf build-ci-debug
+ tee /home/ggml/results/ggml/87/2e0741493a13e1d2a41e527465c8e1a5b9cb29/ggml-4-x86-cuda-v100/ctest_debug.log
+ mkdir build-ci-debug
+ cd build-ci-debug
+ set -e
+ tee -a /home/ggml/results/ggml/87/2e0741493a13e1d2a41e527465c8e1a5b9cb29/ggml-4-x86-cuda-v100/ctest_debug-cmake.log
+ cmake -DCMAKE_BUILD_TYPE=Debug -DGGML_CUBLAS=ON ..
-- The C compiler identification is GNU 11.4.0
-- The CXX compiler identification is GNU 11.4.0
-- Detecting C compiler ABI info
-- Detecting C compiler ABI info - done
-- Check for working C compiler: /usr/bin/cc - skipped
-- Detecting C compile features
-- Detecting C compile features - done
-- Detecting CXX compiler ABI info
-- Detecting CXX compiler ABI info - done
-- Check for working CXX compiler: /usr/bin/c++ - skipped
-- Detecting CXX compile features
-- Detecting CXX compile features - done
-- Found Git: /usr/bin/git (found version "2.34.1") 
-- Performing Test CMAKE_HAVE_LIBC_PTHREAD
-- Performing Test CMAKE_HAVE_LIBC_PTHREAD - Success
-- Found Threads: TRUE  
-- CMAKE_SYSTEM_PROCESSOR: x86_64
GNU ld (GNU Binutils for Ubuntu) 2.38
-- x86 detected
-- Linux detected
CMake Warning at src/CMakeLists.txt:209 (message):
  GGML_CUBLAS is deprecated and will be removed in the future.

  Use GGML_CUDA instead


-- Found CUDAToolkit: /usr/local/cuda-12.2/include (found version "12.2.140") 
-- CUDA found
-- The CUDA compiler identification is NVIDIA 12.2.140
-- Detecting CUDA compiler ABI info
-- Detecting CUDA compiler ABI info - done
-- Check for working CUDA compiler: /usr/local/cuda-12.2/bin/nvcc - skipped
-- Detecting CUDA compile features
-- Detecting CUDA compile features - done
-- GGML CUDA sources found
-- GGML Configuring CUDA architectures 52;61;70
-- x86 detected
-- Linux detected
-- Configuring done (3.0s)
-- Generating done (0.1s)
-- Build files have been written to: /home/ggml/work/ggml/build-ci-debug

real	0m3.202s
user	0m2.435s
sys	0m0.763s
+ tee -a /home/ggml/results/ggml/87/2e0741493a13e1d2a41e527465c8e1a5b9cb29/ggml-4-x86-cuda-v100/ctest_debug-make.log
+ make -j
[  0%] Building CXX object examples/CMakeFiles/common.dir/common.cpp.o
[  0%] Building C object src/CMakeFiles/ggml.dir/ggml.c.o
[  1%] Building C object src/CMakeFiles/ggml.dir/ggml-alloc.c.o
[  2%] Building C object src/CMakeFiles/ggml.dir/ggml-backend.c.o
[  3%] Building C object src/CMakeFiles/ggml.dir/ggml-quants.c.o
[  4%] Building CUDA object src/CMakeFiles/ggml.dir/ggml-cuda/acc.cu.o
[  4%] Building CUDA object src/CMakeFiles/ggml.dir/ggml-cuda/arange.cu.o
[  5%] Building CUDA object src/CMakeFiles/ggml.dir/ggml-cuda/convert.cu.o
[  6%] Building CUDA object src/CMakeFiles/ggml.dir/ggml-cuda/cpy.cu.o
[  6%] Building CUDA object src/CMakeFiles/ggml.dir/ggml-cuda/concat.cu.o
[  7%] Building CUDA object src/CMakeFiles/ggml.dir/ggml-cuda/clamp.cu.o
[  8%] Building CUDA object src/CMakeFiles/ggml.dir/ggml-cuda/diagmask.cu.o
[  9%] Building CUDA object src/CMakeFiles/ggml.dir/ggml-cuda/binbcast.cu.o
[ 10%] Building CUDA object src/CMakeFiles/ggml.dir/ggml-cuda/argsort.cu.o
[ 11%] Building CUDA object src/CMakeFiles/ggml.dir/ggml-cuda/dmmv.cu.o
[ 11%] Building CUDA object src/CMakeFiles/ggml.dir/ggml-cuda/fattn-tile-f16.cu.o
[ 12%] Building CUDA object src/CMakeFiles/ggml.dir/ggml-cuda/fattn-tile-f32.cu.o
[ 13%] Building CUDA object src/CMakeFiles/ggml.dir/ggml-cuda/fattn-vec-f16.cu.o
[ 14%] Building CUDA object src/CMakeFiles/ggml.dir/ggml-cuda/fattn-vec-f32.cu.o
[ 14%] Building CUDA object src/CMakeFiles/ggml.dir/ggml-cuda/fattn.cu.o
[ 15%] Building CUDA object src/CMakeFiles/ggml.dir/ggml-cuda/im2col.cu.o
[ 16%] Building CUDA object src/CMakeFiles/ggml.dir/ggml-cuda/getrows.cu.o
[ 17%] Building CUDA object src/CMakeFiles/ggml.dir/ggml-cuda/mmvq.cu.o
[ 18%] Building CUDA object src/CMakeFiles/ggml.dir/ggml-cuda/mmq.cu.o
[ 18%] Building CUDA object src/CMakeFiles/ggml.dir/ggml-cuda/norm.cu.o
[ 19%] Building CUDA object src/CMakeFiles/ggml.dir/ggml-cuda/pad.cu.o
[ 20%] Building CUDA object src/CMakeFiles/ggml.dir/ggml-cuda/pool2d.cu.o
[ 21%] Building CUDA object src/CMakeFiles/ggml.dir/ggml-cuda/quantize.cu.o
[ 22%] Building CUDA object src/CMakeFiles/ggml.dir/ggml-cuda/rope.cu.o
[ 22%] Building CUDA object src/CMakeFiles/ggml.dir/ggml-cuda/scale.cu.o
[ 23%] Building CUDA object src/CMakeFiles/ggml.dir/ggml-cuda/softmax.cu.o
[ 24%] Building CUDA object src/CMakeFiles/ggml.dir/ggml-cuda/sumrows.cu.o
[ 25%] Building CUDA object src/CMakeFiles/ggml.dir/ggml-cuda/tsembd.cu.o
[ 25%] Building CUDA object src/CMakeFiles/ggml.dir/ggml-cuda/unary.cu.o
[ 26%] Building CUDA object src/CMakeFiles/ggml.dir/ggml-cuda/upscale.cu.o
[ 27%] Building CUDA object src/CMakeFiles/ggml.dir/ggml-cuda.cu.o
/home/ggml/work/ggml/src/ggml-cuda/fattn-vec-f16.cu:41:19: error: #if with no expression
   41 | #if FP16_AVAILABLE
      |                   ^
make[2]: *** [src/CMakeFiles/ggml.dir/build.make:313: src/CMakeFiles/ggml.dir/ggml-cuda/fattn-vec-f16.cu.o] Error 1
make[2]: *** Waiting for unfinished jobs....
/home/ggml/work/ggml/src/ggml-cuda/fattn-vec-f32.cu(230): error: no instance of overloaded function "flash_attn_vec_ext_f32" matches the required type
              fattn_kernel_t fattn_kernel = flash_attn_vec_ext_f32<D, cols_per_block, parallel_blocks>;
                                            ^
          detected during instantiation of "void launch_fattn_vec_f32_64_128<cols_per_block,parallel_blocks>(ggml_backend_cuda_context &, ggml_tensor *) [with cols_per_block=1, parallel_blocks=4]" at line 251

/home/ggml/work/ggml/src/ggml-cuda/fattn-vec-f32.cu(231): error: no instance of function template "launch_fattn" matches the argument list
            argument types are: (ggml_backend_cuda_context, ggml_tensor *, fattn_kernel_t, const int, int)
              launch_fattn<D, parallel_blocks>(ctx, dst, fattn_kernel, nwarps, cols_per_block);
              ^
          detected during instantiation of "void launch_fattn_vec_f32_64_128<cols_per_block,parallel_blocks>(ggml_backend_cuda_context &, ggml_tensor *) [with cols_per_block=1, parallel_blocks=4]" at line 251

/home/ggml/work/ggml/src/ggml-cuda/fattn-vec-f32.cu(236): error: no instance of overloaded function "flash_attn_vec_ext_f32" matches the required type
              fattn_kernel_t fattn_kernel = flash_attn_vec_ext_f32<D, cols_per_block, parallel_blocks>;
                                            ^
          detected during instantiation of "void launch_fattn_vec_f32_64_128<cols_per_block,parallel_blocks>(ggml_backend_cuda_context &, ggml_tensor *) [with cols_per_block=1, parallel_blocks=4]" at line 251

/home/ggml/work/ggml/src/ggml-cuda/fattn-vec-f32.cu(237): error: no instance of function template "launch_fattn" matches the argument list
            argument types are: (ggml_backend_cuda_context, ggml_tensor *, fattn_kernel_t, const int, int)
              launch_fattn<D, parallel_blocks>(ctx, dst, fattn_kernel, nwarps, cols_per_block);
              ^
          detected during instantiation of "void launch_fattn_vec_f32_64_128<cols_per_block,parallel_blocks>(ggml_backend_cuda_context &, ggml_tensor *) [with cols_per_block=1, parallel_blocks=4]" at line 251

/home/ggml/work/ggml/src/ggml-cuda/fattn-vec-f32.cu(230): error: no instance of overloaded function "flash_attn_vec_ext_f32" matches the required type
              fattn_kernel_t fattn_kernel = flash_attn_vec_ext_f32<D, cols_per_block, parallel_blocks>;
                                            ^
          detected during instantiation of "void launch_fattn_vec_f32_64_128<cols_per_block,parallel_blocks>(ggml_backend_cuda_context &, ggml_tensor *) [with cols_per_block=2, parallel_blocks=4]" at line 258

/home/ggml/work/ggml/src/ggml-cuda/fattn-vec-f32.cu(231): error: no instance of function template "launch_fattn" matches the argument list
            argument types are: (ggml_backend_cuda_context, ggml_tensor *, fattn_kernel_t, const int, int)
              launch_fattn<D, parallel_blocks>(ctx, dst, fattn_kernel, nwarps, cols_per_block);
              ^
          detected during instantiation of "void launch_fattn_vec_f32_64_128<cols_per_block,parallel_blocks>(ggml_backend_cuda_context &, ggml_tensor *) [with cols_per_block=2, parallel_blocks=4]" at line 258

/home/ggml/work/ggml/src/ggml-cuda/fattn-vec-f32.cu(236): error: no instance of overloaded function "flash_attn_vec_ext_f32" matches the required type
              fattn_kernel_t fattn_kernel = flash_attn_vec_ext_f32<D, cols_per_block, parallel_blocks>;
                                            ^
          detected during instantiation of "void launch_fattn_vec_f32_64_128<cols_per_block,parallel_blocks>(ggml_backend_cuda_context &, ggml_tensor *) [with cols_per_block=2, parallel_blocks=4]" at line 258

/home/ggml/work/ggml/src/ggml-cuda/fattn-vec-f32.cu(237): error: no instance of function template "launch_fattn" matches the argument list
            argument types are: (ggml_backend_cuda_context, ggml_tensor *, fattn_kernel_t, const int, int)
              launch_fattn<D, parallel_blocks>(ctx, dst, fattn_kernel, nwarps, cols_per_block);
              ^
          detected during instantiation of "void launch_fattn_vec_f32_64_128<cols_per_block,parallel_blocks>(ggml_backend_cuda_context &, ggml_tensor *) [with cols_per_block=2, parallel_blocks=4]" at line 258

/home/ggml/work/ggml/src/ggml-cuda/fattn-vec-f32.cu(230): error: no instance of overloaded function "flash_attn_vec_ext_f32" matches the required type
              fattn_kernel_t fattn_kernel = flash_attn_vec_ext_f32<D, cols_per_block, parallel_blocks>;
                                            ^
          detected during instantiation of "void launch_fattn_vec_f32_64_128<cols_per_block,parallel_blocks>(ggml_backend_cuda_context &, ggml_tensor *) [with cols_per_block=4, parallel_blocks=4]" at line 265

/home/ggml/work/ggml/src/ggml-cuda/fattn-vec-f32.cu(231): error: no instance of function template "launch_fattn" matches the argument list
            argument types are: (ggml_backend_cuda_context, ggml_tensor *, fattn_kernel_t, const int, int)
              launch_fattn<D, parallel_blocks>(ctx, dst, fattn_kernel, nwarps, cols_per_block);
              ^
          detected during instantiation of "void launch_fattn_vec_f32_64_128<cols_per_block,parallel_blocks>(ggml_backend_cuda_context &, ggml_tensor *) [with cols_per_block=4, parallel_blocks=4]" at line 265

/home/ggml/work/ggml/src/ggml-cuda/fattn-vec-f32.cu(236): error: no instance of overloaded function "flash_attn_vec_ext_f32" matches the required type
              fattn_kernel_t fattn_kernel = flash_attn_vec_ext_f32<D, cols_per_block, parallel_blocks>;
                                            ^
          detected during instantiation of "void launch_fattn_vec_f32_64_128<cols_per_block,parallel_blocks>(ggml_backend_cuda_context &, ggml_tensor *) [with cols_per_block=4, parallel_blocks=4]" at line 265

/home/ggml/work/ggml/src/ggml-cuda/fattn-vec-f32.cu(237): error: no instance of function template "launch_fattn" matches the argument list
            argument types are: (ggml_backend_cuda_context, ggml_tensor *, fattn_kernel_t, const int, int)
              launch_fattn<D, parallel_blocks>(ctx, dst, fattn_kernel, nwarps, cols_per_block);
              ^
          detected during instantiation of "void launch_fattn_vec_f32_64_128<cols_per_block,parallel_blocks>(ggml_backend_cuda_context &, ggml_tensor *) [with cols_per_block=4, parallel_blocks=4]" at line 265

/home/ggml/work/ggml/src/ggml-cuda/fattn-vec-f32.cu(230): error: no instance of overloaded function "flash_attn_vec_ext_f32" matches the required type
              fattn_kernel_t fattn_kernel = flash_attn_vec_ext_f32<D, cols_per_block, parallel_blocks>;
                                            ^
          detected during instantiation of "void launch_fattn_vec_f32_64_128<cols_per_block,parallel_blocks>(ggml_backend_cuda_context &, ggml_tensor *) [with cols_per_block=8, parallel_blocks=4]" at line 272

/home/ggml/work/ggml/src/ggml-cuda/fattn-vec-f32.cu(231): error: no instance of function template "launch_fattn" matches the argument list
            argument types are: (ggml_backend_cuda_context, ggml_tensor *, fattn_kernel_t, const int, int)
              launch_fattn<D, parallel_blocks>(ctx, dst, fattn_kernel, nwarps, cols_per_block);
              ^
          detected during instantiation of "void launch_fattn_vec_f32_64_128<cols_per_block,parallel_blocks>(ggml_backend_cuda_context &, ggml_tensor *) [with cols_per_block=8, parallel_blocks=4]" at line 272

/home/ggml/work/ggml/src/ggml-cuda/fattn-vec-f32.cu(236): error: no instance of overloaded function "flash_attn_vec_ext_f32" matches the required type
              fattn_kernel_t fattn_kernel = flash_attn_vec_ext_f32<D, cols_per_block, parallel_blocks>;
                                            ^
          detected during instantiation of "void launch_fattn_vec_f32_64_128<cols_per_block,parallel_blocks>(ggml_backend_cuda_context &, ggml_tensor *) [with cols_per_block=8, parallel_blocks=4]" at line 272

/home/ggml/work/ggml/src/ggml-cuda/fattn-vec-f32.cu(237): error: no instance of function template "launch_fattn" matches the argument list
            argument types are: (ggml_backend_cuda_context, ggml_tensor *, fattn_kernel_t, const int, int)
              launch_fattn<D, parallel_blocks>(ctx, dst, fattn_kernel, nwarps, cols_per_block);
              ^
          detected during instantiation of "void launch_fattn_vec_f32_64_128<cols_per_block,parallel_blocks>(ggml_backend_cuda_context &, ggml_tensor *) [with cols_per_block=8, parallel_blocks=4]" at line 272

/home/ggml/work/ggml/src/ggml-cuda/fattn-vec-f32.cu(230): error: no instance of overloaded function "flash_attn_vec_ext_f32" matches the required type
              fattn_kernel_t fattn_kernel = flash_attn_vec_ext_f32<D, cols_per_block, parallel_blocks>;
                                            ^
          detected during instantiation of "void launch_fattn_vec_f32_64_128<cols_per_block,parallel_blocks>(ggml_backend_cuda_context &, ggml_tensor *) [with cols_per_block=8, parallel_blocks=1]" at line 278

/home/ggml/work/ggml/src/ggml-cuda/fattn-vec-f32.cu(231): error: no instance of function template "launch_fattn" matches the argument list
            argument types are: (ggml_backend_cuda_context, ggml_tensor *, fattn_kernel_t, const int, int)
              launch_fattn<D, parallel_blocks>(ctx, dst, fattn_kernel, nwarps, cols_per_block);
              ^
          detected during instantiation of "void launch_fattn_vec_f32_64_128<cols_per_block,parallel_blocks>(ggml_backend_cuda_context &, ggml_tensor *) [with cols_per_block=8, parallel_blocks=1]" at line 278

/home/ggml/work/ggml/src/ggml-cuda/fattn-vec-f32.cu(236): error: no instance of overloaded function "flash_attn_vec_ext_f32" matches the required type
              fattn_kernel_t fattn_kernel = flash_attn_vec_ext_f32<D, cols_per_block, parallel_blocks>;
                                            ^
          detected during instantiation of "void launch_fattn_vec_f32_64_128<cols_per_block,parallel_blocks>(ggml_backend_cuda_context &, ggml_tensor *) [with cols_per_block=8, parallel_blocks=1]" at line 278

/home/ggml/work/ggml/src/ggml-cuda/fattn-vec-f32.cu(237): error: no instance of function template "launch_fattn" matches the argument list
            argument types are: (ggml_backend_cuda_context, ggml_tensor *, fattn_kernel_t, const int, int)
              launch_fattn<D, parallel_blocks>(ctx, dst, fattn_kernel, nwarps, cols_per_block);
              ^
          detected during instantiation of "void launch_fattn_vec_f32_64_128<cols_per_block,parallel_blocks>(ggml_backend_cuda_context &, ggml_tensor *) [with cols_per_block=8, parallel_blocks=1]" at line 278

20 errors detected in the compilation of "/home/ggml/work/ggml/src/ggml-cuda/fattn-vec-f32.cu".
make[2]: *** [src/CMakeFiles/ggml.dir/build.make:328: src/CMakeFiles/ggml.dir/ggml-cuda/fattn-vec-f32.cu.o] Error 1
/home/ggml/work/ggml/src/ggml-cuda.cu(2418): warning #177-D: function "set_ggml_graph_node_properties" was declared but never referenced
  static void set_ggml_graph_node_properties(ggml_tensor * node, ggml_graph_node_properties * graph_node_properties) {
              ^

Remark: The warnings can be suppressed with "-diag-suppress <warning-number>"

/home/ggml/work/ggml/src/ggml-cuda.cu(2430): warning #177-D: function "ggml_graph_node_has_matching_properties" was declared but never referenced
  static bool ggml_graph_node_has_matching_properties(ggml_tensor * node, ggml_graph_node_properties * graph_node_properties) {
              ^

/home/ggml/work/ggml/src/ggml-cuda.cu(2418): warning #177-D: function "set_ggml_graph_node_properties" was declared but never referenced
  static void set_ggml_graph_node_properties(ggml_tensor * node, ggml_graph_node_properties * graph_node_properties) {
              ^

Remark: The warnings can be suppressed with "-diag-suppress <warning-number>"

/home/ggml/work/ggml/src/ggml-cuda.cu(2430): warning #177-D: function "ggml_graph_node_has_matching_properties" was declared but never referenced
  static bool ggml_graph_node_has_matching_properties(ggml_tensor * node, ggml_graph_node_properties * graph_node_properties) {
              ^

[ 28%] Linking CXX static library libcommon.a
/home/ggml/work/ggml/src/ggml-cuda.cu(2418): warning #177-D: function "set_ggml_graph_node_properties" was declared but never referenced
  static void set_ggml_graph_node_properties(ggml_tensor * node, ggml_graph_node_properties * graph_node_properties) {
              ^

Remark: The warnings can be suppressed with "-diag-suppress <warning-number>"

/home/ggml/work/ggml/src/ggml-cuda.cu(2430): warning #177-D: function "ggml_graph_node_has_matching_properties" was declared but never referenced
  static bool ggml_graph_node_has_matching_properties(ggml_tensor * node, ggml_graph_node_properties * graph_node_properties) {
              ^

[ 28%] Built target common
make[1]: *** [CMakeFiles/Makefile2:347: src/CMakeFiles/ggml.dir/all] Error 2
make: *** [Makefile:146: all] Error 2

real	1m34.818s
user	3m55.824s
sys	0m21.197s
+ cur=2
+ echo 2
+ set +x
cat: /home/ggml/results/ggml/87/2e0741493a13e1d2a41e527465c8e1a5b9cb29/ggml-4-x86-cuda-v100/ctest_debug-ctest.log: No such file or directory
Sat Jun 15 17:19:04 UTC 2024
