+ cmake -DCMAKE_BUILD_TYPE=Debug ..
CMake Deprecation Warning at CMakeLists.txt:1 (cmake_minimum_required):
  Compatibility with CMake < 3.5 will be removed from a future version of
  CMake.

  Update the VERSION argument <min> value or use a ...<max> suffix to tell
  CMake that the project does not need compatibility with older versions.


-- The C compiler identification is AppleClang 14.0.3.14030022
-- The CXX compiler identification is AppleClang 14.0.3.14030022
-- Detecting C compiler ABI info
-- Detecting C compiler ABI info - done
-- Check for working C compiler: /Library/Developer/CommandLineTools/usr/bin/cc - skipped
-- Detecting C compile features
-- Detecting C compile features - done
-- Detecting CXX compiler ABI info
-- Detecting CXX compiler ABI info - done
-- Check for working CXX compiler: /Library/Developer/CommandLineTools/usr/bin/c++ - skipped
-- Detecting CXX compile features
-- Detecting CXX compile features - done
-- Found Git: /usr/bin/git (found version "2.39.2 (Apple Git-143)") 
-- Performing Test CMAKE_HAVE_LIBC_PTHREAD
-- Performing Test CMAKE_HAVE_LIBC_PTHREAD - Success
-- Found Threads: TRUE  
-- CMAKE_SYSTEM_PROCESSOR: arm64
-- ARM detected
-- Accelerate framework found
-- ARM detected
-- Accelerate framework found
-- Configuring done (0.5s)
-- Generating done (0.1s)
-- Build files have been written to: /Users/ggml/work/ggml/build-ci-debug

real	0m0.651s
user	0m0.283s
sys	0m0.289s
+ make -j
[  1%] Building C object src/CMakeFiles/ggml.dir/ggml.c.o
[  1%] Building CXX object examples/CMakeFiles/common.dir/common.cpp.o
[  1%] Building C object src/CMakeFiles/ggml.dir/ggml-alloc.c.o
[  2%] Building C object src/CMakeFiles/ggml.dir/ggml-quants.c.o
[  3%] Building C object src/CMakeFiles/ggml.dir/ggml-backend.c.o
[  4%] Linking C shared library libggml.dylib
[  4%] Built target ggml
[  5%] Building C object tests/CMakeFiles/test-mul-mat0.dir/test-mul-mat0.c.o
[  6%] Building C object tests/CMakeFiles/test-vec0.dir/test-vec0.c.o
[  7%] Building C object tests/CMakeFiles/test-blas0.dir/test-blas0.c.o
[  8%] Building C object tests/CMakeFiles/test-svd0.dir/test-svd0.c.o
[  8%] Building CXX object tests/CMakeFiles/test-opt.dir/test-opt.cpp.o
[  9%] Building C object tests/CMakeFiles/test-mul-mat1.dir/test-mul-mat1.c.o
[ 10%] Building C object tests/CMakeFiles/test-customop.dir/test-customop.c.o
[ 11%] Building CXX object tests/CMakeFiles/test-mul-mat.dir/test-mul-mat.cpp.o
[ 12%] Building C object tests/CMakeFiles/test-vec2.dir/test-vec2.c.o
[ 13%] Building C object tests/CMakeFiles/test0.dir/test0.c.o
[ 14%] Building C object tests/CMakeFiles/test1.dir/test1.c.o
[ 15%] Building CXX object tests/CMakeFiles/test-quantize-fns.dir/test-quantize-fns.cpp.o
[ 16%] Building CXX object tests/CMakeFiles/test-conv2d.dir/test-conv2d.cpp.o
[ 16%] Building C object tests/CMakeFiles/test-conv-transpose.dir/test-conv-transpose.c.o
[ 17%] Building CXX object tests/CMakeFiles/test-grad0.dir/test-grad0.cpp.o
[ 18%] Building C object tests/CMakeFiles/test-pool.dir/test-pool.c.o
[ 19%] Building C object tests/CMakeFiles/test-mul-mat2.dir/test-mul-mat2.c.o
[ 19%] Building C object tests/CMakeFiles/test-rel-pos.dir/test-rel-pos.c.o
[ 20%] Building CXX object tests/CMakeFiles/test-quantize-perf.dir/test-quantize-perf.cpp.o
[ 21%] Building CXX object examples/CMakeFiles/common-ggml.dir/common-ggml.cpp.o
[ 22%] Building C object examples/mnist/CMakeFiles/mnist-mtl.dir/main-mtl.m.o
[ 23%] Building C object tests/CMakeFiles/test-xpos.dir/test-xpos.c.o
[ 24%] Building CXX object examples/mnist/CMakeFiles/mnist-cpu.dir/main-cpu.cpp.o
[ 25%] Building C object tests/CMakeFiles/test2.dir/test2.c.o
[ 26%] Building CXX object tests/CMakeFiles/test-conv1d.dir/test-conv1d.cpp.o
[ 27%] Building C object tests/CMakeFiles/test3.dir/test3.c.o
[ 28%] Building CXX object examples/whisper/CMakeFiles/whisper-cpp.dir/whisper.cpp.o
[ 29%] Building CXX object examples/mnist/CMakeFiles/mnist-mtl.dir/main-mtl.cpp.o
[ 30%] Linking C executable ../bin/test-vec0
[ 31%] Linking C executable ../bin/test-pool
[ 32%] Linking C executable ../bin/test-mul-mat0
[ 33%] Linking C executable ../bin/test-rel-pos
[ 34%] Linking C executable ../bin/test-customop
[ 35%] Linking C executable ../bin/test-conv-transpose
[ 35%] Linking C executable ../bin/test-xpos
[ 36%] Linking C executable ../bin/test3
[ 37%] Linking C executable ../bin/test0
[ 38%] Linking CXX executable ../bin/test-opt
[ 39%] Linking C executable ../bin/test1
[ 40%] Linking C executable ../bin/test2
[ 40%] Built target test1
[ 40%] Built target test-opt
[ 40%] Built target test-xpos
[ 41%] Linking C executable ../bin/test-vec2
[ 41%] Built target test-pool
[ 41%] Linking CXX executable ../bin/test-grad0
[ 41%] Built target test3
[ 41%] Built target test-conv-transpose
[ 41%] Built target test0
[ 41%] Built target test-rel-pos
[ 41%] Built target test-mul-mat0
[ 41%] Built target test2
[ 41%] Built target test-vec0
[ 41%] Built target test-customop
[ 41%] Built target test-vec2
[ 41%] Built target test-grad0
[ 42%] Linking C executable ../bin/test-mul-mat2
[ 42%] Built target test-mul-mat2
[ 43%] Linking CXX executable ../bin/test-quantize-fns
[ 43%] Built target test-quantize-fns
/Users/ggml/work/ggml/tests/test-conv1d.cpp:281:38: warning: format specifies type 'int' but the argument has type 'int64_t' (aka 'long long') [-Wformat]
    printf("ggml_im2col (%i): %s\n", ggml_nelements(im2col_res), passed && (ggml_nelements(im2col_res) == n_im2col_test) ? "\033[32mPASSED\033[0m" : "\033[31mFAILED\033[0m");
                         ~~          ^~~~~~~~~~~~~~~~~~~~~~~~~~
                         %lli
/Users/ggml/work/ggml/tests/test-conv1d.cpp:291:38: warning: format specifies type 'int' but the argument has type 'int64_t' (aka 'long long') [-Wformat]
    printf("ggml_conv1d (%i): %s\n", ggml_nelements(conv1d_res), passed && (ggml_nelements(conv1d_res) == n_conv1d_test) ? "\033[32mPASSED\033[0m" : "\033[31mFAILED\033[0m");
                         ~~          ^~~~~~~~~~~~~~~~~~~~~~~~~~
                         %lli
2 warnings generated.
[ 44%] Linking CXX executable ../bin/test-mul-mat
[ 45%] Linking CXX executable ../bin/test-conv1d
[ 46%] Linking CXX executable ../../bin/mnist-cpu
[ 47%] Linking C executable ../bin/test-mul-mat1
[ 48%] Linking C executable ../bin/test-blas0
[ 49%] Linking C executable ../bin/test-svd0
[ 50%] Linking CXX executable ../../bin/mnist-mtl
[ 51%] Linking CXX executable ../bin/test-conv2d
[ 51%] Built target test-mul-mat
[ 51%] Built target test-conv1d
[ 51%] Built target test-mul-mat1
[ 51%] Built target test-blas0
[ 51%] Built target test-svd0
[ 51%] Built target mnist-cpu
[ 51%] Built target test-conv2d
[ 52%] Linking CXX executable ../bin/test-quantize-perf
[ 52%] Built target mnist-mtl
[ 53%] Linking CXX static library libcommon.a
[ 53%] Built target test-quantize-perf
[ 53%] Built target common
[ 54%] Building CXX object examples/sam/CMakeFiles/sam.dir/main.cpp.o
[ 55%] Building CXX object examples/mnist/CMakeFiles/mnist.dir/main.cpp.o
[ 56%] Building CXX object examples/yolo/CMakeFiles/yolov3-tiny.dir/yolo-image.cpp.o
[ 57%] Building CXX object examples/yolo/CMakeFiles/yolov3-tiny.dir/yolov3-tiny.cpp.o
[ 58%] Building CXX object examples/mnist/CMakeFiles/mnist-cnn.dir/main-cnn.cpp.o
[ 59%] Linking CXX static library libcommon-ggml.a
[ 60%] Linking CXX executable ../../bin/mnist-cnn
[ 60%] Linking CXX executable ../../bin/mnist
[ 60%] Built target common-ggml
[ 61%] Building CXX object examples/gpt-neox/CMakeFiles/gpt-neox.dir/main.cpp.o
[ 62%] Building CXX object examples/gpt-2/CMakeFiles/gpt-2-quantize.dir/quantize.cpp.o
[ 63%] Building CXX object examples/gpt-j/CMakeFiles/gpt-j-quantize.dir/quantize.cpp.o
[ 64%] Building CXX object examples/gpt-2/CMakeFiles/gpt-2-backend.dir/main-backend.cpp.o
[ 65%] Building CXX object examples/gpt-2/CMakeFiles/gpt-2-ctx.dir/main-ctx.cpp.o
[ 66%] Building CXX object examples/gpt-2/CMakeFiles/gpt-2-alloc.dir/main-alloc.cpp.o
[ 67%] Building CXX object examples/gpt-j/CMakeFiles/gpt-j.dir/main.cpp.o
[ 69%] Building CXX object examples/whisper/CMakeFiles/whisper-quantize.dir/quantize.cpp.o
[ 69%] Building CXX object examples/dolly-v2/CMakeFiles/dollyv2.dir/main.cpp.o
[ 69%] Building CXX object examples/gpt-2/CMakeFiles/gpt-2-backend2.dir/main.cpp.o
[ 70%] Building CXX object examples/gpt-neox/CMakeFiles/gpt-neox-quantize.dir/quantize.cpp.o
[ 72%] Building CXX object examples/replit/CMakeFiles/replit-quantize.dir/quantize.cpp.o
[ 72%] Building CXX object examples/dolly-v2/CMakeFiles/dollyv2-quantize.dir/quantize.cpp.o
[ 73%] Building CXX object examples/mpt/CMakeFiles/mpt.dir/main.cpp.o
[ 74%] Building CXX object examples/gpt-2/CMakeFiles/gpt-2-batched.dir/main-batched.cpp.o
[ 75%] Building CXX object examples/replit/CMakeFiles/replit.dir/main.cpp.o
[ 76%] Building CXX object examples/mpt/CMakeFiles/mpt-quantize.dir/quantize.cpp.o
[ 76%] Building CXX object examples/starcoder/CMakeFiles/starcoder.dir/main.cpp.o
[ 76%] Built target mnist-cnn
[ 77%] Building CXX object examples/starcoder/CMakeFiles/starcoder-quantize.dir/quantize.cpp.o
[ 78%] Building CXX object examples/starcoder/CMakeFiles/starcoder-mmap.dir/starcoder-mmap.cpp.o
[ 78%] Built target mnist
[ 79%] Linking CXX executable ../../bin/yolov3-tiny
[ 79%] Built target yolov3-tiny
[ 80%] Linking CXX executable ../../bin/sam
[ 80%] Built target sam
[ 81%] Linking CXX executable ../../bin/replit-quantize
[ 82%] Linking CXX executable ../../bin/mpt-quantize
[ 82%] Built target replit-quantize
[ 83%] Linking CXX executable ../../bin/gpt-neox-quantize
[ 83%] Built target mpt-quantize
[ 84%] Linking CXX executable ../../bin/dollyv2-quantize
[ 85%] Linking CXX executable ../../bin/gpt-2-quantize
[ 85%] Built target gpt-neox-quantize
[ 86%] Linking CXX executable ../../bin/starcoder-quantize
[ 86%] Built target dollyv2-quantize
[ 87%] Linking CXX executable ../../bin/gpt-j-quantize
[ 88%] Linking CXX executable ../../bin/whisper-quantize
[ 88%] Built target gpt-2-quantize
[ 88%] Built target gpt-j-quantize
[ 88%] Built target starcoder-quantize
[ 88%] Built target whisper-quantize
[ 89%] Linking CXX executable ../../bin/gpt-2-backend
[ 89%] Linking CXX executable ../../bin/gpt-j
[ 90%] Linking CXX executable ../../bin/gpt-neox
[ 91%] Linking CXX executable ../../bin/starcoder-mmap
[ 92%] Linking CXX executable ../../bin/gpt-2-ctx
[ 93%] Linking CXX executable ../../bin/dollyv2
[ 93%] Built target gpt-j
[ 94%] Linking CXX executable ../../bin/starcoder
[ 94%] Built target gpt-2-backend
[ 94%] Built target starcoder-mmap
[ 94%] Built target gpt-neox
[ 95%] Linking CXX executable ../../bin/gpt-2-batched
[ 95%] Linking CXX executable ../../bin/mpt
[ 95%] Built target gpt-2-ctx
[ 95%] Built target dollyv2
[ 96%] Linking CXX executable ../../bin/gpt-2-alloc
[ 96%] Built target starcoder
[ 97%] Linking CXX executable ../../bin/replit
[ 97%] Built target gpt-2-batched
[ 97%] Built target mpt
[ 98%] Linking CXX executable ../../bin/gpt-2-backend2
[ 98%] Built target gpt-2-alloc
[ 98%] Built target replit
[ 98%] Built target gpt-2-backend2
[ 99%] Linking CXX static library libwhisper-cpp.a
[ 99%] Built target whisper-cpp
[ 99%] Building CXX object examples/whisper/CMakeFiles/whisper.dir/main.cpp.o
[100%] Linking CXX executable ../../bin/whisper
[100%] Built target whisper

real	0m6.108s
user	0m32.312s
sys	0m4.922s
+ ctest --output-on-failure -E test-opt
Test project /Users/ggml/work/ggml/build-ci-debug
      Start  1: test-grad0
 1/18 Test  #1: test-grad0 .......................   Passed    1.30 sec
      Start  2: test-quantize-fns
 2/18 Test  #2: test-quantize-fns ................   Passed    0.30 sec
      Start  3: test-quantize-perf
 3/18 Test  #3: test-quantize-perf ...............   Passed    0.45 sec
      Start  4: test-mul-mat0
 4/18 Test  #4: test-mul-mat0 ....................   Passed    0.45 sec
      Start  5: test-blas0
 5/18 Test  #5: test-blas0 .......................   Passed    0.29 sec
      Start  6: test-mul-mat2
 6/18 Test  #6: test-mul-mat2 ....................   Passed    8.93 sec
      Start  7: test0
 7/18 Test  #7: test0 ............................   Passed    0.24 sec
      Start  8: test1
 8/18 Test  #8: test1 ............................   Passed    0.25 sec
      Start  9: test2
 9/18 Test  #9: test2 ............................   Passed    0.27 sec
      Start 10: test3
10/18 Test #10: test3 ............................   Passed    0.29 sec
      Start 11: test-pool
11/18 Test #11: test-pool ........................   Passed    0.24 sec
      Start 12: test-conv-transpose
12/18 Test #12: test-conv-transpose ..............   Passed    0.24 sec
      Start 13: test-rel-pos
13/18 Test #13: test-rel-pos .....................   Passed    0.25 sec
      Start 14: test-customop
14/18 Test #14: test-customop ....................   Passed    0.25 sec
      Start 15: test-xpos
15/18 Test #15: test-xpos ........................   Passed    0.24 sec
      Start 16: test-conv1d
16/18 Test #16: test-conv1d ......................   Passed    0.27 sec
      Start 17: test-conv2d
17/18 Test #17: test-conv2d ......................   Passed    0.27 sec
      Start 18: test-mul-mat
18/18 Test #18: test-mul-mat .....................   Passed    0.27 sec

100% tests passed, 0 tests failed out of 18

Total Test time (real) =  14.83 sec

real	0m14.839s
user	0m9.630s
sys	0m1.026s
