+ cmake -DCMAKE_BUILD_TYPE=Debug -DGGML_METAL=ON -DGGML_METAL_EMBED_LIBRARY=ON ..
-- The C compiler identification is AppleClang 15.0.0.15000100
-- The CXX compiler identification is AppleClang 15.0.0.15000100
-- Detecting C compiler ABI info
-- Detecting C compiler ABI info - done
-- Check for working C compiler: /Applications/Xcode.app/Contents/Developer/Toolchains/XcodeDefault.xctoolchain/usr/bin/cc - skipped
-- Detecting C compile features
-- Detecting C compile features - done
-- Detecting CXX compiler ABI info
-- Detecting CXX compiler ABI info - done
-- Check for working CXX compiler: /Applications/Xcode.app/Contents/Developer/Toolchains/XcodeDefault.xctoolchain/usr/bin/c++ - skipped
-- Detecting CXX compile features
-- Detecting CXX compile features - done
-- Found Git: /usr/bin/git (found version "2.39.3 (Apple Git-145)") 
-- Performing Test CMAKE_HAVE_LIBC_PTHREAD
-- Performing Test CMAKE_HAVE_LIBC_PTHREAD - Success
-- Found Threads: TRUE  
-- CMAKE_SYSTEM_PROCESSOR: arm64
-- ARM detected
-- Accelerate framework found
-- The ASM compiler identification is AppleClang
-- Found assembler: /Applications/Xcode.app/Contents/Developer/Toolchains/XcodeDefault.xctoolchain/usr/bin/cc
CMake Warning (dev) at src/CMakeLists.txt:526 (install):
  Target ggml has RESOURCE files but no RESOURCE DESTINATION.
This warning is for project developers.  Use -Wno-dev to suppress it.

-- ARM detected
-- Accelerate framework found
-- Configuring done (5.7s)
-- Generating done (0.1s)
-- Build files have been written to: /Users/ggml/work/ggml/build-ci-debug

real	0m6.018s
user	0m0.423s
sys	0m0.476s
+ make -j
[  1%] Generate assembly for embedded Metal library
Embedding Metal library
[  1%] Building CXX object examples/CMakeFiles/common.dir/common.cpp.o
[  2%] Building C object src/CMakeFiles/ggml.dir/ggml-backend.c.o
[  3%] Building C object src/CMakeFiles/ggml.dir/ggml.c.o
[  5%] Building C object src/CMakeFiles/ggml.dir/ggml-quants.c.o
[  5%] Building C object src/CMakeFiles/ggml.dir/ggml-metal.m.o
[  6%] Building ASM object src/CMakeFiles/ggml.dir/__/autogenerated/ggml-metal-embed.s.o
[  7%] Building C object src/CMakeFiles/ggml.dir/ggml-alloc.c.o
[  8%] Linking C shared library libggml.dylib
[  8%] Built target ggml
[  9%] Building C object tests/CMakeFiles/test-vec2.dir/test-vec2.c.o
[ 10%] Building CXX object tests/CMakeFiles/test-quantize-fns.dir/test-quantize-fns.cpp.o
[ 11%] Building CXX object examples/simple/CMakeFiles/simple-backend.dir/simple-backend.cpp.o
[ 12%] Building C object tests/CMakeFiles/test-vec0.dir/test-vec0.c.o
[ 13%] Building C object tests/CMakeFiles/test2.dir/test2.c.o
[ 15%] Building CXX object tests/CMakeFiles/test-backend-ops.dir/test-backend-ops.cpp.o
[ 15%] Building CXX object tests/CMakeFiles/test-conv1d.dir/test-conv1d.cpp.o
[ 16%] Building C object tests/CMakeFiles/test-mul-mat1.dir/test-mul-mat1.c.o
[ 17%] Building CXX object tests/CMakeFiles/test-mul-mat.dir/test-mul-mat.cpp.o
[ 18%] Building C object tests/CMakeFiles/test-dup.dir/test-dup.c.o
[ 18%] Building CXX object examples/mnist/CMakeFiles/mnist-mtl.dir/main-mtl.cpp.o
[ 19%] Building CXX object examples/mnist/CMakeFiles/mnist-cpu.dir/main-cpu.cpp.o
[ 20%] Building CXX object examples/CMakeFiles/common-ggml.dir/common-ggml.cpp.o
[ 21%] Building C object tests/CMakeFiles/test-mul-mat0.dir/test-mul-mat0.c.o
[ 22%] Building C object tests/CMakeFiles/test-conv-transpose.dir/test-conv-transpose.c.o
[ 23%] Building CXX object tests/CMakeFiles/test-opt.dir/test-opt.cpp.o
[ 24%] Building C object tests/CMakeFiles/test-customop.dir/test-customop.c.o
[ 25%] Building C object tests/CMakeFiles/test0.dir/test0.c.o
[ 26%] Building C object tests/CMakeFiles/test-mul-mat2.dir/test-mul-mat2.c.o
[ 27%] Building C object tests/CMakeFiles/test-xpos.dir/test-xpos.c.o
[ 28%] Building CXX object tests/CMakeFiles/test-backend-buffer.dir/test-backend-buffer.cpp.o
[ 29%] Building C object tests/CMakeFiles/test3.dir/test3.c.o
[ 30%] Building CXX object tests/CMakeFiles/test-conv2d.dir/test-conv2d.cpp.o
[ 31%] Building C object examples/mnist/CMakeFiles/mnist-mtl.dir/main-mtl.m.o
[ 32%] Building CXX object tests/CMakeFiles/test-grad0.dir/test-grad0.cpp.o
[ 34%] Building CXX object tests/CMakeFiles/test-quantize-perf.dir/test-quantize-perf.cpp.o
[ 34%] Building CXX object examples/simple/CMakeFiles/simple-ctx.dir/simple-ctx.cpp.o
[ 35%] Building CXX object tests/CMakeFiles/test-timestep_embedding.dir/test-timestep_embedding.cpp.o
[ 36%] Building C object tests/CMakeFiles/test-blas0.dir/test-blas0.c.o
[ 37%] Building CXX object tests/CMakeFiles/test-arange.dir/test-arange.cpp.o
[ 38%] Building C object tests/CMakeFiles/test-rel-pos.dir/test-rel-pos.c.o
[ 39%] Building C object tests/CMakeFiles/test1.dir/test1.c.o
[ 40%] Building C object tests/CMakeFiles/test-pool.dir/test-pool.c.o
[ 41%] Building CXX object examples/whisper/CMakeFiles/whisper-cpp.dir/whisper.cpp.o
[ 41%] Linking C executable ../bin/test2
[ 42%] Linking C executable ../bin/test-vec0
[ 43%] Linking C executable ../bin/test3
[ 43%] Linking C executable ../bin/test-customop
[ 44%] Linking C executable ../bin/test-mul-mat0
[ 45%] Linking C executable ../bin/test-conv-transpose
[ 46%] Linking CXX executable ../bin/test-arange
[ 47%] Linking C executable ../bin/test-rel-pos
[ 48%] Linking C executable ../bin/test0
[ 48%] Linking CXX executable ../bin/test-backend-buffer
[ 49%] Linking C executable ../bin/test-dup
[ 50%] Linking C executable ../bin/test-xpos
[ 51%] Linking C executable ../bin/test-pool
[ 52%] Linking C executable ../bin/test1
[ 53%] Linking CXX executable ../bin/test-grad0
[ 54%] Linking C executable ../bin/test-vec2
[ 55%] Linking CXX executable ../bin/test-opt
[ 55%] Built target test-conv-transpose
[ 55%] Built target test-rel-pos
[ 55%] Built target test2
[ 55%] Built target test0
[ 55%] Built target test-xpos
[ 55%] Built target test-backend-buffer
[ 55%] Built target test-arange
[ 55%] Built target test-vec0
[ 55%] Built target test-dup
[ 55%] Built target test1
[ 55%] Built target test-mul-mat0
[ 55%] Built target test-customop
[ 55%] Built target test3
[ 55%] Built target test-pool
[ 55%] Built target test-vec2
[ 55%] Linking C executable ../bin/test-mul-mat2
[ 55%] Built target test-grad0
[ 55%] Built target test-opt
[ 55%] Built target test-mul-mat2
[ 56%] Linking CXX executable ../bin/test-quantize-fns
[ 56%] Linking CXX executable ../bin/test-timestep_embedding
[ 56%] Built target test-quantize-fns
[ 56%] Built target test-timestep_embedding
[ 57%] Linking CXX executable ../../bin/mnist-cpu
[ 58%] Linking CXX executable ../../bin/simple-ctx
[ 59%] Linking CXX executable ../bin/test-conv1d
[ 60%] Linking C executable ../bin/test-mul-mat1
[ 61%] Linking CXX executable ../bin/test-mul-mat
[ 62%] Linking CXX executable ../../bin/simple-backend
[ 63%] Linking C executable ../bin/test-blas0
[ 64%] Linking CXX executable ../../bin/mnist-mtl
[ 65%] Linking CXX executable ../bin/test-conv2d
[ 65%] Built target simple-ctx
[ 65%] Built target test-conv1d
[ 65%] Built target mnist-cpu
[ 65%] Built target test-mul-mat1
[ 65%] Built target test-mul-mat
[ 65%] Built target simple-backend
[ 65%] Built target test-blas0
[ 66%] Linking CXX static library libcommon.a
/Users/ggml/work/ggml/examples/whisper/whisper.cpp:2591:48: error: no matching function for call to 'ggml_concat'
                            aheads_cross_QKs = ggml_concat(ctx0, aheads_cross_QKs, aheads_KQs);
                                               ^~~~~~~~~~~
/Users/ggml/work/ggml/src/../include/ggml/ggml.h:1012:35: note: candidate function not viable: requires 4 arguments, but 3 were provided
    GGML_API struct ggml_tensor * ggml_concat(
                                  ^
[ 66%] Built target test-conv2d
[ 66%] Built target mnist-mtl
[ 67%] Linking CXX executable ../bin/test-quantize-perf
[ 67%] Built target common
[ 67%] Built target test-quantize-perf
[ 68%] Building CXX object examples/mnist/CMakeFiles/mnist-cnn.dir/main-cnn.cpp.o
[ 69%] Building CXX object examples/sam/CMakeFiles/sam.dir/main.cpp.o
[ 70%] Building CXX object examples/mnist/CMakeFiles/mnist.dir/main.cpp.o
[ 71%] Building CXX object examples/yolo/CMakeFiles/yolov3-tiny.dir/yolo-image.cpp.o
[ 72%] Building CXX object examples/yolo/CMakeFiles/yolov3-tiny.dir/yolov3-tiny.cpp.o
[ 73%] Linking CXX executable ../bin/test-backend-ops
[ 73%] Built target test-backend-ops
[ 74%] Linking CXX static library libcommon-ggml.a
/Users/ggml/work/ggml/examples/yolo/yolov3-tiny.cpp:415:14: error: no matching function for call to 'ggml_concat'
    result = ggml_concat(ctx0, result, layer_8);
             ^~~~~~~~~~~
/Users/ggml/work/ggml/src/../include/ggml/ggml.h:1012:35: note: candidate function not viable: requires 4 arguments, but 3 were provided
    GGML_API struct ggml_tensor * ggml_concat(
                                  ^
[ 74%] Built target common-ggml
1 error generated.
[ 75%] Building CXX object examples/gpt-2/CMakeFiles/gpt-2-quantize.dir/quantize.cpp.o
make[2]: *** [examples/yolo/CMakeFiles/yolov3-tiny.dir/yolov3-tiny.cpp.o] Error 1
make[2]: *** Waiting for unfinished jobs....
[ 75%] Building CXX object examples/gpt-2/CMakeFiles/gpt-2-alloc.dir/main-alloc.cpp.o
[ 76%] Building CXX object examples/gpt-2/CMakeFiles/gpt-2-ctx.dir/main-ctx.cpp.o
[ 77%] Building CXX object examples/gpt-2/CMakeFiles/gpt-2-sched.dir/main-sched.cpp.o
[ 78%] Building CXX object examples/whisper/CMakeFiles/whisper-quantize.dir/quantize.cpp.o
[ 79%] Building CXX object examples/gpt-2/CMakeFiles/gpt-2-backend.dir/main-backend.cpp.o
[ 79%] Building CXX object examples/gpt-j/CMakeFiles/gpt-j.dir/main.cpp.o
make[1]: *** [examples/yolo/CMakeFiles/yolov3-tiny.dir/all] Error 2
make[1]: *** Waiting for unfinished jobs....
[ 80%] Building CXX object examples/gpt-2/CMakeFiles/gpt-2-batched.dir/main-batched.cpp.o
[ 81%] Linking CXX executable ../../bin/mnist-cnn
[ 82%] Building CXX object examples/magika/CMakeFiles/magika.dir/main.cpp.o
[ 83%] Building CXX object examples/gpt-j/CMakeFiles/gpt-j-quantize.dir/quantize.cpp.o
[ 84%] Linking CXX executable ../../bin/mnist
1 error generated.
make[2]: *** [examples/whisper/CMakeFiles/whisper-cpp.dir/whisper.cpp.o] Error 1
make[1]: *** [examples/whisper/CMakeFiles/whisper-cpp.dir/all] Error 2
[ 84%] Built target mnist
[ 84%] Built target mnist-cnn
[ 85%] Linking CXX executable ../../bin/magika
[ 86%] Linking CXX executable ../../bin/sam
[ 86%] Built target magika
[ 86%] Built target sam
[ 87%] Linking CXX executable ../../bin/gpt-j-quantize
[ 88%] Linking CXX executable ../../bin/gpt-2-quantize
[ 89%] Linking CXX executable ../../bin/whisper-quantize
[ 89%] Built target gpt-2-quantize
[ 89%] Built target gpt-j-quantize
[ 90%] Linking CXX executable ../../bin/gpt-2-ctx
[ 91%] Linking CXX executable ../../bin/gpt-2-alloc
[ 91%] Built target whisper-quantize
[ 92%] Linking CXX executable ../../bin/gpt-2-backend
[ 93%] Linking CXX executable ../../bin/gpt-j
[ 94%] Linking CXX executable ../../bin/gpt-2-batched
[ 95%] Linking CXX executable ../../bin/gpt-2-sched
[ 95%] Built target gpt-2-alloc
[ 95%] Built target gpt-2-backend
[ 95%] Built target gpt-2-ctx
[ 95%] Built target gpt-j
[ 95%] Built target gpt-2-batched
[ 95%] Built target gpt-2-sched
make: *** [all] Error 2
