+ make -j
[  2%] Building C object src/CMakeFiles/ggml.dir/ggml-backend.c.o
[  2%] Building C object src/CMakeFiles/ggml.dir/ggml.c.o
[  2%] Building C object src/CMakeFiles/ggml.dir/ggml-quants.c.o
[  3%] Building C object src/CMakeFiles/ggml.dir/ggml-alloc.c.o
[  3%] Building CXX object examples/CMakeFiles/common.dir/common.cpp.o
[  4%] Linking C shared library libggml.so
[  4%] Built target ggml
[  5%] Building C object tests/CMakeFiles/test-vec1.dir/test-vec1.c.o
[  6%] Building C object tests/CMakeFiles/test-vec0.dir/test-vec0.c.o
[  6%] Building CXX object tests/CMakeFiles/test-opt.dir/test-opt.cpp.o
[  8%] Building CXX object tests/CMakeFiles/test-grad0.dir/test-grad0.cpp.o
[  8%] Building CXX object tests/CMakeFiles/test-quantize-perf.dir/test-quantize-perf.cpp.o
[  9%] Building CXX object tests/CMakeFiles/test-quantize-fns.dir/test-quantize-fns.cpp.o
[ 10%] Building C object tests/CMakeFiles/test-mul-mat0.dir/test-mul-mat0.c.o
[ 11%] Building C object tests/CMakeFiles/test-mul-mat2.dir/test-mul-mat2.c.o
[ 12%] Building C object tests/CMakeFiles/test0.dir/test0.c.o
[ 13%] Building C object tests/CMakeFiles/test1.dir/test1.c.o
[ 13%] Building C object tests/CMakeFiles/test3.dir/test3.c.o
[ 14%] Building C object tests/CMakeFiles/test2.dir/test2.c.o
[ 14%] Linking C executable ../bin/test-vec0
[ 15%] Building C object tests/CMakeFiles/test-pool.dir/test-pool.c.o
[ 16%] Building C object tests/CMakeFiles/test-conv-transpose.dir/test-conv-transpose.c.o
[ 17%] Linking CXX executable ../bin/test-opt
[ 18%] Building C object tests/CMakeFiles/test-dup.dir/test-dup.c.o
[ 19%] Building C object tests/CMakeFiles/test-rel-pos.dir/test-rel-pos.c.o
[ 20%] Building C object tests/CMakeFiles/test-xpos.dir/test-xpos.c.o
[ 21%] Building C object tests/CMakeFiles/test-customop.dir/test-customop.c.o
[ 22%] Linking C executable ../bin/test0
[ 23%] Building CXX object tests/CMakeFiles/test-conv1d.dir/test-conv1d.cpp.o
[ 24%] Linking C executable ../bin/test1
[ 24%] Built target test-vec0
[ 25%] Linking C executable ../bin/test3
[ 26%] Linking C executable ../bin/test-mul-mat0
[ 27%] Building CXX object tests/CMakeFiles/test-conv2d.dir/test-conv2d.cpp.o
[ 28%] Linking C executable ../bin/test2
[ 28%] Building CXX object tests/CMakeFiles/test-backend-buffer.dir/test-backend-buffer.cpp.o
[ 29%] Linking C executable ../bin/test-rel-pos
[ 30%] Building CXX object tests/CMakeFiles/test-mul-mat.dir/test-mul-mat.cpp.o
[ 31%] Building CXX object tests/CMakeFiles/test-backend-ops.dir/test-backend-ops.cpp.o
[ 32%] Building CXX object examples/CMakeFiles/common-ggml.dir/common-ggml.cpp.o
[ 33%] Building CXX object examples/whisper/CMakeFiles/whisper-cpp.dir/whisper.cpp.o
[ 33%] Built target test-opt
[ 34%] Linking C executable ../bin/test-pool
[ 35%] Linking C executable ../bin/test-dup
[ 36%] Building CXX object examples/mnist/CMakeFiles/mnist-cpu.dir/main-cpu.cpp.o
[ 37%] Linking C executable ../bin/test-conv-transpose
[ 37%] Built target test0
[ 37%] Linking C executable ../bin/test-customop
[ 37%] Built target test-mul-mat0
[ 37%] Built target test2
[ 38%] Linking C executable ../bin/test-xpos
[ 38%] Built target test1
[ 38%] Built target test-rel-pos
[ 38%] Built target test3
[ 39%] Linking CXX executable ../bin/test-backend-buffer
[ 39%] Built target test-dup
[ 40%] Linking CXX executable ../bin/test-grad0
[ 40%] Built target test-pool
[ 40%] Built target test-conv-transpose
[ 41%] Linking C executable ../bin/test-vec1
[ 41%] Built target test-xpos
[ 41%] Built target test-customop
[ 42%] Linking CXX executable ../bin/test-quantize-fns
[ 42%] Built target test-backend-buffer
[ 42%] Built target test-vec1
[ 42%] Built target test-grad0
[ 42%] Built target test-quantize-fns
[ 43%] Linking C executable ../bin/test-mul-mat2
/home/ggml/work/ggml/tests/test-mul-mat.cpp:24:13: warning: ‘void ggml_log_callback_default(ggml_log_level, const char*, void*)’ defined but not used [-Wunused-function]
   24 | static void ggml_log_callback_default(ggml_log_level level, const char * text, void * user_data) {
      |             ^~~~~~~~~~~~~~~~~~~~~~~~~
/home/ggml/work/ggml/tests/test-conv2d.cpp:24:13: warning: ‘void ggml_log_callback_default(ggml_log_level, const char*, void*)’ defined but not used [-Wunused-function]
   24 | static void ggml_log_callback_default(ggml_log_level level, const char * text, void * user_data) {
      |             ^~~~~~~~~~~~~~~~~~~~~~~~~
/home/ggml/work/ggml/tests/test-conv1d.cpp:24:13: warning: ‘void ggml_log_callback_default(ggml_log_level, const char*, void*)’ defined but not used [-Wunused-function]
   24 | static void ggml_log_callback_default(ggml_log_level level, const char * text, void * user_data) {
      |             ^~~~~~~~~~~~~~~~~~~~~~~~~
[ 43%] Built target test-mul-mat2
[ 44%] Linking CXX executable ../bin/test-mul-mat
[ 45%] Linking CXX executable ../bin/test-conv2d
[ 46%] Linking CXX executable ../bin/test-conv1d
[ 46%] Built target test-mul-mat
[ 47%] Linking CXX executable ../../bin/mnist-cpu
[ 47%] Built target test-conv2d
[ 47%] Built target test-conv1d
[ 47%] Built target mnist-cpu
[ 48%] Linking CXX executable ../bin/test-quantize-perf
[ 48%] Built target test-quantize-perf
[ 49%] Linking CXX executable ../bin/test-backend-ops
[ 49%] Built target test-backend-ops
[ 50%] Linking CXX static library libcommon.a
[ 50%] Built target common
[ 52%] Building CXX object examples/yolo/CMakeFiles/yolov3-tiny.dir/yolo-image.cpp.o
[ 52%] Building CXX object examples/yolo/CMakeFiles/yolov3-tiny.dir/yolov3-tiny.cpp.o
[ 53%] Building CXX object examples/mnist/CMakeFiles/mnist-cnn.dir/main-cnn.cpp.o
[ 53%] Building CXX object examples/mnist/CMakeFiles/mnist.dir/main.cpp.o
[ 54%] Building CXX object examples/sam/CMakeFiles/sam.dir/main.cpp.o
[ 55%] Linking CXX static library libcommon-ggml.a
[ 55%] Built target common-ggml
[ 56%] Building CXX object examples/gpt-2/CMakeFiles/gpt-2-alloc.dir/main-alloc.cpp.o
[ 57%] Building CXX object examples/gpt-2/CMakeFiles/gpt-2-ctx.dir/main-ctx.cpp.o
[ 58%] Building CXX object examples/gpt-2/CMakeFiles/gpt-2-backend.dir/main-backend.cpp.o
[ 59%] Building CXX object examples/gpt-2/CMakeFiles/gpt-2-batched.dir/main-batched.cpp.o
[ 60%] Building CXX object examples/gpt-2/CMakeFiles/gpt-2-backend2.dir/main.cpp.o
[ 61%] Building CXX object examples/gpt-j/CMakeFiles/gpt-j.dir/main.cpp.o
[ 62%] Building CXX object examples/gpt-2/CMakeFiles/gpt-2-quantize.dir/quantize.cpp.o
[ 63%] Building CXX object examples/gpt-j/CMakeFiles/gpt-j-quantize.dir/quantize.cpp.o
[ 64%] Building CXX object examples/dolly-v2/CMakeFiles/dollyv2.dir/main.cpp.o
[ 65%] Building CXX object examples/whisper/CMakeFiles/whisper-quantize.dir/quantize.cpp.o
[ 66%] Building CXX object examples/gpt-neox/CMakeFiles/gpt-neox-quantize.dir/quantize.cpp.o
[ 67%] Building CXX object examples/gpt-neox/CMakeFiles/gpt-neox.dir/main.cpp.o
[ 68%] Building CXX object examples/mpt/CMakeFiles/mpt.dir/main.cpp.o
[ 69%] Building CXX object examples/dolly-v2/CMakeFiles/dollyv2-quantize.dir/quantize.cpp.o
[ 70%] Building CXX object examples/replit/CMakeFiles/replit.dir/main.cpp.o
[ 71%] Building CXX object examples/starcoder/CMakeFiles/starcoder.dir/main.cpp.o
[ 72%] Building CXX object examples/replit/CMakeFiles/replit-quantize.dir/quantize.cpp.o
[ 73%] Building CXX object examples/mpt/CMakeFiles/mpt-quantize.dir/quantize.cpp.o
[ 74%] Building CXX object examples/starcoder/CMakeFiles/starcoder-mmap.dir/starcoder-mmap.cpp.o
[ 75%] Building CXX object examples/starcoder/CMakeFiles/starcoder-quantize.dir/quantize.cpp.o
[ 76%] Linking CXX executable ../../bin/mnist
[ 76%] Built target mnist
/home/ggml/work/ggml/examples/gpt-2/main.cpp: In function ‘int main(int, char**)’:
/home/ggml/work/ggml/examples/gpt-2/main.cpp:950:82: error: invalid conversion from ‘std::vector<ggml_backend*>::size_type’ {aka ‘long unsigned int’} to ‘ggml_backend_buffer_type**’ [-fpermissive]
  950 |         sched = ggml_backend_sched_new(model.backends.data(), model.backends.size());
      |                                                               ~~~~~~~~~~~~~~~~~~~^~
      |                                                                                  |
      |                                                                                  std::vector<ggml_backend*>::size_type {aka long unsigned int}
/home/ggml/work/ggml/examples/gpt-2/main.cpp:950:39: error: too few arguments to function ‘ggml_backend_sched* ggml_backend_sched_new(ggml_backend**, ggml_backend_buffer_type**, int, size_t)’
  950 |         sched = ggml_backend_sched_new(model.backends.data(), model.backends.size());
      |                 ~~~~~~~~~~~~~~~~~~~~~~^~~~~~~~~~~~~~~~~~~~~~~~~~~~~~~~~~~~~~~~~~~~~~
In file included from /home/ggml/work/ggml/examples/gpt-2/main.cpp:3:
/home/ggml/work/ggml/src/../include/ggml/ggml-backend.h:152:36: note: declared here
  152 |     GGML_API ggml_backend_sched_t  ggml_backend_sched_new(ggml_backend_t * backends, ggml_backend_buffer_type_t * bufts, int n_backends, size_t graph_size);
      |                                    ^~~~~~~~~~~~~~~~~~~~~~
[ 77%] Linking CXX executable ../../bin/mnist-cnn
[ 77%] Built target mnist-cnn
[ 78%] Linking CXX executable ../../bin/whisper-quantize
make[2]: *** [examples/gpt-2/CMakeFiles/gpt-2-backend2.dir/build.make:76: examples/gpt-2/CMakeFiles/gpt-2-backend2.dir/main.cpp.o] Error 1
make[1]: *** [CMakeFiles/Makefile2:1171: examples/gpt-2/CMakeFiles/gpt-2-backend2.dir/all] Error 2
make[1]: *** Waiting for unfinished jobs....
[ 79%] Linking CXX executable ../../bin/yolov3-tiny
[ 79%] Built target whisper-quantize
[ 80%] Linking CXX executable ../../bin/gpt-j-quantize
[ 81%] Linking CXX executable ../../bin/gpt-neox-quantize
[ 82%] Linking CXX executable ../../bin/replit-quantize
[ 83%] Linking CXX executable ../../bin/mpt-quantize
[ 83%] Built target yolov3-tiny
[ 83%] Built target gpt-neox-quantize
[ 84%] Linking CXX executable ../../bin/dollyv2-quantize
[ 85%] Linking CXX executable ../../bin/gpt-2-quantize
[ 86%] Linking CXX executable ../../bin/starcoder-quantize
[ 86%] Built target gpt-j-quantize
[ 87%] Linking CXX executable ../../bin/gpt-neox
[ 87%] Built target mpt-quantize
[ 88%] Linking CXX executable ../../bin/gpt-2-alloc
[ 88%] Built target replit-quantize
[ 88%] Built target dollyv2-quantize
[ 89%] Linking CXX executable ../../bin/gpt-j
[ 90%] Linking CXX executable ../../bin/starcoder-mmap
[ 91%] Linking CXX executable ../../bin/dollyv2
[ 91%] Linking CXX executable ../../bin/gpt-2-ctx
[ 91%] Built target starcoder-quantize
[ 92%] Linking CXX executable ../../bin/starcoder
[ 93%] Linking CXX executable ../../bin/gpt-2-backend
[ 93%] Built target gpt-2-quantize
[ 94%] Linking CXX executable ../../bin/gpt-2-batched
[ 95%] Linking CXX executable ../../bin/mpt
[ 95%] Built target gpt-neox
[ 95%] Built target gpt-2-alloc
[ 95%] Built target gpt-2-ctx
[ 95%] Built target gpt-j
[ 95%] Built target gpt-2-backend
[ 95%] Built target dollyv2
[ 95%] Built target starcoder-mmap
[ 95%] Built target gpt-2-batched
[ 95%] Built target starcoder
[ 95%] Linking CXX executable ../../bin/replit
[ 95%] Built target mpt
[ 96%] Linking CXX executable ../../bin/sam
[ 96%] Built target sam
[ 96%] Built target replit
[ 97%] Linking CXX static library libwhisper-cpp.a
[ 97%] Built target whisper-cpp
make: *** [Makefile:146: all] Error 2

real	0m10.272s
user	0m51.775s
sys	0m5.342s
