+ cmake -DCMAKE_BUILD_TYPE=Debug ..
-- The C compiler identification is GNU 11.4.0
-- The CXX compiler identification is GNU 11.4.0
-- Detecting C compiler ABI info
-- Detecting C compiler ABI info - done
-- Check for working C compiler: /usr/bin/cc - skipped
-- Detecting C compile features
-- Detecting C compile features - done
-- Detecting CXX compiler ABI info
-- Detecting CXX compiler ABI info - done
-- Check for working CXX compiler: /usr/bin/c++ - skipped
-- Detecting CXX compile features
-- Detecting CXX compile features - done
-- Looking for pthread.h
-- Looking for pthread.h - found
-- Performing Test CMAKE_HAVE_LIBC_PTHREAD
-- Performing Test CMAKE_HAVE_LIBC_PTHREAD - Success
-- Found Threads: TRUE  
-- ccache found, compilation results will be cached. Disable with GGML_CCACHE=OFF.
-- CMAKE_SYSTEM_PROCESSOR: aarch64
-- Including CPU backend
-- Found OpenMP_C: -fopenmp (found version "4.5") 
-- Found OpenMP_CXX: -fopenmp (found version "4.5") 
-- Found OpenMP: TRUE (found version "4.5")  
-- ARM detected
-- Performing Test GGML_COMPILER_SUPPORTS_FP16_FORMAT_I3E
-- Performing Test GGML_COMPILER_SUPPORTS_FP16_FORMAT_I3E - Failed
-- Performing Test GGML_MACHINE_SUPPORTS_dotprod
-- Performing Test GGML_MACHINE_SUPPORTS_dotprod - Success
-- Performing Test GGML_MACHINE_SUPPORTS_i8mm
-- Performing Test GGML_MACHINE_SUPPORTS_i8mm - Failed
-- Performing Test GGML_MACHINE_SUPPORTS_sve
-- Performing Test GGML_MACHINE_SUPPORTS_sve - Failed
-- ARM feature DOTPROD enabled
-- ARM feature FMA enabled
-- ARM feature FP16_VECTOR_ARITHMETIC enabled
-- Adding CPU backend variant ggml-cpu: -mcpu=ares+crypto+noprofile+dotprod+noi8mm+nosve 
-- ARM detected
-- Configuring done
-- Generating done
-- Build files have been written to: /home/ggml/work/ggml/build-ci-debug

real	0m1.776s
user	0m1.141s
sys	0m0.446s
+ make -j
[  2%] Building C object src/CMakeFiles/ggml-base.dir/ggml.c.o
[  2%] Building CXX object examples/CMakeFiles/common.dir/common.cpp.o
[  5%] Building CXX object src/CMakeFiles/ggml-base.dir/ggml-backend.cpp.o
[  5%] Building CXX object src/CMakeFiles/ggml-base.dir/ggml-opt.cpp.o
[  5%] Building C object src/CMakeFiles/ggml-base.dir/ggml-alloc.c.o
[  7%] Building C object src/CMakeFiles/ggml-base.dir/ggml-quants.c.o
[  7%] Building CXX object src/CMakeFiles/ggml-base.dir/ggml-threading.cpp.o
[  8%] Building CXX object src/CMakeFiles/ggml-base.dir/gguf.cpp.o
[  9%] Linking CXX static library libcommon.a
[  9%] Built target common
[ 10%] Linking CXX shared library libggml-base.so
[ 10%] Built target ggml-base
[ 11%] Building C object src/CMakeFiles/ggml-cpu.dir/ggml-cpu/ggml-cpu.c.o
[ 13%] Building CXX object src/CMakeFiles/ggml-cpu.dir/ggml-cpu/ggml-cpu-aarch64.cpp.o
[ 13%] Building CXX object src/CMakeFiles/ggml-cpu.dir/ggml-cpu/ggml-cpu.cpp.o
[ 15%] Building CXX object src/CMakeFiles/ggml-cpu.dir/ggml-cpu/ggml-cpu-hbm.cpp.o
[ 16%] Building CXX object src/CMakeFiles/ggml-cpu.dir/ggml-cpu/ggml-cpu-traits.cpp.o
[ 16%] Building C object src/CMakeFiles/ggml-cpu.dir/ggml-cpu/ggml-cpu-quants.c.o
[ 18%] Building CXX object src/CMakeFiles/ggml-cpu.dir/ggml-cpu/amx/mmq.cpp.o
[ 18%] Building CXX object src/CMakeFiles/ggml-cpu.dir/ggml-cpu/amx/amx.cpp.o
[ 19%] Linking CXX shared library libggml-cpu.so
[ 19%] Built target ggml-cpu
[ 20%] Building CXX object src/CMakeFiles/ggml.dir/ggml-backend-reg.cpp.o
[ 21%] Linking CXX shared library libggml.so
[ 21%] Built target ggml
[ 22%] Building CXX object tests/CMakeFiles/test-opt.dir/test-opt.cpp.o
[ 23%] Building C object tests/CMakeFiles/test-vec0.dir/test-vec0.c.o
[ 24%] Building CXX object tests/CMakeFiles/test-quantize-fns.dir/test-quantize-fns.cpp.o
[ 26%] Building C object tests/CMakeFiles/test-mul-mat2.dir/test-mul-mat2.c.o
[ 26%] Building CXX object tests/CMakeFiles/test-quantize-perf.dir/test-quantize-perf.cpp.o
[ 27%] Building C object tests/CMakeFiles/test0.dir/test0.c.o
[ 28%] Building C object tests/CMakeFiles/test-pool.dir/test-pool.c.o
[ 29%] Building C object tests/CMakeFiles/test-mul-mat0.dir/test-mul-mat0.c.o
[ 30%] Building CXX object tests/CMakeFiles/test-timestep_embedding.dir/test-timestep_embedding.cpp.o
[ 31%] Building CXX object tests/CMakeFiles/test-arange.dir/test-arange.cpp.o
[ 32%] Linking C executable ../bin/test-vec0
[ 33%] Building CXX object tests/CMakeFiles/test-pad-reflect-1d.dir/test-pad-reflect-1d.cpp.o
[ 34%] Building C object tests/CMakeFiles/test-conv-transpose.dir/test-conv-transpose.c.o
[ 35%] Building CXX object tests/CMakeFiles/test-conv-transpose-1d.dir/test-conv-transpose-1d.cpp.o
[ 36%] Built target test-vec0
[ 36%] Building C object tests/CMakeFiles/test-dup.dir/test-dup.c.o
[ 37%] Building C object tests/CMakeFiles/test-rel-pos.dir/test-rel-pos.c.o
[ 38%] Building C object tests/CMakeFiles/test-customop.dir/test-customop.c.o
[ 39%] Building CXX object tests/CMakeFiles/test-conv1d.dir/test-conv1d.cpp.o
[ 40%] Linking C executable ../bin/test0
[ 41%] Building CXX object examples/yolo/CMakeFiles/yolov3-tiny.dir/yolo-image.cpp.o
[ 42%] Building CXX object tests/CMakeFiles/test-backend-ops.dir/test-backend-ops.cpp.o
[ 43%] Building CXX object examples/mnist/CMakeFiles/mnist-common.dir/mnist-common.cpp.o
[ 44%] Building CXX object examples/yolo/CMakeFiles/yolov3-tiny.dir/yolov3-tiny.cpp.o
[ 45%] Building CXX object tests/CMakeFiles/test-conv2d.dir/test-conv2d.cpp.o
[ 46%] Building CXX object examples/CMakeFiles/common-ggml.dir/common-ggml.cpp.o
[ 47%] Linking C executable ../bin/test-mul-mat0
[ 48%] Linking CXX executable ../bin/test-arange
[ 50%] Building CXX object tests/CMakeFiles/test-mul-mat.dir/test-mul-mat.cpp.o
[ 51%] Building C object tests/CMakeFiles/test-cont.dir/test-cont.c.o
[ 52%] Building CXX object examples/sam/CMakeFiles/sam.dir/main.cpp.o
[ 53%] Building CXX object examples/simple/CMakeFiles/simple-ctx.dir/simple-ctx.cpp.o
[ 54%] Linking C executable ../bin/test-dup
[ 55%] Linking C executable ../bin/test-conv-transpose
[ 56%] Linking CXX executable ../bin/test-pad-reflect-1d
[ 57%] Linking C executable ../bin/test-pool
[ 58%] Building CXX object examples/simple/CMakeFiles/simple-backend.dir/simple-backend.cpp.o
[ 59%] Linking C executable ../bin/test-rel-pos
[ 60%] Linking C executable ../bin/test-customop
[ 60%] Built target test0
[ 60%] Built target test-mul-mat0
[ 60%] Built target test-rel-pos
[ 60%] Built target test-arange
[ 60%] Built target test-conv-transpose
[ 60%] Built target test-dup
[ 60%] Built target test-customop
[ 61%] Linking C executable ../bin/test-cont
[ 61%] Built target test-pad-reflect-1d
[ 61%] Built target test-pool
[ 62%] Linking C executable ../bin/test-mul-mat2
[ 62%] Built target test-cont
[ 63%] Linking CXX executable ../bin/test-timestep_embedding
[ 63%] Built target test-mul-mat2
[ 64%] Linking CXX executable ../bin/test-quantize-fns
[ 64%] Built target test-timestep_embedding
[ 64%] Built target test-quantize-fns
[ 65%] Linking CXX executable ../bin/test-quantize-perf
[ 66%] Linking CXX executable ../bin/test-conv1d
[ 67%] Linking CXX executable ../bin/test-conv-transpose-1d
/home/ggml/work/ggml/examples/yolo/yolov3-tiny.cpp: In function ‘bool load_model(const string&, yolo_model&)’:
/home/ggml/work/ggml/examples/yolo/yolov3-tiny.cpp:106:29: error: variable ‘load_model(const string&, yolo_model&)::gguf_init_params gguf_params’ has initializer but incomplete type
  106 |     struct gguf_init_params gguf_params = {
      |                             ^~~~~~~~~~~
/home/ggml/work/ggml/examples/yolo/yolov3-tiny.cpp:110:5: error: ‘gguf_context’ was not declared in this scope; did you mean ‘ggml_context’?
  110 |     gguf_context * gguf_ctx = gguf_init_from_file(fname.c_str(), gguf_params);
      |     ^~~~~~~~~~~~
      |     ggml_context
/home/ggml/work/ggml/examples/yolo/yolov3-tiny.cpp:110:20: error: ‘gguf_ctx’ was not declared in this scope
  110 |     gguf_context * gguf_ctx = gguf_init_from_file(fname.c_str(), gguf_params);
      |                    ^~~~~~~~
/home/ggml/work/ggml/examples/yolo/yolov3-tiny.cpp:110:31: error: ‘gguf_init_from_file’ was not declared in this scope
  110 |     gguf_context * gguf_ctx = gguf_init_from_file(fname.c_str(), gguf_params);
      |                               ^~~~~~~~~~~~~~~~~~~
/home/ggml/work/ggml/examples/yolo/yolov3-tiny.cpp:116:23: error: ‘gguf_get_n_tensors’ was not declared in this scope; did you mean ‘ggml_get_tensor’?
  116 |     int num_tensors = gguf_get_n_tensors(gguf_ctx);
      |                       ^~~~~~~~~~~~~~~~~~
      |                       ggml_get_tensor
/home/ggml/work/ggml/examples/yolo/yolov3-tiny.cpp:124:29: error: ‘gguf_get_tensor_name’ was not declared in this scope; did you mean ‘ggml_get_tensor’?
  124 |         const char * name = gguf_get_tensor_name(gguf_ctx, i);
      |                             ^~~~~~~~~~~~~~~~~~~~
      |                             ggml_get_tensor
/home/ggml/work/ggml/examples/yolo/yolov3-tiny.cpp:136:5: error: ‘gguf_free’ was not declared in this scope; did you mean ‘ggml_free’?
  136 |     gguf_free(gguf_ctx);
      |     ^~~~~~~~~
      |     ggml_free
make[2]: *** [examples/yolo/CMakeFiles/yolov3-tiny.dir/build.make:76: examples/yolo/CMakeFiles/yolov3-tiny.dir/yolov3-tiny.cpp.o] Error 1
make[1]: *** [CMakeFiles/Makefile2:1422: examples/yolo/CMakeFiles/yolov3-tiny.dir/all] Error 2
make[1]: *** Waiting for unfinished jobs....
[ 67%] Built target test-quantize-perf
[ 67%] Built target test-conv1d
[ 68%] Linking CXX executable ../../bin/simple-ctx
[ 69%] Linking CXX executable ../bin/test-mul-mat
[ 69%] Built target test-conv-transpose-1d
[ 70%] Linking CXX executable ../../bin/simple-backend
[ 71%] Linking CXX executable ../bin/test-opt
[ 72%] Linking CXX executable ../bin/test-conv2d
[ 72%] Built target simple-ctx
[ 72%] Built target test-mul-mat
[ 72%] Built target simple-backend
[ 72%] Built target test-opt
[ 72%] Built target test-conv2d
/home/ggml/work/ggml/examples/mnist/mnist-common.cpp: In function ‘bool load_from_gguf(const char*, ggml_context*, gguf_context*)’:
/home/ggml/work/ggml/examples/mnist/mnist-common.cpp:95:27: error: ‘gguf_get_n_tensors’ was not declared in this scope; did you mean ‘ggml_get_tensor’?
   95 |     const int n_tensors = gguf_get_n_tensors(ctx_gguf);
      |                           ^~~~~~~~~~~~~~~~~~
      |                           ggml_get_tensor
/home/ggml/work/ggml/examples/mnist/mnist-common.cpp:97:29: error: ‘gguf_get_tensor_name’ was not declared in this scope; did you mean ‘ggml_get_tensor’?
   97 |         const char * name = gguf_get_tensor_name(ctx_gguf, i);
      |                             ^~~~~~~~~~~~~~~~~~~~
      |                             ggml_get_tensor
/home/ggml/work/ggml/examples/mnist/mnist-common.cpp:104:29: error: ‘gguf_get_data_offset’ was not declared in this scope; did you mean ‘ggml_get_data_f32’?
  104 |         const size_t offs = gguf_get_data_offset(ctx_gguf) + gguf_get_tensor_offset(ctx_gguf, i);
      |                             ^~~~~~~~~~~~~~~~~~~~
      |                             ggml_get_data_f32
/home/ggml/work/ggml/examples/mnist/mnist-common.cpp:104:62: error: ‘gguf_get_tensor_offset’ was not declared in this scope
  104 |         const size_t offs = gguf_get_data_offset(ctx_gguf) + gguf_get_tensor_offset(ctx_gguf, i);
      |                                                              ^~~~~~~~~~~~~~~~~~~~~~
/home/ggml/work/ggml/examples/mnist/mnist-common.cpp: In function ‘mnist_model mnist_model_init_from_file(const string&, const string&, int, int)’:
/home/ggml/work/ggml/examples/mnist/mnist-common.cpp:137:33: error: variable ‘mnist_model_init_from_file(const string&, const string&, int, int)::gguf_init_params params’ has initializer but incomplete type
  137 |         struct gguf_init_params params = {
      |                                 ^~~~~~
/home/ggml/work/ggml/examples/mnist/mnist-common.cpp:141:15: error: ‘gguf_init_from_file’ was not declared in this scope
  141 |         ctx = gguf_init_from_file(fname.c_str(), params);
      |               ^~~~~~~~~~~~~~~~~~~
/home/ggml/work/ggml/examples/mnist/mnist-common.cpp:147:40: error: ‘gguf_find_key’ was not declared in this scope
  147 |     model.arch = gguf_get_val_str(ctx, gguf_find_key(ctx, "general.architecture"));
      |                                        ^~~~~~~~~~~~~
/home/ggml/work/ggml/examples/mnist/mnist-common.cpp:147:18: error: ‘gguf_get_val_str’ was not declared in this scope
  147 |     model.arch = gguf_get_val_str(ctx, gguf_find_key(ctx, "general.architecture"));
      |                  ^~~~~~~~~~~~~~~~
/home/ggml/work/ggml/examples/mnist/mnist-common.cpp: In function ‘void mnist_model_save(mnist_model&, const string&)’:
/home/ggml/work/ggml/examples/mnist/mnist-common.cpp:426:31: error: ‘gguf_init_empty’ was not declared in this scope; did you mean ‘ggml_is_empty’?
  426 |     gguf_context * gguf_ctx = gguf_init_empty();
      |                               ^~~~~~~~~~~~~~~
      |                               ggml_is_empty
/home/ggml/work/ggml/examples/mnist/mnist-common.cpp:427:5: error: ‘gguf_set_val_str’ was not declared in this scope
  427 |     gguf_set_val_str(gguf_ctx, "general.architecture", model.arch.c_str());
      |     ^~~~~~~~~~~~~~~~
/home/ggml/work/ggml/examples/mnist/mnist-common.cpp:441:9: error: ‘gguf_add_tensor’ was not declared in this scope; did you mean ‘ggml_new_tensor’?
  441 |         gguf_add_tensor(gguf_ctx, copy);
      |         ^~~~~~~~~~~~~~~
      |         ggml_new_tensor
/home/ggml/work/ggml/examples/mnist/mnist-common.cpp:443:5: error: ‘gguf_write_to_file’ was not declared in this scope
  443 |     gguf_write_to_file(gguf_ctx, fname.c_str(), false);
      |     ^~~~~~~~~~~~~~~~~~
/home/ggml/work/ggml/examples/mnist/mnist-common.cpp:446:5: error: ‘gguf_free’ was not declared in this scope; did you mean ‘ggml_free’?
  446 |     gguf_free(gguf_ctx);
      |     ^~~~~~~~~
      |     ggml_free
make[2]: *** [examples/mnist/CMakeFiles/mnist-common.dir/build.make:76: examples/mnist/CMakeFiles/mnist-common.dir/mnist-common.cpp.o] Error 1
make[1]: *** [CMakeFiles/Makefile2:1304: examples/mnist/CMakeFiles/mnist-common.dir/all] Error 2
[ 73%] Linking CXX executable ../../bin/sam
[ 73%] Built target sam
[ 74%] Linking CXX static library libcommon-ggml.a
[ 75%] Linking CXX executable ../bin/test-backend-ops
[ 75%] Built target common-ggml
[ 75%] Built target test-backend-ops
make: *** [Makefile:146: all] Error 2

real	0m9.749s
user	0m31.006s
sys	0m4.682s
