+ ctest --output-on-failure -E test-opt
Test project /Users/ggml/work/ggml/build-ci-debug
      Start  1: test-grad0
 1/21 Test  #1: test-grad0 .......................   Passed    1.32 sec
      Start  2: test-quantize-fns
 2/21 Test  #2: test-quantize-fns ................   Passed    0.29 sec
      Start  3: test-quantize-perf
 3/21 Test  #3: test-quantize-perf ...............   Passed    0.38 sec
      Start  4: test-mul-mat0
 4/21 Test  #4: test-mul-mat0 ....................   Passed    0.35 sec
      Start  5: test-blas0
 5/21 Test  #5: test-blas0 .......................   Passed    0.18 sec
      Start  6: test-mul-mat2
 6/21 Test  #6: test-mul-mat2 ....................   Passed    8.86 sec
      Start  7: test0
 7/21 Test  #7: test0 ............................   Passed    0.16 sec
      Start  8: test1
 8/21 Test  #8: test1 ............................   Passed    0.17 sec
      Start  9: test2
 9/21 Test  #9: test2 ............................   Passed    0.19 sec
      Start 10: test3
10/21 Test #10: test3 ............................   Passed    0.20 sec
      Start 11: test-pool
11/21 Test #11: test-pool ........................   Passed    0.20 sec
      Start 12: test-conv-transpose
12/21 Test #12: test-conv-transpose ..............   Passed    0.17 sec
      Start 13: test-dup
13/21 Test #13: test-dup .........................   Passed    0.17 sec
      Start 14: test-rel-pos
14/21 Test #14: test-rel-pos .....................   Passed    0.19 sec
      Start 15: test-customop
15/21 Test #15: test-customop ....................   Passed    0.17 sec
      Start 16: test-xpos
16/21 Test #16: test-xpos ........................   Passed    0.17 sec
      Start 17: test-conv1d
17/21 Test #17: test-conv1d ......................   Passed    0.28 sec
      Start 18: test-conv2d
18/21 Test #18: test-conv2d ......................Subprocess aborted***Exception:   0.24 sec
load_model: using Metal backend
ggml_metal_init: allocating
ggml_metal_init: found device: Apple M1
ggml_metal_init: picking default device: Apple M1
ggml_metal_init: default.metallib not found, loading from source
ggml_metal_init: GGML_METAL_PATH_RESOURCES = /Users/ggml/work/ggml/build-ci-debug/bin
ggml_metal_init: loading '/Users/ggml/work/ggml/build-ci-debug/bin/ggml-metal.metal'
ggml_metal_init: GPU name:   Apple M1
ggml_metal_init: GPU family: MTLGPUFamilyApple7  (1007)
ggml_metal_init: GPU family: MTLGPUFamilyCommon3 (3003)
ggml_metal_init: GPU family: MTLGPUFamilyMetal3  (5001)
ggml_metal_init: simdgroup reduction support   = true
ggml_metal_init: simdgroup matrix mul. support = true
ggml_metal_init: hasUnifiedMemory              = true
ggml_metal_init: recommendedMaxWorkingSetSize  =  5726.63 MB
ggml_backend_metal_buffer_type_alloc_buffer: allocated buffer, size =     0.02 MiB, (    1.64 /  5461.34)
ggml_backend_metal_buffer_type_alloc_buffer: allocated buffer, size =     0.02 MiB, (    1.66 /  5461.34)
ggml_backend_metal_buffer_type_alloc_buffer: allocated buffer, size =     0.03 MiB, (    1.67 /  5461.34)
main: compute buffer size: 0.02 MB
ggml_metal_graph_compute: error: unable to start capture 'Capturing is not supported.'
load_model: ggml tensor size    = 368 bytes
load_model: backend buffer size = 0.00 MB
GGML_ASSERT: /Users/ggml/work/ggml/src/ggml-metal.m:699: !"capture failed"

      Start 19: test-mul-mat
19/21 Test #19: test-mul-mat .....................   Passed    0.24 sec
      Start 20: test-backend-buffer
20/21 Test #20: test-backend-buffer ..............   Passed    0.24 sec
      Start 21: test-backend-ops
21/21 Test #21: test-backend-ops .................   Passed  160.37 sec

95% tests passed, 1 tests failed out of 21

Total Test time (real) = 174.58 sec

The following tests FAILED:
	 18 - test-conv2d (Subprocess aborted)
Errors while running CTest
