+ make -j
[  4%] Building C object src/CMakeFiles/ggml.dir/ggml-alloc.c.o
[  2%] Building CXX object examples/CMakeFiles/common.dir/common.cpp.o
[  4%] Building C object src/CMakeFiles/ggml.dir/ggml-backend.c.o
[  4%] Building C object src/CMakeFiles/ggml.dir/ggml-quants.c.o
[  4%] Building C object src/CMakeFiles/ggml.dir/ggml.c.o
/home/ggml/work/ggml/src/ggml-quants.c: In function ‘ggml_vec_dot_q2_K_q8_K’:
/home/ggml/work/ggml/src/ggml-quants.c:3675:41: warning: missing braces around initializer [-Wmissing-braces]
 3675 |         const ggml_int16x8x2_t mins16 = {vreinterpretq_s16_u16(vmovl_u8(vget_low_u8(mins))), vreinterpretq_s16_u16(vmovl_u8(vget_high_u8(mins)))};
      |                                         ^
      |                                          {                                                                                                      }
/home/ggml/work/ggml/src/ggml-quants.c: In function ‘ggml_vec_dot_q6_K_q8_K’:
/home/ggml/work/ggml/src/ggml-quants.c:6624:43: warning: missing braces around initializer [-Wmissing-braces]
 6624 |         const ggml_int16x8x2_t q6scales = {vmovl_s8(vget_low_s8(scales)), vmovl_s8(vget_high_s8(scales))};
      |                                           ^
      |                                            {                                                            }
[  5%] Linking C shared library libggml.so
[  5%] Built target ggml
[  8%] Building CXX object tests/CMakeFiles/test-grad0.dir/test-grad0.cpp.o
[  8%] Building C object tests/CMakeFiles/test-vec0.dir/test-vec0.c.o
[  8%] Building CXX object tests/CMakeFiles/test-opt.dir/test-opt.cpp.o
[  9%] Building CXX object tests/CMakeFiles/test-quantize-fns.dir/test-quantize-fns.cpp.o
[ 10%] Building C object tests/CMakeFiles/test-mul-mat0.dir/test-mul-mat0.c.o
[ 11%] Building CXX object tests/CMakeFiles/test-quantize-perf.dir/test-quantize-perf.cpp.o
[ 12%] Building C object tests/CMakeFiles/test-mul-mat2.dir/test-mul-mat2.c.o
[ 13%] Building C object tests/CMakeFiles/test3.dir/test3.c.o
[ 14%] Building C object tests/CMakeFiles/test2.dir/test2.c.o
[ 15%] Building C object tests/CMakeFiles/test1.dir/test1.c.o
[ 16%] Building C object tests/CMakeFiles/test0.dir/test0.c.o
[ 17%] Building C object tests/CMakeFiles/test-conv-transpose.dir/test-conv-transpose.c.o
[ 18%] Linking C executable ../bin/test-vec0
[ 19%] Building C object tests/CMakeFiles/test-pool.dir/test-pool.c.o
[ 20%] Building C object tests/CMakeFiles/test-customop.dir/test-customop.c.o
[ 21%] Linking CXX executable ../bin/test-opt
[ 22%] Building C object tests/CMakeFiles/test-xpos.dir/test-xpos.c.o
[ 23%] Linking C executable ../bin/test3
[ 24%] Building C object tests/CMakeFiles/test-rel-pos.dir/test-rel-pos.c.o
[ 25%] Linking C executable ../bin/test0
[ 26%] Building CXX object tests/CMakeFiles/test-conv2d.dir/test-conv2d.cpp.o
[ 27%] Building CXX object tests/CMakeFiles/test-conv1d.dir/test-conv1d.cpp.o
[ 28%] Building CXX object examples/whisper/CMakeFiles/whisper-cpp.dir/whisper.cpp.o
[ 29%] Building CXX object tests/CMakeFiles/test-mul-mat.dir/test-mul-mat.cpp.o
[ 30%] Linking C executable ../bin/test-customop
[ 31%] Linking C executable ../bin/test2
[ 32%] Linking C executable ../bin/test-mul-mat0
[ 33%] Building CXX object examples/CMakeFiles/common-ggml.dir/common-ggml.cpp.o
[ 34%] Building CXX object examples/mnist/CMakeFiles/mnist-cpu.dir/main-cpu.cpp.o
[ 34%] Built target test-vec0
[ 35%] Linking C executable ../bin/test1
[ 36%] Linking C executable ../bin/test-conv-transpose
[ 36%] Built target test-opt
[ 36%] Built target test3
[ 37%] Linking C executable ../bin/test-pool
[ 37%] Built target test0
[ 38%] Linking C executable ../bin/test-rel-pos
[ 39%] Linking C executable ../bin/test-xpos
[ 39%] Built target test2
[ 39%] Built target test-mul-mat0
[ 39%] Built target test1
[ 40%] Linking CXX executable ../bin/test-grad0
[ 40%] Built target test-customop
[ 40%] Built target test-conv-transpose
[ 40%] Built target test-pool
[ 41%] Linking CXX executable ../bin/test-quantize-fns
[ 41%] Built target test-xpos
[ 41%] Built target test-rel-pos
[ 42%] Linking C executable ../bin/test-mul-mat2
[ 42%] Built target test-grad0
[ 42%] Built target test-quantize-fns
/home/ggml/work/ggml/tests/test-conv2d.cpp: In function ‘void load_model(test_model&, bool)’:
/home/ggml/work/ggml/tests/test-conv2d.cpp:39:26: warning: comparison of integer expressions of different signedness: ‘size_t’ {aka ‘long unsigned int’} and ‘int’ [-Wsign-compare]
   39 |     for (size_t i = 0; i < KW * KH * IC * OC; i++) {
      |                        ~~^~~~~~~~~~~~~~~~~~~
/home/ggml/work/ggml/tests/test-conv2d.cpp:49:26: warning: comparison of integer expressions of different signedness: ‘size_t’ {aka ‘long unsigned int’} and ‘int’ [-Wsign-compare]
   49 |     for (size_t i = 0; i < IW * IH * IC * N; i++) {
      |                        ~~^~~~~~~~~~~~~~~~~~
/home/ggml/work/ggml/tests/test-conv1d.cpp: In function ‘void load_model(test_model&, bool)’:
/home/ggml/work/ggml/tests/test-conv1d.cpp:39:26: warning: comparison of integer expressions of different signedness: ‘size_t’ {aka ‘long unsigned int’} and ‘int’ [-Wsign-compare]
   39 |     for (size_t i = 0; i < K * IC * OC; i++) {
      |                        ~~^~~~~~~~~~~~~
/home/ggml/work/ggml/tests/test-conv1d.cpp:49:26: warning: comparison of integer expressions of different signedness: ‘size_t’ {aka ‘long unsigned int’} and ‘int’ [-Wsign-compare]
   49 |     for (size_t i = 0; i < IL * IC * N; i++) {
      |                        ~~^~~~~~~~~~~~~
/home/ggml/work/ggml/tests/test-conv1d.cpp: In function ‘int main()’:
/home/ggml/work/ggml/tests/test-conv1d.cpp:281:27: warning: format ‘%i’ expects argument of type ‘int’, but argument 2 has type ‘int64_t’ {aka ‘long int’} [-Wformat=]
  281 |     printf("ggml_im2col (%i): %s\n", ggml_nelements(im2col_res), passed && (ggml_nelements(im2col_res) == n_im2col_test) ? "\033[32mPASSED\033[0m" : "\033[31mFAILED\033[0m");
      |                          ~^          ~~~~~~~~~~~~~~~~~~~~~~~~~~
      |                           |                        |
      |                           int                      int64_t {aka long int}
      |                          %li
/home/ggml/work/ggml/tests/test-conv1d.cpp:291:27: warning: format ‘%i’ expects argument of type ‘int’, but argument 2 has type ‘int64_t’ {aka ‘long int’} [-Wformat=]
  291 |     printf("ggml_conv1d (%i): %s\n", ggml_nelements(conv1d_res), passed && (ggml_nelements(conv1d_res) == n_conv1d_test) ? "\033[32mPASSED\033[0m" : "\033[31mFAILED\033[0m");
      |                          ~^          ~~~~~~~~~~~~~~~~~~~~~~~~~~
      |                           |                        |
      |                           int                      int64_t {aka long int}
      |                          %li
[ 42%] Built target test-mul-mat2
[ 43%] Linking CXX executable ../bin/test-mul-mat
[ 45%] Linking CXX executable ../bin/test-conv1d
[ 45%] Linking CXX executable ../bin/test-conv2d
[ 45%] Built target test-mul-mat
[ 46%] Linking CXX executable ../bin/test-quantize-perf
[ 47%] Linking CXX executable ../../bin/mnist-cpu
[ 47%] Built target test-conv2d
[ 47%] Built target test-conv1d
[ 47%] Built target mnist-cpu
[ 47%] Built target test-quantize-perf
[ 48%] Linking CXX static library libcommon.a
[ 48%] Built target common
[ 51%] Building CXX object examples/sam/CMakeFiles/sam.dir/main.cpp.o
[ 51%] Building CXX object examples/mnist/CMakeFiles/mnist-cnn.dir/main-cnn.cpp.o
[ 51%] Building CXX object examples/yolo/CMakeFiles/yolov3-tiny.dir/yolo-image.cpp.o
[ 52%] Building CXX object examples/mnist/CMakeFiles/mnist.dir/main.cpp.o
[ 53%] Building CXX object examples/yolo/CMakeFiles/yolov3-tiny.dir/yolov3-tiny.cpp.o
[ 54%] Linking CXX static library libcommon-ggml.a
[ 54%] Built target common-ggml
[ 55%] Building CXX object examples/gpt-2/CMakeFiles/gpt-2-ctx.dir/main-ctx.cpp.o
[ 56%] Building CXX object examples/gpt-2/CMakeFiles/gpt-2-alloc.dir/main-alloc.cpp.o
[ 57%] Building CXX object examples/gpt-2/CMakeFiles/gpt-2-backend.dir/main-backend.cpp.o
[ 58%] Building CXX object examples/gpt-2/CMakeFiles/gpt-2-backend2.dir/main.cpp.o
[ 59%] Building CXX object examples/gpt-2/CMakeFiles/gpt-2-quantize.dir/quantize.cpp.o
[ 60%] Building CXX object examples/gpt-j/CMakeFiles/gpt-j.dir/main.cpp.o
[ 61%] Building CXX object examples/gpt-2/CMakeFiles/gpt-2-batched.dir/main-batched.cpp.o
[ 62%] Linking CXX executable ../../bin/mnist-cnn
[ 63%] Linking CXX executable ../../bin/mnist
[ 64%] Building CXX object examples/gpt-j/CMakeFiles/gpt-j-quantize.dir/quantize.cpp.o
[ 65%] Building CXX object examples/gpt-neox/CMakeFiles/gpt-neox-quantize.dir/quantize.cpp.o
[ 66%] Building CXX object examples/whisper/CMakeFiles/whisper-quantize.dir/quantize.cpp.o
[ 67%] Building CXX object examples/dolly-v2/CMakeFiles/dollyv2-quantize.dir/quantize.cpp.o
[ 68%] Building CXX object examples/gpt-neox/CMakeFiles/gpt-neox.dir/main.cpp.o
[ 69%] Building CXX object examples/dolly-v2/CMakeFiles/dollyv2.dir/main.cpp.o
[ 70%] Building CXX object examples/starcoder/CMakeFiles/starcoder.dir/main.cpp.o
[ 72%] Building CXX object examples/mpt/CMakeFiles/mpt.dir/main.cpp.o
[ 72%] Building CXX object examples/replit/CMakeFiles/replit.dir/main.cpp.o
[ 73%] Building CXX object examples/replit/CMakeFiles/replit-quantize.dir/quantize.cpp.o
[ 74%] Building CXX object examples/mpt/CMakeFiles/mpt-quantize.dir/quantize.cpp.o
[ 74%] Building CXX object examples/starcoder/CMakeFiles/starcoder-mmap.dir/starcoder-mmap.cpp.o
[ 75%] Building CXX object examples/starcoder/CMakeFiles/starcoder-quantize.dir/quantize.cpp.o
[ 75%] Built target mnist-cnn
[ 75%] Built target mnist
[ 76%] Linking CXX executable ../../bin/yolov3-tiny
[ 76%] Built target yolov3-tiny
[ 77%] Linking CXX executable ../../bin/whisper-quantize
[ 78%] Linking CXX executable ../../bin/mpt-quantize
[ 79%] Linking CXX executable ../../bin/replit-quantize
[ 80%] Linking CXX executable ../../bin/gpt-j-quantize
[ 81%] Linking CXX executable ../../bin/gpt-neox-quantize
[ 82%] Linking CXX executable ../../bin/gpt-2-quantize
[ 83%] Linking CXX executable ../../bin/dollyv2-quantize
[ 84%] Linking CXX executable ../../bin/gpt-2-backend
[ 83%] Built target whisper-quantize
[ 84%] Built target mpt-quantize
[ 85%] Linking CXX executable ../../bin/gpt-j
[ 86%] Linking CXX executable ../../bin/gpt-2-ctx
[ 87%] Linking CXX executable ../../bin/gpt-2-alloc
[ 88%] Linking CXX executable ../../bin/dollyv2
[ 88%] Built target replit-quantize
[ 89%] Linking CXX executable ../../bin/starcoder-quantize
[ 89%] Built target gpt-neox-quantize
[ 89%] Built target dollyv2-quantize
[ 89%] Built target gpt-2-quantize
[ 90%] Linking CXX executable ../../bin/sam
[ 90%] Built target gpt-j-quantize
[ 91%] Linking CXX executable ../../bin/gpt-neox
[ 92%] Linking CXX executable ../../bin/starcoder-mmap
[ 93%] Linking CXX executable ../../bin/starcoder
[ 93%] Built target gpt-j
[ 94%] Linking CXX executable ../../bin/mpt
[ 94%] Built target gpt-2-backend
[ 94%] Built target dollyv2
[ 94%] Built target sam
[ 94%] Built target starcoder-quantize
[ 95%] Linking CXX executable ../../bin/gpt-2-batched
[ 96%] Linking CXX executable ../../bin/gpt-2-backend2
[ 96%] Built target gpt-2-ctx
[ 96%] Built target gpt-2-alloc
[ 97%] Linking CXX executable ../../bin/replit
[ 97%] Built target gpt-neox
[ 97%] Built target starcoder-mmap
[ 97%] Built target starcoder
[ 97%] Built target mpt
[ 97%] Built target gpt-2-batched
[ 97%] Built target gpt-2-backend2
[ 97%] Built target replit
[ 98%] Linking CXX static library libwhisper-cpp.a
[ 98%] Built target whisper-cpp
[ 99%] Building CXX object examples/whisper/CMakeFiles/whisper.dir/main.cpp.o
[100%] Linking CXX executable ../../bin/whisper
[100%] Built target whisper

real	0m11.585s
user	0m48.683s
sys	0m7.595s
